中国科学技术大学学位与研究生教育 - INFO	Downloading src files for 中国科学技术大学学位与研究生教育...
中国科学技术大学学位与研究生教育 - INFO	Getting the src_urls list of center https://gradschool.ustc.edu.cn//column/64...
中国科学技术大学学位与研究生教育 - INFO	Getting the src_urls list of center https://gradschool.ustc.edu.cn//column/65...
中国科学技术大学学位与研究生教育 - INFO	Getting the src_urls list of center https://gradschool.ustc.edu.cn//column/66...
中国科学技术大学学位与研究生教育 - INFO	Getting the src_urls list of center https://gradschool.ustc.edu.cn//column/67...
中国科学技术大学学位与研究生教育 - INFO	Getting the src_urls list of center https://gradschool.ustc.edu.cn//column/68...
中国科学技术大学学位与研究生教育 - INFO	Getting the src_urls list of center https://gradschool.ustc.edu.cn//column/69...
中国科学技术大学学位与研究生教育 - INFO	Getting the src_urls list of center https://gradschool.ustc.edu.cn//column/70...
中国科学技术大学学位与研究生教育 - INFO	Getting the src_urls list of center https://gradschool.ustc.edu.cn//column/178...
中国科学技术大学学位与研究生教育 - INFO	Getting the src_urls list of center https://gradschool.ustc.edu.cn//column/181...
中国科学技术大学学位与研究生教育 - INFO	Getting the src_urls list of center https://gradschool.ustc.edu.cn//column/184...
中国科学技术大学学位与研究生教育 - INFO	Getting the src_urls list of center https://gradschool.ustc.edu.cn//column/182...
中国科学技术大学学位与研究生教育 - INFO	Getting the src_urls list of center https://gradschool.ustc.edu.cn//column/185...
中国科学技术大学学位与研究生教育 - INFO	Getting the src_urls list of center https://gradschool.ustc.edu.cn//column/179...
中国科学技术大学学位与研究生教育 - INFO	Getting the src_urls list of center https://gradschool.ustc.edu.cn//column/180...
中国科学技术大学学位与研究生教育 - INFO	Getting the src_urls list of center https://gradschool.ustc.edu.cn//column/183...
中国科学技术大学学位与研究生教育 - INFO	Getting the src_urls list of center https://gradschool.ustc.edu.cn//column/186...
中国科学技术大学学位与研究生教育 - INFO	Getting the src_urls list of center https://gradschool.ustc.edu.cn/column/10...
中国科学技术大学学位与研究生教育 - INFO	>>> cache/GMH/grad/博士生硕士生在读证明模板.doc has been downloaded <<<
中国科学技术大学学位与研究生教育 - INFO	>>> cache/GMH/grad/硕博连读生在读证明模板.doc has been downloaded <<<
中国科学技术大学学位与研究生教育 - INFO	>>> cache/GMH/grad/研究生恢复入学资格申请表.docx has been downloaded <<<
中国科学技术大学学位与研究生教育 - INFO	>>> cache/GMH/grad/研究生休学、保留学籍申请表.docx has been downloaded <<<
中国科学技术大学学位与研究生教育 - INFO	>>> cache/GMH/grad/研究生退学申请表.docx has been downloaded <<<
中国科学技术大学学位与研究生教育 - INFO	>>> cache/GMH/grad/研究生保留入学资格申请表.docx has been downloaded <<<
中国科学技术大学学位与研究生教育 - INFO	>>> cache/GMH/grad/研究生复学、恢复学籍申请表.docx has been downloaded <<<
中国科学技术大学学位与研究生教育 - INFO	>>> cache/GMH/grad/研究生博转硕申请表.docx has been downloaded <<<
中国科学技术大学学位与研究生教育 - INFO	>>> cache/GMH/grad/转专业、转导师、转院系申请表.docx has been downloaded <<<
中国科学技术大学学位与研究生教育 - INFO	>>> cache/GMH/grad/导师设置研究生助研岗位汇总表.doc has been downloaded <<<
中国科学技术大学学位与研究生教育 - INFO	>>> cache/GMH/grad/研究生课程助教岗位申请表.doc has been downloaded <<<
中国科学技术大学学位与研究生教育 - INFO	>>> cache/GMH/grad/研究生助研岗位申请表.doc has been downloaded <<<
中国科学技术大学学位与研究生教育 - INFO	>>> cache/GMH/grad/毕业生登记表.doc has been downloaded <<<
中国科学技术大学学位与研究生教育 - INFO	>>> cache/GMH/grad/同等学历攻博在职研究生登记表.doc has been downloaded <<<
中国科学技术大学学位与研究生教育 - INFO	>>> cache/GMH/grad/结业生登记表.doc has been downloaded <<<
中国科学技术大学学位与研究生教育 - INFO	>>> cache/GMH/grad/研究生火车票优惠卡乘车区间变更申请表.docx has been downloaded <<<
中国科学技术大学学位与研究生教育 - INFO	>>> cache/GMH/grad/研究生证补办申请表.docx has been downloaded <<<
中国科学技术大学学位与研究生教育 - INFO	>>> cache/GMH/grad/补注册申请表.docx has been downloaded <<<
中国科学技术大学学位与研究生教育 - INFO	>>> cache/GMH/grad/研究生恢复注册申请表.docx has been downloaded <<<
中国科学技术大学学位与研究生教育 - INFO	>>> cache/GMH/grad/中国科学技术大学研究生转专业考核登记表.doc has been downloaded <<<
中国科学技术大学学位与研究生教育 - INFO	>>> cache/GMH/grad/办理研究生毕业证明书审批表.doc has been downloaded <<<
中国科学技术大学学位与研究生教育 - INFO	>>> cache/GMH/grad/研究生学业奖学金获得者汇总表.xlsx has been downloaded <<<
中国科学技术大学学位与研究生教育 - INFO	>>> cache/GMH/grad/学位论文预评审表.doc has been downloaded <<<
中国科学技术大学学位与研究生教育 - INFO	>>> cache/GMH/grad/学位论文送审申请表.doc has been downloaded <<<
中国科学技术大学学位与研究生教育 - INFO	>>> cache/GMH/grad/学位论文评审意见修改反馈表.docx has been downloaded <<<
中国科学技术大学学位与研究生教育 - INFO	>>> cache/GMH/grad/申请提前答辩研究生资格审核表.doc has been downloaded <<<
中国科学技术大学学位与研究生教育 - INFO	>>> cache/GMH/grad/中国科学技术大学博士学位论文撰写模板.doc has been downloaded <<<
中国科学技术大学学位与研究生教育 - INFO	>>> cache/GMH/grad/中国科学技术大学工程博士学位论文撰写模板.doc has been downloaded <<<
中国科学技术大学学位与研究生教育 - INFO	>>> cache/GMH/grad/中国科学技术大学硕士学位论文撰写模板.doc has been downloaded <<<
中国科学技术大学学位与研究生教育 - INFO	>>> cache/GMH/grad/中国科学技术大学专业硕士学位论文撰写模板.doc has been downloaded <<<
中国科学技术大学学位与研究生教育 - INFO	>>> cache/GMH/grad/中国科大博士学位论文自评表.doc has been downloaded <<<
中国科学技术大学学位与研究生教育 - INFO	>>> cache/GMH/grad/申请列为授予学士学位的专业简况表.doc has been downloaded <<<
中国科学技术大学学位与研究生教育 - INFO	>>> cache/GMH/grad/研究生学位论文专家答辩费发放明细单.docx has been downloaded <<<
中国科学技术大学学位与研究生教育 - INFO	>>> cache/GMH/grad/中国科学技术大学办理学位证明书审批表.doc has been downloaded <<<
中国科学技术大学学位与研究生教育 - INFO	>>> cache/GMH/grad/国务院学位委员会教育部《研究生教育学科专业目录（2022年）》学位〔2022〕15号.pdf has been downloaded <<<
中国科学技术大学学位与研究生教育 - INFO	>>> cache/GMH/grad/教育部学位授予和人才培养学科目录（2018年4月更新）.doc has been downloaded <<<
中国科学技术大学学位与研究生教育 - INFO	>>> cache/GMH/grad/中国科学院“优秀博士学位论文、院长奖获得者科研启动专项资金”申请书.doc has been downloaded <<<
中国科学技术大学学位与研究生教育 - INFO	>>> cache/GMH/grad/校研字【2018】171号-关于印发《中国科学技术大学博士硕士学位授权审核实施办法》的通知.pdf has been downloaded <<<
中国科学技术大学学位与研究生教育 - INFO	>>> cache/GMH/grad/附件5：2006年度学科评估范围.doc has been downloaded <<<
中国科学技术大学学位与研究生教育 - INFO	>>> cache/GMH/grad/附件4：2006年学科评估指标体系（理学类）.doc has been downloaded <<<
中国科学技术大学学位与研究生教育 - INFO	>>> cache/GMH/grad/附件3：学科评估汇总表.doc has been downloaded <<<
中国科学技术大学学位与研究生教育 - INFO	>>> cache/GMH/grad/附件2：学科简介.doc has been downloaded <<<
中国科学技术大学学位与研究生教育 - INFO	>>> cache/GMH/grad/附件1：学科评估简况表.doc has been downloaded <<<
中国科学技术大学学位与研究生教育 - INFO	>>> cache/GMH/grad/关于开展2006年学科评估工作的通知.doc has been downloaded <<<
中国科学技术大学学位与研究生教育 - INFO	>>> cache/GMH/grad/关于编制学科新生长点支持项目仪器设备购置预算的通知.doc has been downloaded <<<
中国科学技术大学学位与研究生教育 - INFO	>>> cache/GMH/grad/“985工程”建设“十二五”期间平台、学科新生长点支持项目申报书.doc has been downloaded <<<
中国科学技术大学学位与研究生教育 - INFO	>>> cache/GMH/grad/“985工程”建设“十二五”期间平台、学科新生长点支持项目申报通知.doc has been downloaded <<<
中国科学技术大学学位与研究生教育 - INFO	>>> cache/GMH/grad/中国科学院优秀博士学位论文推荐表.doc has been downloaded <<<
中国科学技术大学学位与研究生教育 - INFO	>>> cache/GMH/grad/中国科学院优秀博士学位论文作者简况表.doc has been downloaded <<<
中国科学技术大学学位与研究生教育 - INFO	>>> cache/GMH/grad/中国科学院优秀博士学位论文指导教师简况表.doc has been downloaded <<<
中国科学技术大学学位与研究生教育 - INFO	>>> cache/GMH/grad/中国科学院优秀博士学位论文初选名单汇总表.doc has been downloaded <<<
中国科学技术大学学位与研究生教育 - INFO	>>> 中国科学院“优秀博士学位论文、院长奖获得者科研启动专项资金”申请书.doc exists! Pass <<<
中国科学技术大学学位与研究生教育 - INFO	>>> cache/GMH/grad/工程硕士论文答辩委员会组成审核表.doc has been downloaded <<<
中国科学技术大学学位与研究生教育 - INFO	>>> cache/GMH/grad/MPA学位论文答辩情况表.doc has been downloaded <<<
中国科学技术大学学位与研究生教育 - INFO	>>> cache/GMH/grad/MPA学位论文答辩委员会组成审核表.doc has been downloaded <<<
中国科学技术大学学位与研究生教育 - INFO	>>> cache/GMH/grad/MBA学位论文评阅书.doc has been downloaded <<<
中国科学技术大学学位与研究生教育 - INFO	>>> cache/GMH/grad/MBA学位论文评阅人组成审核表.doc has been downloaded <<<
中国科学技术大学学位与研究生教育 - INFO	>>> cache/GMH/grad/MBA学位申请者审核材料清单.pdf has been downloaded <<<
中国科学技术大学学位与研究生教育 - INFO	>>> cache/GMH/grad/MBA学位申请流程图.pdf has been downloaded <<<
中国科学技术大学学位与研究生教育 - INFO	>>> cache/GMH/grad/增设工程硕士课程申请表.doc has been downloaded <<<
中国科学技术大学学位与研究生教育 - INFO	>>> cache/GMH/grad/工程硕士课程教学大纲编写要求.doc has been downloaded <<<
中国科学技术大学学位与研究生教育 - INFO	>>> cache/GMH/grad/工程硕士专业学位综合面试表格.doc has been downloaded <<<
中国科学技术大学学位与研究生教育 - INFO	>>> cache/GMH/grad/工程硕士学位论文相关声明.doc has been downloaded <<<
中国科学技术大学学位与研究生教育 - INFO	>>> cache/GMH/grad/专业硕士学位申请书.doc has been downloaded <<<
中国科学技术大学学位与研究生教育 - INFO	>>> cache/GMH/grad/工程硕士学位申请者审核材料清单.pdf has been downloaded <<<
中国科学技术大学学位与研究生教育 - INFO	>>> cache/GMH/grad/MPA教学管理附表.rar has been downloaded <<<
中国科学技术大学学位与研究生教育 - INFO	>>> cache/GMH/grad/工程硕士校外指导教师简况表.doc has been downloaded <<<
中国科学技术大学学位与研究生教育 - INFO	>>> cache/GMH/grad/MPA学位论文开题报告.doc has been downloaded <<<
中国科学技术大学学位与研究生教育 - INFO	>>> cache/GMH/grad/在职人员攻读硕士学位资格审查表.doc has been downloaded <<<
中国科学技术大学学位与研究生教育 - INFO	>>> cache/GMH/grad/工程硕士教学管理附表.rar has been downloaded <<<
中国科学技术大学学位与研究生教育 - INFO	>>> cache/GMH/grad/工程硕士生缓考申请表.doc has been downloaded <<<
中国科学技术大学学位与研究生教育 - INFO	>>> cache/GMH/grad/MPA学位论文评阅书.doc has been downloaded <<<
中国科学技术大学学位与研究生教育 - INFO	>>> cache/GMH/grad/MBA学位论文答辩委员会组成审核表.doc has been downloaded <<<
中国科学技术大学学位与研究生教育 - INFO	>>> cache/GMH/grad/工程硕士学位论文开题报告及评审表.doc has been downloaded <<<
中国科学技术大学学位与研究生教育 - INFO	>>> cache/GMH/grad/MBA学位论文答辩情况表.doc has been downloaded <<<
中国科学技术大学学位与研究生教育 - INFO	>>> cache/GMH/grad/MPA学位论文自评表.doc has been downloaded <<<
中国科学技术大学学位与研究生教育 - INFO	>>> cache/GMH/grad/工程硕士学位论文评阅书.doc has been downloaded <<<
中国科学技术大学学位与研究生教育 - INFO	>>> cache/GMH/grad/MBA学位申请书.doc has been downloaded <<<
中国科学技术大学学位与研究生教育 - INFO	>>> cache/GMH/grad/MPA学位论文评阅人组成审核表.doc has been downloaded <<<
中国科学技术大学学位与研究生教育 - INFO	>>> cache/GMH/grad/MPA学位申请书.doc has been downloaded <<<
中国科学技术大学学位与研究生教育 - INFO	>>> cache/GMH/grad/MBA学位论文相关声明.doc has been downloaded <<<
中国科学技术大学学位与研究生教育 - INFO	>>> cache/GMH/grad/工程硕士论文评阅人组成审核表.doc has been downloaded <<<
中国科学技术大学学位与研究生教育 - INFO	>>> cache/GMH/grad/MPA学位论文相关声明.doc has been downloaded <<<
中国科学技术大学学位与研究生教育 - INFO	>>> cache/GMH/grad/工程硕士学位论文自评表.doc has been downloaded <<<
中国科学技术大学学位与研究生教育 - INFO	>>> cache/GMH/grad/工程硕士培养计划.doc has been downloaded <<<
中国科学技术大学学位与研究生教育 - INFO	>>> cache/GMH/grad/中国科技大学各学位点招生博导汇总表.doc has been downloaded <<<
中国科学技术大学学位与研究生教育 - INFO	>>> cache/GMH/grad/关于全国第四轮学科评估补充事项的函（学位中心【2016】55号）.pdf has been downloaded <<<
中国科学技术大学学位与研究生教育 - INFO	>>> cache/GMH/grad/学位中心关于第四轮学科评估成果及人员归属的说明.pdf has been downloaded <<<
中国科学技术大学学位与研究生教育 - INFO	>>> cache/GMH/grad/关于查询扩展版ESI高被引论文的说明.pdf has been downloaded <<<
中国科学技术大学学位与研究生教育 - INFO	>>> cache/GMH/grad/关于查询期刊影响因子和论文被引频次的说明.pdf has been downloaded <<<
中国科学技术大学学位与研究生教育 - INFO	>>> cache/GMH/grad/关于教师工作单位调动的说明（模板）.docx has been downloaded <<<
中国科学技术大学学位与研究生教育 - INFO	>>> cache/GMH/grad/第四轮学科评估常见问题解答2016.6.13.rar has been downloaded <<<
中国科学技术大学学位与研究生教育 - INFO	>>> cache/GMH/grad/第四轮学科评估数据核查操作说明.docx has been downloaded <<<
中国科学技术大学学位与研究生教育 - INFO	>>> cache/GMH/grad/关于第四轮学科评估材料装订的建议.docx has been downloaded <<<
中国科学技术大学学位与研究生教育 - INFO	>>> cache/GMH/grad/附件5：学科评估证明材料清单.docx has been downloaded <<<
中国科学技术大学学位与研究生教育 - INFO	>>> cache/GMH/grad/全国第四轮学科评估的邀请函（学位中心[2016]42号）.pdf has been downloaded <<<
中国科学技术大学学位与研究生教育 - INFO	>>> cache/GMH/grad/附件2：第四轮学科评估指标体系及有关说明.pdf has been downloaded <<<
中国科学技术大学学位与研究生教育 - INFO	>>> 附件2：第四轮学科评估指标体系及有关说明.pdf exists! Pass <<<
中国科学技术大学学位与研究生教育 - INFO	>>> cache/GMH/grad/附件3：学科评估简况表（理学、工学门类，不含统计学学科）.doc has been downloaded <<<
中国科学技术大学学位与研究生教育 - INFO	>>> cache/GMH/grad/附件3：学科评估简况表（管理学门类、统计学学科）.doc has been downloaded <<<
中国科学技术大学学位与研究生教育 - INFO	>>> cache/GMH/grad/附件5：参评学科汇总表.pdf has been downloaded <<<
中国科学技术大学学位与研究生教育 - INFO	>>> cache/GMH/grad/附件2：第四轮学科评估指标体系.pdf has been downloaded <<<
中国科学技术大学学位与研究生教育 - INFO	>>> cache/GMH/grad/中国科学技术大学教材选用审批表.docx has been downloaded <<<
中国科学技术大学学位与研究生教育 - INFO	>>> cache/GMH/grad/研究生课程退选单.doc has been downloaded <<<
中国科学技术大学学位与研究生教育 - INFO	>>> cache/GMH/grad/研究生课程安排变动、调课申请表.doc has been downloaded <<<
中国科学技术大学学位与研究生教育 - INFO	>>> cache/GMH/grad/增设研究生课程申请表.doc has been downloaded <<<
中国科学技术大学学位与研究生教育 - INFO	>>> cache/GMH/grad/著作权转让意向声明.doc has been downloaded <<<
中国科学技术大学学位与研究生教育 - INFO	>>> cache/GMH/grad/研究生教材出版项目申请表.doc has been downloaded <<<
中国科学技术大学学位与研究生教育 - INFO	>>> cache/GMH/grad/研究生教学用书申报表.doc has been downloaded <<<
中国科学技术大学学位与研究生教育 - INFO	>>> cache/GMH/grad/研究生课程教材、讲义胶印报送单.doc has been downloaded <<<
中国科学技术大学学位与研究生教育 - INFO	>>> cache/GMH/grad/研究生课程进修申请表.doc has been downloaded <<<
中国科学技术大学学位与研究生教育 - INFO	>>> cache/GMH/grad/研究生课程开课计划表.doc has been downloaded <<<
中国科学技术大学学位与研究生教育 - INFO	>>> cache/GMH/grad/研究生课程考试试卷胶印报送单.doc has been downloaded <<<
中国科学技术大学学位与研究生教育 - INFO	>>> cache/GMH/grad/研究生课程调整申请表.doc has been downloaded <<<
中国科学技术大学学位与研究生教育 - INFO	>>> cache/GMH/grad/研究生试卷装订封面.doc has been downloaded <<<
中国科学技术大学学位与研究生教育 - INFO	>>> cache/GMH/grad/研究生培养方案制（修）订形式审查备案表.docx has been downloaded <<<
中国科学技术大学学位与研究生教育 - INFO	>>> cache/GMH/grad/研究生中期进展报告样表、评审表.docx has been downloaded <<<
中国科学技术大学学位与研究生教育 - INFO	>>> cache/GMH/grad/研究生开题报告样表、评审表.doc has been downloaded <<<
中国科学技术大学学位与研究生教育 - INFO	>>> cache/GMH/grad/研究生培养计划和成绩登记表2020版.doc has been downloaded <<<
中国科学技术大学学位与研究生教育 - INFO	>>> cache/GMH/grad/研究生培养计划和成绩登记表（化学院）.doc has been downloaded <<<
中国科学技术大学学位与研究生教育 - INFO	>>> cache/GMH/grad/研究生培养计划和成绩登记表.doc has been downloaded <<<
中国科学技术大学学位与研究生教育 - INFO	>>> cache/GMH/grad/教学大纲编写要求.doc has been downloaded <<<
中国科学技术大学学位与研究生教育 - INFO	>>> cache/GMH/grad/研究生学位论文开题报告.doc has been downloaded <<<
中国科学技术大学学位与研究生教育 - INFO	>>> cache/GMH/grad/研究生学位论文开题报告评审表.doc has been downloaded <<<
中国科学技术大学学位与研究生教育 - INFO	>>> cache/GMH/grad/研究生综合知识答辩评议表.doc has been downloaded <<<
中国科学技术大学学位与研究生教育 - INFO	>>> cache/GMH/grad/博士论文创优支持计划申请书.doc has been downloaded <<<
中国科学技术大学学位与研究生教育 - INFO	>>> cache/GMH/grad/博士生参加国际学术会议资助项目申请书.doc has been downloaded <<<
中国科学技术大学学位与研究生教育 - INFO	>>> cache/GMH/grad/研究生教育创新计划项目结题报告书.doc has been downloaded <<<
中国科学技术大学学位与研究生教育 - INFO	>>> cache/GMH/grad/研究生教育创新项目实施计划书.doc has been downloaded <<<
中国科学技术大学学位与研究生教育 - INFO	>>> cache/GMH/grad/中国科大研究生教育创新计划项目申请书.doc has been downloaded <<<
中国科学技术大学学位与研究生教育 - INFO	>>> cache/GMH/grad/中国科大研究生教育创新计划项目中期检查表.doc has been downloaded <<<
中国科学技术大学学位与研究生教育 - INFO	>>> cache/GMH/grad/安徽省高等学校省级教学研究项目申请书.doc has been downloaded <<<
中国科学技术大学学位与研究生教育 - INFO	>>> cache/GMH/grad/高等教育和教学研究计划项目申请书.doc has been downloaded <<<
中国科学技术大学学位与研究生教育 - INFO	>>> cache/GMH/grad/研究生教学研究立项项目结题简表.doc has been downloaded <<<
中国科学技术大学学位与研究生教育 - INFO	>>> cache/GMH/grad/研究生教学研究立项项目进展报告表.doc has been downloaded <<<
中国科学技术大学学位与研究生教育 - INFO	>>> cache/GMH/grad/研究生教学研究项目立项申请书.doc has been downloaded <<<
中国科学技术大学学位与研究生教育 - INFO	>>> cache/GMH/grad/研究生教学研究项目任务书.doc has been downloaded <<<
中国科学技术大学学位与研究生教育 - INFO	>>> cache/GMH/grad/中国科学技术大学优秀教学成果奖申报书.doc has been downloaded <<<
中国科学技术大学学位与研究生教育 - INFO	>>> cache/GMH/grad/中国科学院教育教学成果奖申请书.doc has been downloaded <<<
中国科学技术大学学位与研究生教育 - INFO	>>> cache/GMH/grad/聘请专家讲课、讲座申请表.doc has been downloaded <<<
中国科学技术大学学位与研究生教育 - INFO	>>> cache/GMH/grad/研究生课程拟外聘、返聘教员推荐表.doc has been downloaded <<<
中国科学技术大学学位与研究生教育 - INFO	>>> cache/GMH/grad/代培研究生成绩单(中英文).doc has been downloaded <<<
中国科学技术大学学位与研究生教育 - INFO	>>> cache/GMH/grad/结业证书和进修证书翻译模板.doc has been downloaded <<<
中国科学技术大学学位与研究生教育 - INFO	>>> cache/GMH/grad/研究生成绩单(中英文).doc has been downloaded <<<
中国科学技术大学学位与研究生教育 - INFO	>>> cache/GMH/grad/研究生成绩登记表.doc has been downloaded <<<
中国科学技术大学学位与研究生教育 - INFO	>>> cache/GMH/grad/派遣信（资助证明）.doc has been downloaded <<<
中国科学技术大学学位与研究生教育 - INFO	>>> 博士生参加国际学术会议资助项目申请书.doc exists! Pass <<<
中国科学技术大学学位与研究生教育 - INFO	>>> cache/GMH/grad/內地的中國居民赴港工作同意書.doc has been downloaded <<<
中国科学技术大学学位与研究生教育 - INFO	>>> cache/GMH/grad/中国科学技术大学研究生公派赴台湾地区审批表.doc has been downloaded <<<
中国科学技术大学学位与研究生教育 - INFO	>>> cache/GMH/grad/英语授课计划课酬领取审批表.docx has been downloaded <<<
中国科学技术大学学位与研究生教育 - INFO	>>> cache/GMH/grad/中国科学技术大学英文授课延续申请表.docx has been downloaded <<<
中国科学技术大学学位与研究生教育 - INFO	>>> cache/GMH/grad/国家奖学金附件.doc has been downloaded <<<
中国科学技术大学学位与研究生教育 - INFO	>>> cache/GMH/grad/EndNote,RefViz,Quosa入门指南.rar has been downloaded <<<
中国科学技术大学学位与研究生教育 - INFO	>>> cache/GMH/grad/参加德国诺贝尔奖获得者大会遴选申请简表.doc has been downloaded <<<
中国科学技术大学学位与研究生教育 - INFO	>>> cache/GMH/grad/高校教师资格认定申请表附件—教学任务书.doc has been downloaded <<<
中国科学技术大学学位与研究生教育 - INFO	>>> cache/GMH/grad/研究生学术论坛报名登记表.doc has been downloaded <<<
中国科学技术大学学位与研究生教育 - INFO	>>> cache/GMH/grad/研究生学术论坛论文格式要求.doc has been downloaded <<<
中国科学技术大学学位与研究生教育 - INFO	>>> cache/GMH/grad/我校召开2025年全国硕士研究生招生考试中国科大考点部门协调会.txt has been downloaded <<<
中国科学技术大学学位与研究生教育 - INFO	>>> cache/GMH/grad/我校召开第九届校学位评定委员会第十六次工作会议.txt has been downloaded <<<
中国科学技术大学学位与研究生教育 - INFO	>>> cache/GMH/grad/学校组织召开2024年秋季学期第三次研究生教育分管院长工作会议.txt has been downloaded <<<
中国科学技术大学学位与研究生教育 - INFO	>>> cache/GMH/grad/中国科学技术大学—香港城市大学联培博士研究生项目交流会在我校顺利举行.txt has been downloaded <<<
中国科学技术大学学位与研究生教育 - INFO	>>> cache/GMH/grad/学校召开2024年苏州地区“一院两所”研究生导师培训交流研讨会.txt has been downloaded <<<
中国科学技术大学学位与研究生教育 - INFO	>>> cache/GMH/grad/中国科学技术大学获批生物与医药专业博士学位授权点.txt has been downloaded <<<
中国科学技术大学学位与研究生教育 - INFO	>>> cache/GMH/grad/苏淳教授为我校师生做“求学之路”专题报告.txt has been downloaded <<<
中国科学技术大学学位与研究生教育 - INFO	>>> cache/GMH/grad/我校多名博士和导师分获2024年度中国科学院优秀博士学位论文奖和优秀导师奖.txt has been downloaded <<<
中国科学技术大学学位与研究生教育 - INFO	>>> cache/GMH/grad/学校召开秋季学期第二次研究生教育分管院长工作会议.txt has been downloaded <<<
中国科学技术大学学位与研究生教育 - INFO	>>> cache/GMH/grad/研究生院党支部与苏州高等研究院教职工第一党支部开展联合主题党日活动.txt has been downloaded <<<
中国科学技术大学学位与研究生教育 - INFO	>>> cache/GMH/grad/我校组织召开2024年秋季学期研究生教育分管院长工作会议.txt has been downloaded <<<
中国科学技术大学学位与研究生教育 - INFO	>>> cache/GMH/grad/中国科大迎来66岁生日，2024级研究生新生开学典礼举行.txt has been downloaded <<<
中国科学技术大学学位与研究生教育 - INFO	>>> cache/GMH/grad/研究生院党支部深入学习贯彻党的二十届三中全会精神及习近平总书记在全国教育大会上的重要讲话精神.txt has been downloaded <<<
中国科学技术大学学位与研究生教育 - INFO	>>> cache/GMH/grad/我校召开2025年推免及招生简章采集工作会议.txt has been downloaded <<<
