信息科学技术学院 - INFO	Downloading src files for 信息科学技术学院...
信息科学技术学院 - INFO	Getting the src_urls list of center https://sist.ustc.edu.cn/5104/list.htm...
信息科学技术学院 - INFO	Getting the src_urls list of center https://sist.ustc.edu.cn/5111/list.htm...
信息科学技术学院 - INFO	Getting the src_urls list of center https://sist.ustc.edu.cn/5128/list.htm...
信息科学技术学院 - INFO	Getting the src_urls list of center https://sist.ustc.edu.cn/5095/list.htm...
信息科学技术学院 - INFO	Getting the src_urls list of center https://sist.ustc.edu.cn/5146/list.htm...
信息科学技术学院 - INFO	Getting the src_urls list of center https://sist.ustc.edu.cn/5085/list.htm...
信息科学技术学院 - INFO	Getting the src_urls list of center https://sist.ustc.edu.cn/5079/list.htm...
信息科学技术学院 - INFO	>>> cache/GMH/sist/高水平讲座实施申请表 -2022年4月.doc has been downloaded <<<
信息科学技术学院 - INFO	>>> cache/GMH/sist/信息学院高水平学术前沿讲座实施申请表.txt has been downloaded <<<
信息科学技术学院 - INFO	>>> cache/GMH/sist/信息学院自然科学类学术报告会、研讨会审批表.doc has been downloaded <<<
信息科学技术学院 - INFO	>>> cache/GMH/sist/信息学院自然科学类学术报告会、研讨会审批表.txt has been downloaded <<<
信息科学技术学院 - INFO	>>> cache/GMH/sist/信息学院工程博士开题申请表.doc has been downloaded <<<
信息科学技术学院 - INFO	>>> cache/GMH/sist/信息学院工程博士开题申请表.txt has been downloaded <<<
信息科学技术学院 - INFO	>>> cache/GMH/sist/信息学院工程硕士专业实践总结报告及鉴定.docx has been downloaded <<<
信息科学技术学院 - INFO	>>> cache/GMH/sist/工程硕士研究生专业实践总结报告及鉴定.txt has been downloaded <<<
信息科学技术学院 - INFO	>>> cache/GMH/sist/网络安全奖学金申请书.doc has been downloaded <<<
信息科学技术学院 - INFO	>>> cache/GMH/sist/中国科学技术大学本科生参加暑期交流项目申请表.docx has been downloaded <<<
信息科学技术学院 - INFO	>>> cache/GMH/sist/缓修成绩取消申请单.doc has been downloaded <<<
信息科学技术学院 - WARNING	Page:https://sist.ustc.edu.cn//2016/0622/c5111a82717/page.htm - Article and File are both empty! pass
信息科学技术学院 - WARNING	Page:https://sist.ustc.edu.cn//2016/0622/c5111a82712/page.htm - Article and File are both empty! pass
信息科学技术学院 - WARNING	Page:https://sist.ustc.edu.cn//2016/0622/c5111a82722/page.htm - Article and File are both empty! pass
信息科学技术学院 - WARNING	Page:https://sist.ustc.edu.cn//2016/0606/c5111a82708/page.htm - Article and File are both empty! pass
信息科学技术学院 - WARNING	Page:https://sist.ustc.edu.cn//2016/0606/c5111a82706/page.htm - Article and File are both empty! pass
信息科学技术学院 - WARNING	Page:https://sist.ustc.edu.cn//2016/0526/c5111a82681/page.htm - Article and File are both empty! pass
信息科学技术学院 - WARNING	Page:https://sist.ustc.edu.cn//2016/0526/c5111a82677/page.htm - Article and File are both empty! pass
信息科学技术学院 - WARNING	Page:https://sist.ustc.edu.cn//2016/0526/c5111a82690/page.htm - Article and File are both empty! pass
信息科学技术学院 - WARNING	Page:https://sist.ustc.edu.cn//2016/0526/c5111a82691/page.htm - Article and File are both empty! pass
信息科学技术学院 - WARNING	Page:https://sist.ustc.edu.cn//2016/0526/c5111a82675/page.htm - Article and File are both empty! pass
信息科学技术学院 - WARNING	Page:https://sist.ustc.edu.cn//2016/0526/c5111a82699/page.htm - Article and File are both empty! pass
信息科学技术学院 - WARNING	Page:https://sist.ustc.edu.cn//2016/0526/c5111a82704/page.htm - Article and File are both empty! pass
信息科学技术学院 - WARNING	Page:https://sist.ustc.edu.cn//2016/0526/c5111a82686/page.htm - Article and File are both empty! pass
信息科学技术学院 - WARNING	Page:https://sist.ustc.edu.cn//2016/0526/c5111a82701/page.htm - Article and File are both empty! pass
信息科学技术学院 - WARNING	Page:https://sist.ustc.edu.cn//2016/0526/c5111a82694/page.htm - Article and File are both empty! pass
信息科学技术学院 - WARNING	Page:https://sist.ustc.edu.cn//2016/0526/c5111a82664/page.htm - Article and File are both empty! pass
信息科学技术学院 - WARNING	Page:https://sist.ustc.edu.cn//2016/0526/c5111a82673/page.htm - Article and File are both empty! pass
信息科学技术学院 - INFO	>>> cache/GMH/sist/《主题党日活动立项申请表》.docx has been downloaded <<<
信息科学技术学院 - INFO	>>> cache/GMH/sist/主题党日活动申请表.txt has been downloaded <<<
信息科学技术学院 - INFO	>>> cache/GMH/sist/信息学院党支部党员发展卡.doc has been downloaded <<<
信息科学技术学院 - INFO	>>> cache/GMH/sist/中国科学院基层党支部工作手册.pdf has been downloaded <<<
信息科学技术学院 - INFO	>>> cache/GMH/sist/信息学院党支部党员发展信息封面.doc has been downloaded <<<
信息科学技术学院 - INFO	>>> cache/GMH/sist/习近平总书记2016年七一讲话全文.doc has been downloaded <<<
信息科学技术学院 - INFO	>>> cache/GMH/sist/《习近平总书记系列重要讲话读本》知识竞赛试题及标准答案.doc has been downloaded <<<
信息科学技术学院 - INFO	>>> cache/GMH/sist/党员发展流程.txt has been downloaded <<<
信息科学技术学院 - INFO	>>> cache/GMH/sist/信息学院学研两会活动项目审批表.doc has been downloaded <<<
信息科学技术学院 - INFO	>>> cache/GMH/sist/信息科学技术学院学研两会活动项目审批表.txt has been downloaded <<<
信息科学技术学院 - INFO	>>> cache/GMH/sist/信息学院团学活动项目审批表.doc has been downloaded <<<
信息科学技术学院 - INFO	>>> cache/GMH/sist/信息科学技术学院团学活动项目审批表.txt has been downloaded <<<
信息科学技术学院 - INFO	>>> cache/GMH/sist/信息学院班级活动项目审批表.doc has been downloaded <<<
信息科学技术学院 - INFO	>>> cache/GMH/sist/信息科学技术学院班级活动项目审批表.txt has been downloaded <<<
信息科学技术学院 - INFO	>>> cache/GMH/sist/信息学院开展学生活动工作流程.txt has been downloaded <<<
信息科学技术学院 - INFO	>>> cache/GMH/sist/信息学院就业三方协议领取、换发流程.txt has been downloaded <<<
信息科学技术学院 - INFO	>>> cache/GMH/sist/信息学院学生活动新闻稿基本格式和要求.txt has been downloaded <<<
信息科学技术学院 - INFO	>>> cache/GMH/sist/推荐优秀团员作为党的发展对象审核表.docx has been downloaded <<<
信息科学技术学院 - INFO	>>> cache/GMH/sist/推荐优秀团员作入党积极分子审核表.docx has been downloaded <<<
信息科学技术学院 - INFO	>>> cache/GMH/sist/中国科学技术大学推荐优秀团员作入党积极分子和党的发展对象工作实施细则.pdf has been downloaded <<<
信息科学技术学院 - INFO	>>> cache/GMH/sist/师生校内常用部门联系方式汇总.txt has been downloaded <<<
信息科学技术学院 - INFO	>>> cache/GMH/sist/科大人文社科类报告会、研讨会、论坛、讲座审批备案表.doc has been downloaded <<<
信息科学技术学院 - INFO	>>> cache/GMH/sist/AI赋能，创想无界-2024人工智能创新应用大赛圆满落幕.txt has been downloaded <<<
信息科学技术学院 - INFO	>>> cache/GMH/sist/中国科大发布脑卒中预测大模型，助力老区山区医疗帮扶.txt has been downloaded <<<
信息科学技术学院 - INFO	>>> cache/GMH/sist/我院赵刚教授当选为国际先进材料协会会士(IAAMFellow).txt has been downloaded <<<
信息科学技术学院 - INFO	>>> cache/GMH/sist/信息科学技术学院2024年新进青年教师座谈会顺利召开.txt has been downloaded <<<
信息科学技术学院 - INFO	>>> cache/GMH/sist/中国科大学子在第二十届“百度之星”程序设计大赛总决赛中喜获佳绩.txt has been downloaded <<<
信息科学技术学院 - INFO	>>> cache/GMH/sist/信息与智能学部召开教育教学工作汇报会.txt has been downloaded <<<
信息科学技术学院 - INFO	>>> cache/GMH/sist/院工会开展“创新争先、产教融合”专题调研活动.txt has been downloaded <<<
信息科学技术学院 - INFO	>>> cache/GMH/sist/“视觉智能”学术研讨会在合肥召开.txt has been downloaded <<<
信息科学技术学院 - INFO	>>> cache/GMH/sist/信息科学技术学院党委理论中心组召开党纪学习教育第一次集中学习暨领导班子读书班开班.txt has been downloaded <<<
信息科学技术学院 - INFO	>>> cache/GMH/sist/院工会举办教职工“八段锦、瑜伽”运动课活动.txt has been downloaded <<<
信息科学技术学院 - INFO	>>> cache/GMH/sist/高新春晓校园花卉培植活动隆重开播.txt has been downloaded <<<
信息科学技术学院 - INFO	>>> cache/GMH/sist/院工会召开工会代表大会.txt has been downloaded <<<
信息科学技术学院 - INFO	>>> cache/GMH/sist/院工会开展“六安行”春游团建活动.txt has been downloaded <<<
信息科学技术学院 - INFO	>>> cache/GMH/sist/第十一届“大唐杯”全国大学生新一代信息通信技术大赛安徽省赛在我校成功举办.txt has been downloaded <<<
信息科学技术学院 - INFO	>>> cache/GMH/sist/信息学院举行“校企双元协同育人”研讨会.txt has been downloaded <<<
信息科学技术学院 - INFO	>>> cache/GMH/sist/中国科大2024年春季企业高新专场招聘会成功举办.txt has been downloaded <<<
信息科学技术学院 - INFO	>>> cache/GMH/sist/我院开展“三八”国际妇女节插花主题活动.txt has been downloaded <<<
信息科学技术学院 - INFO	>>> cache/GMH/sist/我院召开2023年度领导班子和领导成员考核述职测评会.txt has been downloaded <<<
信息科学技术学院 - INFO	>>> cache/GMH/sist/《中国通信》编委会会议在安徽合肥召开.txt has been downloaded <<<
信息科学技术学院 - INFO	>>> cache/GMH/sist/畅谈新工科建设共商可持续发展.txt has been downloaded <<<
信息科学技术学院 - INFO	>>> cache/GMH/sist/院工会开展生活美学堂——制作润肤霜活动.txt has been downloaded <<<
信息科学技术学院 - INFO	>>> cache/GMH/sist/朱祖勍教授获IEEE通信交换与路由技术委员会颁发杰出技术成就奖.txt has been downloaded <<<
信息科学技术学院 - INFO	>>> cache/GMH/sist/我院召开研究生培养质量整改大会暨导师培训会.txt has been downloaded <<<
信息科学技术学院 - INFO	>>> cache/GMH/sist/六系李厚强、周文罡教授团队在第七届全国兵棋推演大赛“智能空中博弈算法挑战赛”获冠军.txt has been downloaded <<<
信息科学技术学院 - INFO	>>> cache/GMH/sist/智能科学与技术前沿交叉论坛在我校成功举办.txt has been downloaded <<<
信息科学技术学院 - INFO	>>> cache/GMH/sist/信息学院心理健康工作站开展“直面挑战，与压力共舞”心理健康专题讲座.txt has been downloaded <<<
信息科学技术学院 - INFO	>>> cache/GMH/sist/南方科技大学HisaoIshibuchi教授作学术报告.txt has been downloaded <<<
信息科学技术学院 - INFO	>>> cache/GMH/sist/我院教职工在校运动会上取得佳绩.txt has been downloaded <<<
信息科学技术学院 - INFO	>>> cache/GMH/sist/信息科学技术学院成功举办先进班集体答辩会.txt has been downloaded <<<
信息科学技术学院 - INFO	>>> cache/GMH/sist/信息科学技术学院召开班主任工作例会暨综合测评交流会.txt has been downloaded <<<
信息科学技术学院 - INFO	>>> cache/GMH/sist/缕金桂之香，绽创新之花——2023人工智能创新应用大赛深空探测主题赛圆满落幕.txt has been downloaded <<<
信息科学技术学院 - WARNING	Page:http://news.ustc.edu.cn/info/1055/84657.htm - Article and File are both empty! pass
信息科学技术学院 - INFO	>>> cache/GMH/sist/砥砺逐梦迎新季，“拔节孕穗”正当时.txt has been downloaded <<<
信息科学技术学院 - INFO	>>> cache/GMH/sist/我院本科生荣获2023年“国家自然科学基金青年学生基础研究项目”资助.txt has been downloaded <<<
信息科学技术学院 - INFO	>>> cache/GMH/sist/不忘初心，不负韶华.txt has been downloaded <<<
信息科学技术学院 - INFO	>>> cache/GMH/sist/信息科学技术学院2023级本科新生家长见面会顺利召开.txt has been downloaded <<<
信息科学技术学院 - INFO	>>> cache/GMH/sist/“信”火接力不负“乡”遇.txt has been downloaded <<<
信息科学技术学院 - WARNING	Page:http://news.ustc.edu.cn/info/1055/84145.htm - Article and File are both empty! pass
信息科学技术学院 - INFO	>>> cache/GMH/sist/自动化系研究团队荣获2023年度人工智能顶会CVPR和ICRA九项挑战赛冠军.txt has been downloaded <<<
信息科学技术学院 - INFO	>>> cache/GMH/sist/沉痛悼念“七一勋章”获得者陆元九院士！.txt has been downloaded <<<
信息科学技术学院 - INFO	>>> cache/GMH/sist/我院师生在第二届师生校园接力赛中取得佳绩.txt has been downloaded <<<
信息科学技术学院 - INFO	>>> cache/GMH/sist/读懂中国式现代化奋进新时代征程——信息学院党委理论中心组2023年第四次集体学习暨主题教育第一次专题学习.txt has been downloaded <<<
信息科学技术学院 - INFO	>>> cache/GMH/sist/2023年科技活动周信息科普点活动报道.txt has been downloaded <<<
信息科学技术学院 - INFO	>>> cache/GMH/sist/信息学院召开学习贯彻习近平新时代中国特色社会主义思想主题教育动员大会.txt has been downloaded <<<
信息科学技术学院 - INFO	>>> cache/GMH/sist/院直属教工支部开展“改革路，时代梦”主题党日活动.txt has been downloaded <<<
信息科学技术学院 - INFO	>>> cache/GMH/sist/信息学院党委理论中心组2023年第二次集体学习.txt has been downloaded <<<
信息科学技术学院 - INFO	>>> cache/GMH/sist/信息科学技术学院分工会举办“三八节DIY手工包制作活动”.txt has been downloaded <<<
信息科学技术学院 - INFO	>>> cache/GMH/sist/信息学院电子工程与信息科学系召开“师德师风建设、学生培养”主题教师大会.txt has been downloaded <<<
信息科学技术学院 - INFO	>>> cache/GMH/sist/信息学院自动化系召开潜心立德树人暨师德师风学习主题会议.txt has been downloaded <<<
信息科学技术学院 - INFO	>>> cache/GMH/sist/信息学院举办2023年学生出国（境）交流项目宣讲会.txt has been downloaded <<<
信息科学技术学院 - INFO	>>> cache/GMH/sist/信息学院党委理论中心组2023年第一次集体学习暨纪检委员工作例会.txt has been downloaded <<<
信息科学技术学院 - INFO	>>> cache/GMH/sist/信息科学技术学院领导班子召开2022年度民主生活会.txt has been downloaded <<<
信息科学技术学院 - WARNING	Page:http://news.ustc.edu.cn/info/1055/81454.htm - Article and File are both empty! pass
信息科学技术学院 - INFO	>>> cache/GMH/sist/信息学院党委理论中心组2022年第七次集体学习.txt has been downloaded <<<
信息科学技术学院 - INFO	>>> cache/GMH/sist/共学二十大书记带头讲——信息科学技术学院召开党的二十大精神宣讲报告会.txt has been downloaded <<<
信息科学技术学院 - INFO	>>> cache/GMH/sist/信息科学技术学院与计算机学院党支部开展党建工作样板支部经验交流分享会.txt has been downloaded <<<
信息科学技术学院 - INFO	>>> cache/GMH/sist/中国科大信息科学技术学院自动化系教工党支部与附属医院南区儿科党支部、儿科一支部和儿科二支部开展支部共建主题党日活动.txt has been downloaded <<<
信息科学技术学院 - INFO	>>> cache/GMH/sist/信息科学技术学院信号与信息处理和类脑智能实验室党支部与六枝特区党支部联合开展支部共建暨学习党的二十大精神主题党日活动.txt has been downloaded <<<
信息科学技术学院 - INFO	>>> cache/GMH/sist/我院朱祖勍教授当选IEEEFellow.txt has been downloaded <<<
信息科学技术学院 - WARNING	Page:http://news.ustc.edu.cn/info/1055/80875.htm - Article and File are both empty! pass
信息科学技术学院 - INFO	>>> cache/GMH/sist/信息学院党委理论中心组2022年第六次集体学习.txt has been downloaded <<<
信息科学技术学院 - INFO	>>> cache/GMH/sist/信息学院党委理论中心组2022年第五次集体学习.txt has been downloaded <<<
信息科学技术学院 - INFO	>>> cache/GMH/sist/信息科学技术学院召开《习近平谈治国理政》第四卷学习动员会.txt has been downloaded <<<
信息科学技术学院 - INFO	>>> cache/GMH/sist/我院博士后陈绍冯获国际制导、导航与控制学术会议“冯如”优秀论文奖.txt has been downloaded <<<
信息科学技术学院 - INFO	>>> cache/GMH/sist/我院马麒超副研究员获中国控制会议第28届“关肇直奖”.txt has been downloaded <<<
信息科学技术学院 - INFO	>>> cache/GMH/sist/第十七届全国大学生智能汽车竞赛---安徽赛区中科大赛点比赛圆满落幕.txt has been downloaded <<<
信息科学技术学院 - WARNING	Page:http://news.ustc.edu.cn/info/1055/79563.htm - Article and File are both empty! pass
信息科学技术学院 - INFO	>>> cache/GMH/sist/2022年科技活动周信息科普点活动报道.txt has been downloaded <<<
信息科学技术学院 - INFO	>>> cache/GMH/sist/中国科大在6G滤波器领域取得重要进展.txt has been downloaded <<<
信息科学技术学院 - INFO	>>> cache/GMH/sist/信息学院组织2022春“大创计划”经验交流分享会.txt has been downloaded <<<
信息科学技术学院 - INFO	>>> cache/GMH/sist/信息学院党委理论中心组2022年第二次集体学习.txt has been downloaded <<<
信息科学技术学院 - INFO	>>> cache/GMH/sist/信息科学技术学院、微电子学院召开中层领导班子党史学习教育专题民主生活会.txt has been downloaded <<<
信息科学技术学院 - INFO	>>> cache/GMH/sist/信息学院党委理论学习中心组2021年第九次集体学习.txt has been downloaded <<<
信息科学技术学院 - INFO	>>> cache/GMH/sist/包信和校长出席信息与智能学部2021年度领导干部述职测评会.txt has been downloaded <<<
信息科学技术学院 - INFO	>>> cache/GMH/sist/2021年度中科院上海微系统所奖学金举行颁奖仪式.txt has been downloaded <<<
信息科学技术学院 - WARNING	Page:http://news.ustc.edu.cn/info/1055/78051.htm - Article and File are both empty! pass
信息科学技术学院 - INFO	>>> cache/GMH/sist/信息学院党委理论中心组2021年第八次集体学习.txt has been downloaded <<<
信息科学技术学院 - INFO	>>> cache/GMH/sist/信息学院师生第一时间深入学习党的十九届六中全会精神.txt has been downloaded <<<
信息科学技术学院 - INFO	>>> cache/GMH/sist/信息学院党委理论中心组2021年第七次集体学习.txt has been downloaded <<<
信息科学技术学院 - INFO	>>> cache/GMH/sist/我院研究团队荣获CCFA类国际会议CVPR2021、ICCV2021系列竞赛冠亚军及最佳论文奖.txt has been downloaded <<<
信息科学技术学院 - INFO	>>> cache/GMH/sist/中国科大在半导体p-n异质结中实现光电流极性反转.txt has been downloaded <<<
信息科学技术学院 - INFO	>>> cache/GMH/sist/信息学院党委理论中心组2021年第六次集体学习.txt has been downloaded <<<
信息科学技术学院 - INFO	>>> cache/GMH/sist/信息科学技术学院教工党支部参观“初心映江淮”主题展.txt has been downloaded <<<
信息科学技术学院 - WARNING	Page:http://news.ustc.edu.cn/info/1055/76124.htm - Article and File are both empty! pass
信息科学技术学院 - INFO	>>> cache/GMH/sist/信息科学技术学院召开2021年招生工作经验交流会.txt has been downloaded <<<
信息科学技术学院 - WARNING	Page:https://sist.ustc.edu.cn//2021/0712/c5146a516886/page.htm - Article and File are both empty! pass
信息科学技术学院 - INFO	>>> cache/GMH/sist/信息科学技术学院党委理论中心组2021年第三次集体学习.txt has been downloaded <<<
信息科学技术学院 - INFO	>>> cache/GMH/sist/学党史树立正确的党史观.txt has been downloaded <<<
信息科学技术学院 - WARNING	Page:http://news.ustc.edu.cn/info/1055/75280.htm - Article and File are both empty! pass
信息科学技术学院 - INFO	>>> cache/GMH/sist/信息科学技术学院党委理论学习中心组2021年第二次集体学习.txt has been downloaded <<<
信息科学技术学院 - INFO	>>> cache/GMH/sist/信息科学技术学院深入学习习近平总书记考察清华大学重要讲话精神.txt has been downloaded <<<
信息科学技术学院 - INFO	>>> cache/GMH/sist/院党委理论学习中心组2021年第一次集体学习.txt has been downloaded <<<
信息科学技术学院 - INFO	>>> cache/GMH/sist/信息学院召开党史学习教育动员大会.txt has been downloaded <<<
信息科学技术学院 - INFO	>>> cache/GMH/sist/校党委第四巡察组召开巡察信息科学技术学院党委工作动员会.txt has been downloaded <<<
信息科学技术学院 - WARNING	Page:http://news.ustc.edu.cn/info/1055/74199.htm - Article and File are both empty! pass
信息科学技术学院 - WARNING	Page:http://news.ustc.edu.cn/info/1055/74180.htm - Article and File are both empty! pass
信息科学技术学院 - INFO	>>> cache/GMH/sist/信息科学技术学院领导班子召开2020年度民主生活会.txt has been downloaded <<<
信息科学技术学院 - INFO	>>> cache/GMH/sist/信息学院召开2020年度总结述职与民主测评大会.txt has been downloaded <<<
信息科学技术学院 - INFO	>>> cache/GMH/sist/信息与计算机实验教学中心召开教学指导委员会第四次会议.txt has been downloaded <<<
信息科学技术学院 - INFO	>>> cache/GMH/sist/信息学院党委理论学习中心组第六次集体学习.txt has been downloaded <<<
