中国科学技术大学软件学院 - INFO	Downloading src files for 中国科学技术大学软件学院...
中国科学技术大学软件学院 - INFO	Getting the src_urls list of center https://sse.ustc.edu.cn/zcwj/list.htm...
中国科学技术大学软件学院 - INFO	Page https://sse.ustc.edu.cn/zcwj/list.htm has no items! pass
中国科学技术大学软件学院 - INFO	Getting the src_urls list of center https://sse.ustc.edu.cn/19878/list.htm...
中国科学技术大学软件学院 - INFO	Getting the src_urls list of center https://sse.ustc.edu.cn/19879/list.htm...
中国科学技术大学软件学院 - INFO	Getting the src_urls list of center https://sse.ustc.edu.cn/19880/list.htm...
中国科学技术大学软件学院 - INFO	Getting the src_urls list of center https://sse.ustc.edu.cn/19882/list.htm...
中国科学技术大学软件学院 - INFO	Getting the src_urls list of center https://sse.ustc.edu.cn/19884/list.htm...
中国科学技术大学软件学院 - INFO	Getting the src_urls list of center https://sse.ustc.edu.cn/19885/list.htm...
中国科学技术大学软件学院 - INFO	Getting the src_urls list of center https://sse.ustc.edu.cn/19740/list.htm...
中国科学技术大学软件学院 - INFO	>>> cache/GMH/sse/企业导师信息表.doc[2012-07-05].doc has been downloaded <<<
中国科学技术大学软件学院 - INFO	>>> cache/GMH/sse/附件_CET46级报名表(合肥).xls[2011-03-22].xls has been downloaded <<<
中国科学技术大学软件学院 - INFO	>>> cache/GMH/sse/学位申请书空表[2008-12-26].doc has been downloaded <<<
中国科学技术大学软件学院 - INFO	>>> cache/GMH/sse/答辩意见草稿模板[2008-12-26].doc has been downloaded <<<
中国科学技术大学软件学院 - INFO	>>> cache/GMH/sse/中国科学技术大学学位论文相关声明.doc[2008-03-31].doc has been downloaded <<<
中国科学技术大学软件学院 - INFO	>>> cache/GMH/sse/工程硕士中期考核表.doc[2008-03-31].doc has been downloaded <<<
中国科学技术大学软件学院 - INFO	>>> cache/GMH/sse/工程硕士开题报告.doc[2008-03-31].doc has been downloaded <<<
中国科学技术大学软件学院 - INFO	>>> cache/GMH/sse/工程硕士培养计划.doc[2008-03-31].doc has been downloaded <<<
中国科学技术大学软件学院 - INFO	>>> cache/GMH/sse/工程硕士申请学位申请者审核材料清单.doc[2008-03-31].doc has been downloaded <<<
中国科学技术大学软件学院 - INFO	>>> cache/GMH/sse/毕业论文选题和指导教师一览表.xls[2008-03-31].xls has been downloaded <<<
中国科学技术大学软件学院 - INFO	>>> cache/GMH/sse/工程硕士企业指导教师简况表.doc[2008-03-31].doc has been downloaded <<<
中国科学技术大学软件学院 - INFO	>>> cache/GMH/sse/研究生毕业实习鉴定表.doc[2008-03-31].doc has been downloaded <<<
中国科学技术大学软件学院 - INFO	>>> cache/GMH/sse/中国科学技术大学研究生论文撰写规范[2008-12-26].doc has been downloaded <<<
中国科学技术大学软件学院 - INFO	>>> cache/GMH/sse/软件学院毕业实习过程管理办法[2008-04-01].pdf has been downloaded <<<
中国科学技术大学软件学院 - INFO	>>> cache/GMH/sse/关于2019年计划录取考生培养地与专业方向的通知.docx[2019-05-14].docx has been downloaded <<<
中国科学技术大学软件学院 - INFO	>>> cache/GMH/sse/调剂复试名单公示.docx[2019-03-22].docx has been downloaded <<<
中国科学技术大学软件学院 - INFO	>>> cache/GMH/sse/第一志愿复试名单公示.xls[2019-03-07].xls has been downloaded <<<
中国科学技术大学软件学院 - INFO	>>> cache/GMH/sse/2018级计划录取学生专业方向.xls[2018-05-02].xls has been downloaded <<<
中国科学技术大学软件学院 - INFO	>>> cache/GMH/sse/2016硕士研究生入学须知（软件学院・苏州）[2016-06-27].doc has been downloaded <<<
中国科学技术大学软件学院 - INFO	>>> cache/GMH/sse/2016硕士研究生入学须知（软件学院・合肥）[2016-06-27].doc has been downloaded <<<
中国科学技术大学软件学院 - INFO	>>> cache/GMH/sse/2015暑期补课通知.doc[2015-06-25].doc has been downloaded <<<
中国科学技术大学软件学院 - INFO	>>> cache/GMH/sse/15进修生缴费须知.doc[2015-06-25].doc has been downloaded <<<
中国科学技术大学软件学院 - INFO	>>> cache/GMH/sse/15进修生报到须知.doc[2015-06-25].doc has been downloaded <<<
中国科学技术大学软件学院 - INFO	>>> cache/GMH/sse/附件：2015年在职人员攻读硕士专业学位报名登记表（样表）.doc[2015-06-23].doc has been downloaded <<<
中国科学技术大学软件学院 - INFO	>>> cache/GMH/sse/2015双证入学须知-苏州.doc[2015-06-05].doc has been downloaded <<<
中国科学技术大学软件学院 - INFO	>>> cache/GMH/sse/2015双证入学须知-合肥.doc[2015-06-05].doc has been downloaded <<<
中国科学技术大学软件学院 - INFO	>>> cache/GMH/sse/附件4.doc[2014-06-11].doc has been downloaded <<<
中国科学技术大学软件学院 - INFO	>>> cache/GMH/sse/附件3.doc[2014-06-11].doc has been downloaded <<<
中国科学技术大学软件学院 - INFO	>>> cache/GMH/sse/附件2.doc[2014-06-11].doc has been downloaded <<<
中国科学技术大学软件学院 - INFO	>>> cache/GMH/sse/附件1.doc[2014-06-11].doc has been downloaded <<<
中国科学技术大学软件学院 - INFO	>>> cache/GMH/sse/2013级研究生新生报到须知（苏州单证）.doc[2013-06-28].doc has been downloaded <<<
中国科学技术大学软件学院 - INFO	>>> cache/GMH/sse/中国科技大学研究生（硕、博）报到入户须知（苏州双证）.doc[2013-06-21].doc has been downloaded <<<
中国科学技术大学软件学院 - INFO	>>> cache/GMH/sse/中国科技大学研究生（硕、博）报到入户须知（合肥双证）.doc[2013-06-21].doc has been downloaded <<<
中国科学技术大学软件学院 - INFO	>>> cache/GMH/sse/2013硕士研究生新生报到须知（苏州双证）.doc[2013-06-21].doc has been downloaded <<<
中国科学技术大学软件学院 - INFO	>>> cache/GMH/sse/2013硕士研究生新生报到须知（合肥双证）.doc[2013-06-21].doc has been downloaded <<<
中国科学技术大学软件学院 - INFO	>>> cache/GMH/sse/2013代培生报到须知.doc[2013-06-21].doc has been downloaded <<<
中国科学技术大学软件学院 - INFO	>>> cache/GMH/sse/中国科技大学本、研（硕、博）生报到入户须知（苏州双证）.doc[2013-05-13].doc has been downloaded <<<
中国科学技术大学软件学院 - INFO	>>> cache/GMH/sse/中国科技大学本、研（硕、博）生报到入户须知（合肥双证）.doc[2013-05-13].doc has been downloaded <<<
中国科学技术大学软件学院 - INFO	>>> cache/GMH/sse/2013年软件工程专业硕士（单证）自主招生报考资格审查表.doc[2012-10-18].doc has been downloaded <<<
中国科学技术大学软件学院 - INFO	>>> cache/GMH/sse/4：关于2012级新生暑期补课的通知.doc[2012-07-04].doc has been downloaded <<<
中国科学技术大学软件学院 - INFO	>>> cache/GMH/sse/3：使用太平洋学子卡交费操作指南.doc[2012-07-04].doc has been downloaded <<<
中国科学技术大学软件学院 - INFO	>>> cache/GMH/sse/2：研究生学费住宿费缴纳说明（苏州）.doc[2012-07-04].doc has been downloaded <<<
中国科学技术大学软件学院 - INFO	>>> cache/GMH/sse/1：2012级研究生新生报到须知（苏州单证）.doc[2012-07-04].doc has been downloaded <<<
中国科学技术大学软件学院 - INFO	>>> cache/GMH/sse/中国科学技术大学在职软件工程专业硕士自主招生报考资格审查表.doc[2012-05-30].doc has been downloaded <<<
中国科学技术大学软件学院 - INFO	>>> 中国科学技术大学在职软件工程专业硕士自主招生报考资格审查表.doc[2012-05-30].doc exists! Pass <<<
中国科学技术大学软件学院 - INFO	>>> cache/GMH/sse/2012年考试大纲_834软件工程基础.pdf[2011-11-24].pdf has been downloaded <<<
中国科学技术大学软件学院 - INFO	>>> cache/GMH/sse/5：关于我院设立“软件项目管理试验班”并在新生中选拔生源的通知.doc[2011-06-24].doc has been downloaded <<<
中国科学技术大学软件学院 - INFO	>>> cache/GMH/sse/4：关于我院设立“软件项目管理试验班”并在新生中选拔生源的通知.doc[2011-06-24].doc has been downloaded <<<
中国科学技术大学软件学院 - INFO	>>> cache/GMH/sse/2：学费、住宿费缴纳说明（苏州单证）.doc[2011-06-24].doc has been downloaded <<<
中国科学技术大学软件学院 - INFO	>>> cache/GMH/sse/1：2011级研究生新生报到须知（苏州单证）.doc[2011-06-24].doc has been downloaded <<<
中国科学技术大学软件学院 - INFO	>>> cache/GMH/sse/2：研究生学费缴纳说明（苏州双证）.doc[2011-06-23].doc has been downloaded <<<
中国科学技术大学软件学院 - INFO	>>> cache/GMH/sse/4：关于2011级新生暑期补课的通知.doc[2011-06-22].doc has been downloaded <<<
中国科学技术大学软件学院 - INFO	>>> cache/GMH/sse/5：附件：2011级软件项目管理实验班申请表.xls[2011-06-22].xls has been downloaded <<<
中国科学技术大学软件学院 - INFO	>>> cache/GMH/sse/3：中国科技大学本、研（硕、博）生报到入户须知（苏州双证）.doc[2011-06-22].doc has been downloaded <<<
中国科学技术大学软件学院 - INFO	>>> cache/GMH/sse/1：研究生新生报到须知（苏州双证）.doc[2011-06-22].doc has been downloaded <<<
中国科学技术大学软件学院 - INFO	>>> 5：附件：2011级软件项目管理实验班申请表.xls[2011-06-22].xls exists! Pass <<<
中国科学技术大学软件学院 - INFO	>>> cache/GMH/sse/3：中国科技大学本、研（硕、博）生报到入户须知（合肥双证）.doc[2011-06-22].doc has been downloaded <<<
中国科学技术大学软件学院 - INFO	>>> cache/GMH/sse/2：研究生学费缴纳说明（合肥双证）.doc[2011-06-22].doc has been downloaded <<<
中国科学技术大学软件学院 - INFO	>>> cache/GMH/sse/1：研究生新生报到须知（合肥双证）.doc[2011-06-22].doc has been downloaded <<<
中国科学技术大学软件学院 - INFO	>>> cache/GMH/sse/2011年在职招生-附件.doc[2011-06-07].doc has been downloaded <<<
中国科学技术大学软件学院 - INFO	>>> cache/GMH/sse/2011中国科大硕士招生复试体检单.doc[2011-04-13].doc has been downloaded <<<
中国科学技术大学软件学院 - INFO	>>> 2011中国科大硕士招生复试体检单.doc[2011-04-13].doc exists! Pass <<<
中国科学技术大学软件学院 - INFO	>>> cache/GMH/sse/2011中国科大硕士招生复试体检单.doc[2011-03-29].doc has been downloaded <<<
中国科学技术大学软件学院 - INFO	>>> cache/GMH/sse/2011中国科大硕士招生复试体检单.doc[2011-03-24].doc has been downloaded <<<
中国科学技术大学软件学院 - INFO	>>> cache/GMH/sse/关于2010级新生暑期补课的通知.doc[2010-06-22].doc has been downloaded <<<
中国科学技术大学软件学院 - INFO	>>> cache/GMH/sse/中国科技大学本、研（硕、博）生报到入户须知（苏州双证）.doc[2010-06-22].doc has been downloaded <<<
中国科学技术大学软件学院 - INFO	>>> cache/GMH/sse/中国科技大学本、研（硕、博）生报到入户须知.doc[2010-06-22].doc has been downloaded <<<
中国科学技术大学软件学院 - INFO	>>> cache/GMH/sse/研究生学费缴纳说明（苏州双证）.doc[2010-06-22].doc has been downloaded <<<
中国科学技术大学软件学院 - INFO	>>> cache/GMH/sse/研究生学费缴纳说明（合肥双证）.doc[2010-06-22].doc has been downloaded <<<
中国科学技术大学软件学院 - INFO	>>> cache/GMH/sse/10研究生新生报到须知（苏州双证）.doc[2010-06-22].doc has been downloaded <<<
中国科学技术大学软件学院 - INFO	>>> cache/GMH/sse/10研究生新生报到须知（合肥双证）.doc[2010-06-22].doc has been downloaded <<<
中国科学技术大学软件学院 - INFO	>>> cache/GMH/sse/2010年秋季上海和泉州在职班招生简章-附件.doc[2010-04-17].doc has been downloaded <<<
中国科学技术大学软件学院 - INFO	>>> cache/GMH/sse/表5_2010中国科大硕士招生复试体检单.doc[2010-03-25].doc has been downloaded <<<
中国科学技术大学软件学院 - INFO	>>> cache/GMH/sse/2010年春季合肥班招生_报名表.doc[2009-10-14].doc has been downloaded <<<
中国科学技术大学软件学院 - INFO	>>> cache/GMH/sse/09研究生新生报到须知（单证全日制）.doc[2009-07-10].doc has been downloaded <<<
中国科学技术大学软件学院 - INFO	>>> cache/GMH/sse/09研究生新生报到须知（单证在职）.doc[2009-07-10].doc has been downloaded <<<
中国科学技术大学软件学院 - INFO	>>> cache/GMH/sse/09研究生新生报到须知（合肥双证）.doc[2009-06-23].doc has been downloaded <<<
中国科学技术大学软件学院 - INFO	>>> cache/GMH/sse/09研究生新生报到须知（苏州双证）.doc[2009-06-23].doc has been downloaded <<<
中国科学技术大学软件学院 - INFO	>>> cache/GMH/sse/09报到入户须知（双证）.doc[2009-06-23].doc has been downloaded <<<
中国科学技术大学软件学院 - INFO	>>> cache/GMH/sse/09接受委托培养攻读硕士学位研究生协议书.doc[2009-06-05].doc has been downloaded <<<
中国科学技术大学软件学院 - INFO	>>> cache/GMH/sse/08报到入户须知（双证）.doc[2008-06-24].doc has been downloaded <<<
中国科学技术大学软件学院 - INFO	>>> cache/GMH/sse/08研究生新生报到须知（单证）.doc[2008-06-24].doc has been downloaded <<<
中国科学技术大学软件学院 - INFO	>>> cache/GMH/sse/08研究生新生报到须知（苏州双证）.doc[2008-06-24].doc has been downloaded <<<
中国科学技术大学软件学院 - INFO	>>> cache/GMH/sse/08研究生新生报到须知（合肥双证）.doc[2008-06-24].doc has been downloaded <<<
中国科学技术大学软件学院 - INFO	>>> cache/GMH/sse/download_2008年软件工程专业硕士（单证）自主招生报名资格审查表.doc[2008-02-25].doc has been downloaded <<<
中国科学技术大学软件学院 - INFO	>>> cache/GMH/sse/download_2008年软件工程专业硕士（单证）调剂报名资格审查表.doc[2008-02-25].doc has been downloaded <<<
中国科学技术大学软件学院 - INFO	>>> cache/GMH/sse/download_2008年软件工程专业硕士（双证）调剂报名资格审查表.doc[2008-02-25].doc has been downloaded <<<
中国科学技术大学软件学院 - INFO	>>> cache/GMH/sse/08年招生简章（单证）附件二：单证调剂报名表.doc[2007-11-15].doc has been downloaded <<<
中国科学技术大学软件学院 - INFO	>>> cache/GMH/sse/08年招生简章（单证）附件一：自主招生报名表.doc[2007-11-15].doc has been downloaded <<<
中国科学技术大学软件学院 - INFO	>>> cache/GMH/sse/2007年软件工程专业硕士（双证）调剂报名资格审查表[2007-09-06].doc has been downloaded <<<
中国科学技术大学软件学院 - INFO	>>> cache/GMH/sse/2007年软件工程专业硕士（单证）调剂报名资格审查表[2007-09-06].doc has been downloaded <<<
中国科学技术大学软件学院 - INFO	>>> cache/GMH/sse/附件一-2017年软件学院第一届创新创业软件设计大赛-报名表.doc[2017-04-01].doc has been downloaded <<<
中国科学技术大学软件学院 - INFO	>>> cache/GMH/sse/2017第一届创新创业软件设计大赛章程.pdf[2017-04-01].pdf has been downloaded <<<
中国科学技术大学软件学院 - INFO	>>> cache/GMH/sse/2017计算所招聘岗位汇总-20160907.pdf[2016-09-18].pdf has been downloaded <<<
中国科学技术大学软件学院 - INFO	>>> cache/GMH/sse/远程教育培训室简介.doc[2014-12-11].doc has been downloaded <<<
中国科学技术大学软件学院 - INFO	>>> cache/GMH/sse/信息工程技术培训室简介.doc[2014-12-11].doc has been downloaded <<<
中国科学技术大学软件学院 - INFO	>>> cache/GMH/sse/高层次人才职位申请表.doc[2013-09-30].doc has been downloaded <<<
中国科学技术大学软件学院 - INFO	>>> cache/GMH/sse/软件学院（苏州）毕业生离校指南（双证）.doc[2010-12-22].doc has been downloaded <<<
中国科学技术大学软件学院 - INFO	>>> cache/GMH/sse/软件学院（苏州）毕业生离校指南（单证）.doc[2010-12-17].doc has been downloaded <<<
中国科学技术大学软件学院 - INFO	>>> cache/GMH/sse/docadd1[2010-11-15].pdf has been downloaded <<<
中国科学技术大学软件学院 - INFO	>>> cache/GMH/sse/SRCB_job_application_form.xls[2010-11-03].xls has been downloaded <<<
中国科学技术大学软件学院 - INFO	>>> cache/GMH/sse/补发申请[2010-10-22].doc has been downloaded <<<
中国科学技术大学软件学院 - INFO	>>> cache/GMH/sse/SRCBApplicationForm[2008-10-23].xls has been downloaded <<<
中国科学技术大学软件学院 - INFO	>>> cache/GMH/sse/工程实验基础课程免修申请表.doc[2010-08-27].doc has been downloaded <<<
中国科学技术大学软件学院 - INFO	>>> cache/GMH/sse/开题报告模板.doc[2010-08-21].doc has been downloaded <<<
中国科学技术大学软件学院 - INFO	>>> cache/GMH/sse/硕2009《软件工程实验》项目环节开题报告格式.doc[2009-11-12].doc has been downloaded <<<
中国科学技术大学软件学院 - INFO	>>> cache/GMH/sse/软件学院07级实践报名表1.doc[2007-11-24].doc has been downloaded <<<
中国科学技术大学软件学院 - INFO	>>> cache/GMH/sse/软件学院07级实践报名表2.doc[2007-11-24].doc has been downloaded <<<
中国科学技术大学软件学院 - INFO	>>> cache/GMH/sse/报名表.doc[2007-10-02].doc has been downloaded <<<
中国科学技术大学软件学院 - WARNING	Page:https://sse.ustc.edu.cn//2020/0325/c19884a416880/page.htm - Article and File are both empty! pass
中国科学技术大学软件学院 - INFO	>>> cache/GMH/sse/中国科大软件学院2018年招聘工作人员报名登记表.doc[2018-05-25].doc has been downloaded <<<
中国科学技术大学软件学院 - INFO	>>> cache/GMH/sse/招聘信息.doc[2018-05-25].doc has been downloaded <<<
中国科学技术大学软件学院 - INFO	>>> cache/GMH/sse/包河区选区选民登记表.doc[2011-11-09].doc has been downloaded <<<
中国科学技术大学软件学院 - INFO	>>> cache/GMH/sse/Y软件学院讯飞奖教金审批表2.doc[2009-12-29].doc has been downloaded <<<
中国科学技术大学软件学院 - INFO	>>> cache/GMH/sse/请假单.doc has been downloaded <<<
中国科学技术大学软件学院 - INFO	>>> cache/GMH/sse/银校通.pdf[2018-06-25].pdf has been downloaded <<<
中国科学技术大学软件学院 - INFO	>>> cache/GMH/sse/软件学院第一届创新创业大赛获奖项目.doc[2017-06-01].doc has been downloaded <<<
中国科学技术大学软件学院 - INFO	>>> 2017第一届创新创业软件设计大赛章程.pdf[2017-04-01].pdf exists! Pass <<<
中国科学技术大学软件学院 - INFO	>>> 附件一-2017年软件学院第一届创新创业软件设计大赛-报名表.doc[2017-04-01].doc exists! Pass <<<
中国科学技术大学软件学院 - INFO	>>> cache/GMH/sse/附件一-2015年软件学院第十一届软件设计大赛-报名表.doc[2015-06-03].doc has been downloaded <<<
中国科学技术大学软件学院 - INFO	>>> cache/GMH/sse/附件二-2015年软件学院第十一届软件设计大赛-材料清单.doc[2015-06-03].doc has been downloaded <<<
中国科学技术大学软件学院 - INFO	>>> cache/GMH/sse/附件三-2015年软件学院第十一届软件设计大赛-知识产权声明及工作量排序.doc[2015-06-03].doc has been downloaded <<<
中国科学技术大学软件学院 - WARNING	Page:https://sse.ustc.edu.cn//_upload/article/files/2a/69/8dd82f984f4bbf7d33b4dc2e8421/011508fb-678b-4a92-97f9-71afd62f7beb.doc - Article and File are both empty! pass
中国科学技术大学软件学院 - WARNING	Page:https://sse.ustc.edu.cn//_upload/article/files/b0/5c/f2deec3744d4a493d44333f8744d/0d07043c-4a9a-422e-b163-ee11a2d931cc.doc - Article and File are both empty! pass
中国科学技术大学软件学院 - INFO	>>> cache/GMH/sse/附件三-2014年软件学院第十届软件设计大赛-知识产权声明及工作量排序.doc[2014-05-04].doc has been downloaded <<<
中国科学技术大学软件学院 - INFO	>>> cache/GMH/sse/“第一届全国高校软件定义网络(SDN)应用创新开发大赛”报名表.doc[2013-12-05].doc has been downloaded <<<
中国科学技术大学软件学院 - INFO	>>> cache/GMH/sse/“第一届全国高校软件定义网络(SDN)应用创新开发大赛”赛项概要.doc[2013-12-05].doc has been downloaded <<<
中国科学技术大学软件学院 - INFO	>>> cache/GMH/sse/“第一届全国高校软件定义网络(SDN)应用创新开发大赛”赛项执行委员会.doc[2013-12-05].doc has been downloaded <<<
中国科学技术大学软件学院 - INFO	>>> cache/GMH/sse/“第一届全国高校物联网应用创新大赛”报名表.doc[2013-12-05].doc has been downloaded <<<
中国科学技术大学软件学院 - INFO	>>> cache/GMH/sse/“第一届全国高校物联网应用创新大赛”赛项执行委员会名单.doc[2013-12-05].doc has been downloaded <<<
中国科学技术大学软件学院 - INFO	>>> cache/GMH/sse/“第一届全国高校物联网应用创新大赛”赛项概要.doc[2013-12-05].doc has been downloaded <<<
中国科学技术大学软件学院 - INFO	>>> cache/GMH/sse/附件二-2013年软件学院第九届软件设计大赛-材料清单.doc[2013-05-09].doc has been downloaded <<<
中国科学技术大学软件学院 - INFO	>>> cache/GMH/sse/附件三-2013年软件学院第九届软件设计大赛-知识产权声明及工作量排序.doc[2013-05-09].doc has been downloaded <<<
中国科学技术大学软件学院 - INFO	>>> cache/GMH/sse/附件一-2013年软件学院第九届软件设计大赛-报名表.doc[2013-05-09].doc has been downloaded <<<
中国科学技术大学软件学院 - INFO	>>> cache/GMH/sse/附件三-2012年软件学院第八届软件设计大赛-知识产权声明及工作量排序.doc[2012-06-04].doc has been downloaded <<<
中国科学技术大学软件学院 - INFO	>>> cache/GMH/sse/附件一-2012年软件学院第八届软件设计大赛-报名表.doc[2012-05-02].doc has been downloaded <<<
中国科学技术大学软件学院 - INFO	>>> cache/GMH/sse/附件二-2012年软件学院第八届软件设计大赛-材料清单.doc[2012-05-02].doc has been downloaded <<<
中国科学技术大学软件学院 - INFO	>>> cache/GMH/sse/附件三-2012年软件学院第八届软件设计大赛-知识产权声明及工作量排序.doc[2012-05-02].doc has been downloaded <<<
中国科学技术大学软件学院 - INFO	>>> cache/GMH/sse/附件十周年院庆庆典大会相关说明.doc[2012-02-28].doc has been downloaded <<<
中国科学技术大学软件学院 - INFO	>>> cache/GMH/sse/2011软件学院研究生会(合肥分会）招新报名表.doc[2011-08-31].doc has been downloaded <<<
中国科学技术大学软件学院 - INFO	>>> cache/GMH/sse/附件-2011年软件学院第七届软件设计大赛-fj2材料清单.doc[2011-05-27].doc has been downloaded <<<
中国科学技术大学软件学院 - INFO	>>> cache/GMH/sse/附件-2011年软件学院第七届软件设计大赛-fj3知识产权声明及工作量排序.doc[2011-05-27].doc has been downloaded <<<
中国科学技术大学软件学院 - INFO	>>> cache/GMH/sse/2011年软件学院第七届软件设计大赛-fj2材料清单.doc[2011-01-20].doc has been downloaded <<<
中国科学技术大学软件学院 - INFO	>>> cache/GMH/sse/2011年软件学院第七届软件设计大赛-fj3知识产权声明及工作量排序.doc[2011-01-20].doc has been downloaded <<<
中国科学技术大学软件学院 - INFO	>>> cache/GMH/sse/2011年软件学院第七届软件设计大赛-fj1报名表.doc[2011-01-20].doc has been downloaded <<<
中国科学技术大学软件学院 - INFO	>>> cache/GMH/sse/北工大游戏征稿通知.pdf[2010-10-11].pdf has been downloaded <<<
中国科学技术大学软件学院 - INFO	>>> cache/GMH/sse/2010年软件学院第六届软件设计大赛章程20100602-fj0知识产权声明.doc[2010-06-03].doc has been downloaded <<<
中国科学技术大学软件学院 - INFO	>>> cache/GMH/sse/2010年软件学院第六届软件设计大赛章程20100602-fj1报名表.doc[2010-06-03].doc has been downloaded <<<
中国科学技术大学软件学院 - INFO	>>> cache/GMH/sse/2010年软件学院第六届软件设计大赛章程20100602-fj2参考选题.doc[2010-06-03].doc has been downloaded <<<
中国科学技术大学软件学院 - INFO	>>> cache/GMH/sse/2009年软件学院第五届软件设计大赛章程20090525-fj2参考选题.doc[2009-05-26].doc has been downloaded <<<
中国科学技术大学软件学院 - INFO	>>> cache/GMH/sse/2009年软件学院第五届软件设计大赛章程20090525-fj1报名表.doc[2009-05-26].doc has been downloaded <<<
中国科学技术大学软件学院 - INFO	>>> cache/GMH/sse/2009年软件学院第五届软件设计大赛章程20090525-fj0知识产权声明.doc[2009-05-26].doc has been downloaded <<<
中国科学技术大学软件学院 - INFO	>>> cache/GMH/sse/二等奖_《走进科大》_徐一智.doc[2008-11-03].doc has been downloaded <<<
中国科学技术大学软件学院 - INFO	>>> cache/GMH/sse/一等奖_《科大――放飞梦想的花园》_王博.doc[2008-10-31].doc has been downloaded <<<
中国科学技术大学软件学院 - INFO	>>> cache/GMH/sse/二等奖_《做一名合格的科大人》_余弦.doc[2008-10-31].doc has been downloaded <<<
中国科学技术大学软件学院 - INFO	>>> cache/GMH/sse/二等奖_《我是科大人》_钟华.doc[2008-10-31].doc has been downloaded <<<
中国科学技术大学软件学院 - INFO	>>> cache/GMH/sse/一等奖_《我的科大梦》_郭靖.doc[2008-10-31].doc has been downloaded <<<
中国科学技术大学软件学院 - INFO	>>> cache/GMH/sse/一等奖_《踏着先辈的足迹》_李川.doc[2008-10-31].doc has been downloaded <<<
中国科学技术大学软件学院 - INFO	>>> cache/GMH/sse/2008年软件学院第四届软件设计大赛报名表（二）.doc[2008-06-26].doc has been downloaded <<<
中国科学技术大学软件学院 - INFO	>>> cache/GMH/sse/2008年软件学院第四届软件设计大赛报名表.doc[2008-05-26].doc has been downloaded <<<
中国科学技术大学软件学院 - INFO	>>> cache/GMH/sse/Y软件学院优秀研究生奖学金审批表.doc[2008-03-27].doc has been downloaded <<<
中国科学技术大学软件学院 - INFO	>>> cache/GMH/sse/软件学院研究生会招新报名表.doc[2007-09-10].doc has been downloaded <<<
中国科学技术大学软件学院 - INFO	>>> cache/GMH/sse/软件学院受邀在第六届中国计算机教育大会专题论坛分享建设成效.txt has been downloaded <<<
中国科学技术大学软件学院 - INFO	>>> cache/GMH/sse/“软件铸魂”再启新程——软件学院生涯导航服务季系列活动之政策宣介.txt has been downloaded <<<
中国科学技术大学软件学院 - INFO	>>> cache/GMH/sse/软件学院召开秋季学期师生座谈会.txt has been downloaded <<<
中国科学技术大学软件学院 - INFO	>>> cache/GMH/sse/软件学院党委理论学习中心组召开集中学习会.txt has been downloaded <<<
中国科学技术大学软件学院 - INFO	>>> cache/GMH/sse/中国科大运动会，软院健儿竞风采.txt has been downloaded <<<
中国科学技术大学软件学院 - INFO	>>> cache/GMH/sse/软件学院成功举办2024年“软声新韵，共谱华章”迎新晚会.txt has been downloaded <<<
中国科学技术大学软件学院 - INFO	>>> cache/GMH/sse/软件学院开展师德师风警示教育.txt has been downloaded <<<
中国科学技术大学软件学院 - INFO	>>> cache/GMH/sse/软件学院党委理论学习中心组召开集中学习会.txt has been downloaded <<<
中国科学技术大学软件学院 - INFO	>>> cache/GMH/sse/软件学院举办弘扬“两弹一星”精神报告会.txt has been downloaded <<<
中国科学技术大学软件学院 - INFO	>>> cache/GMH/sse/中电科集团致信感谢：软件学院助力EDA软件研发取得重大突破.txt has been downloaded <<<
中国科学技术大学软件学院 - INFO	>>> cache/GMH/sse/软件学院开展2024级新生入学教育.txt has been downloaded <<<
中国科学技术大学软件学院 - INFO	>>> cache/GMH/sse/软件学院2024级研究生迎新工作圆满结束.txt has been downloaded <<<
中国科学技术大学软件学院 - INFO	>>> cache/GMH/sse/软件学院赴安徽思特奇信息技术有限公司走访交流.txt has been downloaded <<<
中国科学技术大学软件学院 - INFO	>>> cache/GMH/sse/软件学院召开师德师风专题工作会.txt has been downloaded <<<
中国科学技术大学软件学院 - INFO	>>> cache/GMH/sse/软件学院召开安全工作专题会.txt has been downloaded <<<
中国科学技术大学软件学院 - INFO	>>> cache/GMH/sse/软件学院召开警示教育工作会.txt has been downloaded <<<
中国科学技术大学软件学院 - INFO	>>> cache/GMH/sse/软件学院召开2024年教育教学研讨会.txt has been downloaded <<<
中国科学技术大学软件学院 - INFO	>>> cache/GMH/sse/软件学院组织召开2024年校友值年返校座谈会.txt has been downloaded <<<
中国科学技术大学软件学院 - INFO	>>> cache/GMH/sse/软件学院组织师生党员开展党史、党纪现场学习教育.txt has been downloaded <<<
中国科学技术大学软件学院 - INFO	>>> cache/GMH/sse/软件学院推进党纪学习教育.txt has been downloaded <<<
中国科学技术大学软件学院 - INFO	>>> cache/GMH/sse/软件学院开展党纪学习教育专题党课.txt has been downloaded <<<
中国科学技术大学软件学院 - INFO	>>> cache/GMH/sse/软件学院开展2024年春季学期师生座谈会.txt has been downloaded <<<
中国科学技术大学软件学院 - INFO	>>> cache/GMH/sse/软件学院组织师生赴芜湖无锡等地走访重点单位.txt has been downloaded <<<
中国科学技术大学软件学院 - INFO	>>> cache/GMH/sse/软件学院组织苏州师生赴重点单位参观交流.txt has been downloaded <<<
中国科学技术大学软件学院 - INFO	>>> cache/GMH/sse/软件学院召开教学专题研讨会.txt has been downloaded <<<
中国科学技术大学软件学院 - INFO	>>> cache/GMH/sse/软件学院（苏州）召开2024年春季学期师生座谈会.txt has been downloaded <<<
中国科学技术大学软件学院 - INFO	>>> cache/GMH/sse/SKEMA商学院代表团访问软件学院.txt has been downloaded <<<
中国科学技术大学软件学院 - INFO	>>> cache/GMH/sse/软件学院“舒心五月：解‘心’锁，悦‘欣’生”心理健康日活动顺利举办.txt has been downloaded <<<
中国科学技术大学软件学院 - INFO	>>> cache/GMH/sse/软件学院组织合肥师生赴芜湖重点单位参观.txt has been downloaded <<<
中国科学技术大学软件学院 - INFO	>>> cache/GMH/sse/软件学院开展党纪学习教育读书班第二次集中学习.txt has been downloaded <<<
中国科学技术大学软件学院 - INFO	>>> cache/GMH/sse/软件学院2024年“实习招聘周”系列活动顺利举办.txt has been downloaded <<<
中国科学技术大学软件学院 - INFO	>>> cache/GMH/sse/中国科大2024年实习供需洽谈会（苏州）成功举办.txt has been downloaded <<<
中国科学技术大学软件学院 - INFO	>>> cache/GMH/sse/软件学院党纪学习教育读书班启动.txt has been downloaded <<<
中国科学技术大学软件学院 - INFO	>>> cache/GMH/sse/软件学院党委启动部署党纪学习教育工作.txt has been downloaded <<<
中国科学技术大学软件学院 - INFO	>>> cache/GMH/sse/软件学院“扬帆起航”实习就业指导服务季之“政策宣介”活动顺利举办.txt has been downloaded <<<
中国科学技术大学软件学院 - INFO	>>> cache/GMH/sse/软件学院组织学生赴企业参观交流.txt has been downloaded <<<
中国科学技术大学软件学院 - INFO	>>> cache/GMH/sse/软件学院赴重点单位走访交流.txt has been downloaded <<<
中国科学技术大学软件学院 - INFO	>>> cache/GMH/sse/软件学院开展2024年研究生实习中期检查指导工作.txt has been downloaded <<<
中国科学技术大学软件学院 - INFO	>>> cache/GMH/sse/软件学院“软件铸魂”系列——选调生经验分享会顺利举办.txt has been downloaded <<<
中国科学技术大学软件学院 - INFO	>>> cache/GMH/sse/凝聚力量共筑安全堡垒.txt has been downloaded <<<
中国科学技术大学软件学院 - INFO	>>> cache/GMH/sse/【我为师生办实事】软件学院（苏州）学生超大批行李转运顺利完成.txt has been downloaded <<<
中国科学技术大学软件学院 - INFO	>>> cache/GMH/sse/软件学院召开新入职教职工师德师风专题学习座谈会.txt has been downloaded <<<
中国科学技术大学软件学院 - INFO	>>> cache/GMH/sse/软件学院召开2023年度苏州教职工年终考核交流会.txt has been downloaded <<<
中国科学技术大学软件学院 - INFO	>>> cache/GMH/sse/弘扬书法艺术，以笔陶冶情操.txt has been downloaded <<<
中国科学技术大学软件学院 - INFO	>>> cache/GMH/sse/走进安徽创新馆，感受安徽科创魅力.txt has been downloaded <<<
中国科学技术大学软件学院 - INFO	>>> cache/GMH/sse/软件学院召开2023年度班主任工作考核交流会.txt has been downloaded <<<
中国科学技术大学软件学院 - INFO	>>> cache/GMH/sse/软件学院召开2023级秋季学期师生座谈会.txt has been downloaded <<<
中国科学技术大学软件学院 - INFO	>>> cache/GMH/sse/软件学院举办“软件铸魂”再启新程系列活动之行业报告会.txt has been downloaded <<<
中国科学技术大学软件学院 - INFO	>>> cache/GMH/sse/中国科大运动会软院健儿奋勇拼搏.txt has been downloaded <<<
中国科学技术大学软件学院 - INFO	>>> cache/GMH/sse/“软件铸魂”再启新程——软件学院生涯导航服务季系列活动之政策宣介.txt has been downloaded <<<
中国科学技术大学软件学院 - INFO	>>> cache/GMH/sse/软件学院成功举办2023年“新起点，向未来”迎新晚会.txt has been downloaded <<<
中国科学技术大学软件学院 - INFO	>>> cache/GMH/sse/软件学院开展2023级新生入学教育.txt has been downloaded <<<
中国科学技术大学软件学院 - INFO	>>> cache/GMH/sse/软件学院邀请陈国良院士给师生做报告.txt has been downloaded <<<
中国科学技术大学软件学院 - INFO	>>> cache/GMH/sse/软件学院2023级研究生迎新工作圆满结束.txt has been downloaded <<<
中国科学技术大学软件学院 - INFO	>>> cache/GMH/sse/软件学院召开2023年教育教学研讨会.txt has been downloaded <<<
中国科学技术大学软件学院 - INFO	>>> cache/GMH/sse/软件学院召开安全工作专题会议.txt has been downloaded <<<
中国科学技术大学软件学院 - INFO	>>> cache/GMH/sse/软件学院召开主题教育调研成果交流会.txt has been downloaded <<<
中国科学技术大学软件学院 - INFO	>>> cache/GMH/sse/软件学院开展师德师风专题学习.txt has been downloaded <<<
中国科学技术大学软件学院 - INFO	>>> cache/GMH/sse/软件学院举办新入职教师师德师风专题学习座谈会.txt has been downloaded <<<
中国科学技术大学软件学院 - INFO	>>> cache/GMH/sse/软件学院召开到国家重点单位实习学生交流会.txt has been downloaded <<<
中国科学技术大学软件学院 - INFO	>>> cache/GMH/sse/软件学院教工党支部组织开展主题党日活动.txt has been downloaded <<<
中国科学技术大学软件学院 - INFO	>>> cache/GMH/sse/软件学院组织开展师德集中学习教育活动.txt has been downloaded <<<
中国科学技术大学软件学院 - INFO	>>> cache/GMH/sse/软件学院“5.25”心理健康主题月系列活动顺利举办.txt has been downloaded <<<
中国科学技术大学软件学院 - INFO	>>> cache/GMH/sse/软件学院给学生讲主题教育专题党课.txt has been downloaded <<<
中国科学技术大学软件学院 - INFO	>>> cache/GMH/sse/软件学院给教职工讲主题教育专题党课.txt has been downloaded <<<
中国科学技术大学软件学院 - INFO	>>> cache/GMH/sse/软件学院党委举办主题教育读书班.txt has been downloaded <<<
中国科学技术大学软件学院 - INFO	>>> cache/GMH/sse/软件学院开展2022级师生专题调研座谈.txt has been downloaded <<<
中国科学技术大学软件学院 - INFO	>>> cache/GMH/sse/软件学院（苏州）召开2022级师生座谈会.txt has been downloaded <<<
中国科学技术大学软件学院 - INFO	>>> cache/GMH/sse/软件学院到苏州开展专题调研.txt has been downloaded <<<
中国科学技术大学软件学院 - INFO	>>> cache/GMH/sse/软件学院（合肥）召开2022级师生座谈会.txt has been downloaded <<<
中国科学技术大学软件学院 - INFO	>>> cache/GMH/sse/软件学院2023年“实习招聘周”活动圆满结束.txt has been downloaded <<<
中国科学技术大学软件学院 - INFO	>>> cache/GMH/sse/中国科大2023年实习供需洽谈会（信息类专场）成功举办.txt has been downloaded <<<
中国科学技术大学软件学院 - INFO	>>> cache/GMH/sse/软件学院组织师生走访参观中科院空天院苏州园区.txt has been downloaded <<<
中国科学技术大学软件学院 - INFO	>>> cache/GMH/sse/软件学院召开学习贯彻习近平新时代中国特色社会主义思想主题教育动员会.txt has been downloaded <<<
中国科学技术大学软件学院 - INFO	>>> cache/GMH/sse/软件学院组织合肥师生赴38所参观.txt has been downloaded <<<
中国科学技术大学软件学院 - INFO	>>> cache/GMH/sse/软件学院召开2022级苏州全体班委大会.txt has been downloaded <<<
中国科学技术大学软件学院 - INFO	>>> cache/GMH/sse/“扬帆起航”助力成长--软件学院“实习就业指导服务季”之“政策宣介”举办.txt has been downloaded <<<
中国科学技术大学软件学院 - INFO	>>> cache/GMH/sse/软件学院召开4月份班主任工作例会.txt has been downloaded <<<
中国科学技术大学软件学院 - INFO	>>> cache/GMH/sse/软件学院赴重点用人单位走访交流.txt has been downloaded <<<
中国科学技术大学软件学院 - INFO	>>> cache/GMH/sse/软件学院2023年实习不定期检查指导工作顺利完成.txt has been downloaded <<<
中国科学技术大学软件学院 - INFO	>>> cache/GMH/sse/软件系统设计第一党支部召开2022年度组织生活会.txt has been downloaded <<<
中国科学技术大学软件学院 - INFO	>>> cache/GMH/sse/软件学院召开新学期班主任工作会议.txt has been downloaded <<<
中国科学技术大学软件学院 - INFO	>>> cache/GMH/sse/【我为师生办实事】软件学院新学期苏州学生开学工作圆满完成.txt has been downloaded <<<
中国科学技术大学软件学院 - INFO	>>> cache/GMH/sse/副校长杨金龙出席软件学院2023年首次党政联席会.txt has been downloaded <<<
中国科学技术大学软件学院 - INFO	>>> cache/GMH/sse/软件学院召开2022年度考核述职测评会.txt has been downloaded <<<
中国科学技术大学软件学院 - INFO	>>> cache/GMH/sse/【我为师生办实事】软件学院召开师生座谈会.txt has been downloaded <<<
中国科学技术大学软件学院 - INFO	>>> cache/GMH/sse/软件学院（合肥）召开2022级师生座谈会.txt has been downloaded <<<
中国科学技术大学软件学院 - INFO	>>> cache/GMH/sse/软件学院（苏州）召开2022级师生座谈会.txt has been downloaded <<<
中国科学技术大学软件学院 - INFO	>>> cache/GMH/sse/软件学院教职工集中收看江泽民同志追悼大会.txt has been downloaded <<<
中国科学技术大学软件学院 - INFO	>>> cache/GMH/sse/【我为师生办实事】“软件铸魂”再启新程--软件学院生涯导航服务季系列活动.txt has been downloaded <<<
中国科学技术大学软件学院 - INFO	>>> cache/GMH/sse/软件学院理论学习中心组（扩大）学习党的二十大精神.txt has been downloaded <<<
中国科学技术大学软件学院 - INFO	>>> cache/GMH/sse/软件学院成功举办“以码为线，云端相见”迎新晚会.txt has been downloaded <<<
中国科学技术大学软件学院 - INFO	>>> cache/GMH/sse/校领导带队来软件学院进行安全检查.txt has been downloaded <<<
中国科学技术大学软件学院 - INFO	>>> cache/GMH/sse/2022级软件学院研究生参加并观看入学典礼.txt has been downloaded <<<
中国科学技术大学软件学院 - INFO	>>> cache/GMH/sse/软件学院开展2022级新生入学教育.txt has been downloaded <<<
中国科学技术大学软件学院 - INFO	>>> cache/GMH/sse/软件学院召开2022年教育教学研讨会.txt has been downloaded <<<
中国科学技术大学软件学院 - INFO	>>> cache/GMH/sse/软件学院党委理论学习中心组开展学习交流.txt has been downloaded <<<
中国科学技术大学软件学院 - INFO	>>> cache/GMH/sse/软件学院2022级大数据一班举办中秋活动.txt has been downloaded <<<
中国科学技术大学软件学院 - INFO	>>> cache/GMH/sse/软件学院2022级迎新工作圆满完成.txt has been downloaded <<<
中国科学技术大学软件学院 - INFO	>>> cache/GMH/sse/软件学院（合肥）2022级研究生迎新工作圆满结束.txt has been downloaded <<<
中国科学技术大学软件学院 - INFO	>>> cache/GMH/sse/软件学院（苏州）2022级研究生迎新工作圆满结束.txt has been downloaded <<<
中国科学技术大学软件学院 - INFO	>>> cache/GMH/sse/对外合作部赴邮储银行合肥研发基地交流访问.txt has been downloaded <<<
中国科学技术大学软件学院 - INFO	>>> cache/GMH/sse/软件学院举办“不忘初心跟党走”庆七一入党宣誓活动.txt has been downloaded <<<
中国科学技术大学软件学院 - INFO	>>> cache/GMH/sse/“扬帆起航”助力成长——软件学院“实习就业指导服务季”之学长们经验分享交流会顺利举办.txt has been downloaded <<<
中国科学技术大学软件学院 - INFO	>>> cache/GMH/sse/“暂停EMO开启快乐”​——软件学院5.25心理健康月主题活动.txt has been downloaded <<<
中国科学技术大学软件学院 - INFO	>>> cache/GMH/sse/学好“四史”传承红色践行使命——软件学院给学生党员上党课.txt has been downloaded <<<
中国科学技术大学软件学院 - INFO	>>> cache/GMH/sse/“扬帆起航”助力成长——软件学院“实习就业指导服务季”之招聘活动顺利举办.txt has been downloaded <<<
中国科学技术大学软件学院 - INFO	>>> cache/GMH/sse/软件学院（苏州）召开师生座谈会.txt has been downloaded <<<
中国科学技术大学软件学院 - INFO	>>> cache/GMH/sse/软件学院（合肥）召开师生座谈会.txt has been downloaded <<<
中国科学技术大学软件学院 - INFO	>>> cache/GMH/sse/软件学院筑牢防疫堤坝促学生健康成长.txt has been downloaded <<<
中国科学技术大学软件学院 - INFO	>>> cache/GMH/sse/软件学院召开党委理论中心组（扩大）学习会.txt has been downloaded <<<
中国科学技术大学软件学院 - INFO	>>> cache/GMH/sse/“扬帆起航”助力成长系列活动——软件学院“实习就业指导服务季”之“择业策略与心理调适”讲座顺利举办.txt has been downloaded <<<
中国科学技术大学软件学院 - INFO	>>> cache/GMH/sse/“扬帆起航”助力成长——软件学院“实习就业指导服务季”之“生涯规划与就业指导”成功举办.txt has been downloaded <<<
中国科学技术大学软件学院 - INFO	>>> cache/GMH/sse/软件学院组织召开疫情防控安全教育主题班会.txt has been downloaded <<<
中国科学技术大学软件学院 - INFO	>>> cache/GMH/sse/软件学院（合肥）研究生会举办系列体育活动.txt has been downloaded <<<
中国科学技术大学软件学院 - INFO	>>> cache/GMH/sse/软件学院2020级研究生实习不定期检查指导工作顺利完成.txt has been downloaded <<<
中国科学技术大学软件学院 - INFO	>>> cache/GMH/sse/“扬帆起航”助力成长——软件学院“实习就业指导服务季”之“政策宣介”.txt has been downloaded <<<
中国科学技术大学软件学院 - INFO	>>> cache/GMH/sse/软件系统设计第四党支部开展主题党日活动.txt has been downloaded <<<
中国科学技术大学软件学院 - INFO	>>> cache/GMH/sse/软件学院（苏州）教职工第二党支部开展主题党日活动.txt has been downloaded <<<
中国科学技术大学软件学院 - INFO	>>> cache/GMH/sse/软件学院（苏州）举办寒假留校同学​暖心交流会.txt has been downloaded <<<
中国科学技术大学软件学院 - INFO	>>> cache/GMH/sse/校研究生院来我院调研研究生教育工作.txt has been downloaded <<<
中国科学技术大学软件学院 - INFO	>>> cache/GMH/sse/“防控疫情，与爱同行”元旦文艺晚会成功联合举办.txt has been downloaded <<<
中国科学技术大学软件学院 - INFO	>>> cache/GMH/sse/【我为群众办实事】软件学院召开师生座谈会.txt has been downloaded <<<
中国科学技术大学软件学院 - INFO	>>> cache/GMH/sse/软件学院组织师生开展苏州姑苏区人大代表选举工作.txt has been downloaded <<<
中国科学技术大学软件学院 - INFO	>>> cache/GMH/sse/软件学院师生参加纪念“一二·九”校园马拉松长跑活动.txt has been downloaded <<<
中国科学技术大学软件学院 - INFO	>>> cache/GMH/sse/【我为群众办实事】软件学院开展心理活动助学生健康成长.txt has been downloaded <<<
中国科学技术大学软件学院 - INFO	>>> cache/GMH/sse/软件学院召开实验室安全工作会议.txt has been downloaded <<<
中国科学技术大学软件学院 - INFO	>>> cache/GMH/sse/软件学院党委理论学习中心组​深入学习党的十九届六中全会精神.txt has been downloaded <<<
中国科学技术大学软件学院 - INFO	>>> cache/GMH/sse/软件学院组织师生学习党的十九届六中全会精神.txt has been downloaded <<<
中国科学技术大学软件学院 - INFO	>>> cache/GMH/sse/我为师生办实事—软件学院精心组织、为党员发展工作保驾护航.txt has been downloaded <<<
中国科学技术大学软件学院 - INFO	>>> cache/GMH/sse/软件学院召开学生党务工作会议.txt has been downloaded <<<
中国科学技术大学软件学院 - INFO	>>> cache/GMH/sse/我为师生办事实—软件学院积极为毕业生搭建就业平台.txt has been downloaded <<<
中国科学技术大学软件学院 - INFO	>>> cache/GMH/sse/软件学院2020级软设2班党支部开展党组织与发展对象的谈话.txt has been downloaded <<<
中国科学技术大学软件学院 - INFO	>>> cache/GMH/sse/软件学院2020级软设2班党支部组织学习党的十九届六中全会精神.txt has been downloaded <<<
中国科学技术大学软件学院 - INFO	>>> cache/GMH/sse/不忘初心，每球必争——软件学院教工足球队参加六人制足球比赛.txt has been downloaded <<<
中国科学技术大学软件学院 - INFO	>>> cache/GMH/sse/软件学院全体教职工组织进行师德师风专题学习.txt has been downloaded <<<
中国科学技术大学软件学院 - INFO	>>> cache/GMH/sse/不忘初心、奋勇拼搏——软院师生参加校运会.txt has been downloaded <<<
中国科学技术大学软件学院 - INFO	>>> cache/GMH/sse/软件学院“老科学家系列微电影”观影学习活动.txt has been downloaded <<<
中国科学技术大学软件学院 - INFO	>>> cache/GMH/sse/软件学院（苏州）2021级研究生迎新工作圆满结束.txt has been downloaded <<<
中国科学技术大学软件学院 - INFO	>>> cache/GMH/sse/软件学院开展2021级新生入学教育系列活动.txt has been downloaded <<<
中国科学技术大学软件学院 - INFO	>>> cache/GMH/sse/软件学院2021年教育教学研讨会顺利召开.txt has been downloaded <<<
中国科学技术大学软件学院 - INFO	>>> cache/GMH/sse/软件学院（合肥）2021级研究生迎新工作圆满结束.txt has been downloaded <<<
中国科学技术大学软件学院 - INFO	>>> cache/GMH/sse/软件学院理论学习中心组学习习近平总书记在庆祝中国共产党成立100周年大会上的重要讲话精神.txt has been downloaded <<<
中国科学技术大学软件学院 - INFO	>>> cache/GMH/sse/软件学院教工党支部与校审计处党支部联合开展党建活动参观《美术经典中的百年党史》特展.txt has been downloaded <<<
中国科学技术大学软件学院 - INFO	>>> cache/GMH/sse/软件学院举办选调生经验分享会学史力行我为师生办实事.txt has been downloaded <<<
中国科学技术大学软件学院 - INFO	>>> cache/GMH/sse/软件学院学子勇夺“赢在苏州·创赢未来”第十三届苏州青年精英创业大赛桂冠.txt has been downloaded <<<
中国科学技术大学软件学院 - INFO	>>> cache/GMH/sse/软件学院2020级软设1、2党支部学习习近平总书记在庆祝中国共产党成立100周年大会上的重要讲话精神.txt has been downloaded <<<
中国科学技术大学软件学院 - INFO	>>> cache/GMH/sse/软件学院举办2021届毕业生选调考公线上分享会.txt has been downloaded <<<
中国科学技术大学软件学院 - INFO	>>> cache/GMH/sse/软件学院组织师生观看庆祝中国共产党成立100周年大会直播.txt has been downloaded <<<
中国科学技术大学软件学院 - INFO	>>> cache/GMH/sse/软件学院举行庆“七一”学生党员宣誓仪式.txt has been downloaded <<<
中国科学技术大学软件学院 - INFO	>>> cache/GMH/sse/软件学院召开学生座谈会学习贯彻习近平总书记考察清华大学时的重要讲话精神.txt has been downloaded <<<
中国科学技术大学软件学院 - INFO	>>> cache/GMH/sse/软件学院召开师生座谈会学史力行深入调研精准办实事.txt has been downloaded <<<
中国科学技术大学软件学院 - INFO	>>> cache/GMH/sse/软件学院召开6月份班主任工作例会.txt has been downloaded <<<
中国科学技术大学软件学院 - INFO	>>> cache/GMH/sse/软件学院师生同上一堂“党史”大课.txt has been downloaded <<<
中国科学技术大学软件学院 - INFO	>>> cache/GMH/sse/软件学院分工会开展心理健康教职工团体工作坊活动.txt has been downloaded <<<
中国科学技术大学软件学院 - INFO	>>> cache/GMH/sse/软件学院深入学习习近平总书记在清华大学考察时重要讲话精神.txt has been downloaded <<<
中国科学技术大学软件学院 - INFO	>>> cache/GMH/sse/学百年历史守红色基因育报国英才.txt has been downloaded <<<
中国科学技术大学软件学院 - INFO	>>> cache/GMH/sse/软件学院召开党委理论学习中心组集中学习扩大会议.txt has been downloaded <<<
中国科学技术大学软件学院 - INFO	>>> cache/GMH/sse/坚定信念，砥砺前行.txt has been downloaded <<<
中国科学技术大学软件学院 - INFO	>>> cache/GMH/sse/软件学院（苏州）教工党员开展主题党日活动.txt has been downloaded <<<
中国科学技术大学软件学院 - INFO	>>> cache/GMH/sse/软件学院2021年实习招聘周活动圆满结束.txt has been downloaded <<<
中国科学技术大学软件学院 - INFO	>>> cache/GMH/sse/软件学院召开苏州班主任会议.txt has been downloaded <<<
中国科学技术大学软件学院 - INFO	>>> cache/GMH/sse/学史力行办实事开新局.txt has been downloaded <<<
中国科学技术大学软件学院 - INFO	>>> cache/GMH/sse/软件学院苏州2020级专业学位研究生实习动员会顺利召开.txt has been downloaded <<<
中国科学技术大学软件学院 - INFO	>>> cache/GMH/sse/软件学院组织学生开展党史学习教育系列活动.txt has been downloaded <<<
中国科学技术大学软件学院 - INFO	>>> cache/GMH/sse/软件学院2021年实习分享会.txt has been downloaded <<<
中国科学技术大学软件学院 - INFO	>>> cache/GMH/sse/19软设3班开展“学党史，参与全国大学生党史知识竞答”主题团日活动.txt has been downloaded <<<
中国科学技术大学软件学院 - INFO	>>> cache/GMH/sse/2020级软设4班(合肥)举办党史知识竞答学习活动.txt has been downloaded <<<
中国科学技术大学软件学院 - INFO	>>> cache/GMH/sse/校宣讲团成员黄素芳宣讲党的十九届五中全会精神.txt has been downloaded <<<
中国科学技术大学软件学院 - INFO	>>> cache/GMH/sse/软件学院召开2020年度领导班子民主生活会.txt has been downloaded <<<
中国科学技术大学软件学院 - INFO	>>> cache/GMH/sse/2020级软设4班(合肥)举办主题团日学习活动.txt has been downloaded <<<
中国科学技术大学软件学院 - INFO	>>> cache/GMH/sse/软件学院开展“铭记历史，砥砺前行”主题党日活动.txt has been downloaded <<<
中国科学技术大学软件学院 - INFO	>>> cache/GMH/sse/一切从心开始.txt has been downloaded <<<
中国科学技术大学软件学院 - INFO	>>> cache/GMH/sse/软件学院成功举办第一届算法设计大赛.txt has been downloaded <<<
中国科学技术大学软件学院 - INFO	>>> cache/GMH/sse/20级软设四支部召开11月党支部学习会.txt has been downloaded <<<
中国科学技术大学软件学院 - INFO	>>> cache/GMH/sse/我院荣获阿里天池“数智服务创新挑战赛-服务调度比赛”铜牌.txt has been downloaded <<<
中国科学技术大学软件学院 - INFO	>>> cache/GMH/sse/20级软设三班党支部召开11月主题党日学习会.txt has been downloaded <<<
中国科学技术大学软件学院 - INFO	>>> cache/GMH/sse/20级软设一班召开11月份党支部学习会议.txt has been downloaded <<<
中国科学技术大学软件学院 - INFO	>>> cache/GMH/sse/20级大数据与人工智能二班党支部开展11月学习活动.txt has been downloaded <<<
中国科学技术大学软件学院 - INFO	>>> cache/GMH/sse/软件学院2020级网信二班团支部开展十二月份主题团日活动.txt has been downloaded <<<
中国科学技术大学软件学院 - INFO	>>> cache/GMH/sse/20级网安二班党支部召开11月学习会.txt has been downloaded <<<
中国科学技术大学软件学院 - INFO	>>> cache/GMH/sse/20级网安1班开展学习十九届五中全会主题团日活动.txt has been downloaded <<<
中国科学技术大学软件学院 - INFO	>>> cache/GMH/sse/2020级嵌入式一班团支部团日主题活动——学习贯彻党的十九届五中全会精神.txt has been downloaded <<<
中国科学技术大学软件学院 - INFO	>>> cache/GMH/sse/20级网信一班党支部召开11月学习会.txt has been downloaded <<<
中国科学技术大学软件学院 - INFO	>>> cache/GMH/sse/20级软设二班召开11月党支部学习会议.txt has been downloaded <<<
中国科学技术大学软件学院 - INFO	>>> cache/GMH/sse/20级嵌入式二班党支部召开11月学习会.txt has been downloaded <<<
中国科学技术大学软件学院 - INFO	>>> cache/GMH/sse/20级嵌入式一班党支部召开11月学习会.txt has been downloaded <<<
中国科学技术大学软件学院 - INFO	>>> cache/GMH/sse/20级大数据三班召开11月党支部学习会.txt has been downloaded <<<
中国科学技术大学软件学院 - INFO	>>> cache/GMH/sse/软件学院20级嵌入式2班学习贯彻党的十九届五中全会精神.txt has been downloaded <<<
中国科学技术大学软件学院 - INFO	>>> cache/GMH/sse/20级大数据与人工智能一班党支部开展11月学习活动.txt has been downloaded <<<
中国科学技术大学软件学院 - INFO	>>> cache/GMH/sse/软件学院2019级三班“学习第十九届五中全会精神”主题团日活动.txt has been downloaded <<<
中国科学技术大学软件学院 - INFO	>>> cache/GMH/sse/软件学院(合肥)2020级举办11月主题团日活动.txt has been downloaded <<<
中国科学技术大学软件学院 - INFO	>>> cache/GMH/sse/软件学院2020级软设4班、5班开展主题团日活动.txt has been downloaded <<<
中国科学技术大学软件学院 - INFO	>>> cache/GMH/sse/软件学院2020级软件设计3班举办11月主题团日活动.txt has been downloaded <<<
中国科学技术大学软件学院 - INFO	>>> cache/GMH/sse/中共中国科学技术大学软件学院委员会换届选举党员代表大会胜利开幕.txt has been downloaded <<<
中国科学技术大学软件学院 - INFO	>>> cache/GMH/sse/2020级软设2班学习贯彻党的十九届五中全会精神.txt has been downloaded <<<
中国科学技术大学软件学院 - INFO	>>> cache/GMH/sse/软件学院20级网信二班团支部召开学习十九届五中全会精神大会.txt has been downloaded <<<
中国科学技术大学软件学院 - INFO	>>> cache/GMH/sse/软件学院参加2020中国科大体育运动大会.txt has been downloaded <<<
中国科学技术大学软件学院 - INFO	>>> cache/GMH/sse/苏州工业园区图书馆高校服务专业馆迎新季启动仪式成功举行.txt has been downloaded <<<
中国科学技术大学软件学院 - INFO	>>> cache/GMH/sse/软件学院合肥2020级新生参观校史馆.txt has been downloaded <<<
中国科学技术大学软件学院 - INFO	>>> cache/GMH/sse/软件学院20级软设1班召开10月份团日活动.txt has been downloaded <<<
中国科学技术大学软件学院 - INFO	>>> cache/GMH/sse/20级大数据一班“学习贯彻十九届五中全会精神“主题团日活动.txt has been downloaded <<<
中国科学技术大学软件学院 - INFO	>>> cache/GMH/sse/软件学院20级软设1班召开11月份团日活动.txt has been downloaded <<<
中国科学技术大学软件学院 - INFO	>>> cache/GMH/sse/苏研院举办科大篮球赛，大数据学子首战告捷.txt has been downloaded <<<
中国科学技术大学软件学院 - INFO	>>> cache/GMH/sse/参加心理团辅活动，感受学校心理关爱.txt has been downloaded <<<
中国科学技术大学软件学院 - INFO	>>> cache/GMH/sse/认识自我，感受心灵.txt has been downloaded <<<
中国科学技术大学软件学院 - INFO	>>> cache/GMH/sse/软件学院2020级网信二班团支部开展十月份主题团日活动.txt has been downloaded <<<
中国科学技术大学软件学院 - INFO	>>> cache/GMH/sse/软件学院2020级软设4班党支部召开9月学习会.txt has been downloaded <<<
中国科学技术大学软件学院 - INFO	>>> cache/GMH/sse/软件学院2020级网信1班党支部召开9月份党支部学习会议.txt has been downloaded <<<
中国科学技术大学软件学院 - INFO	>>> cache/GMH/sse/软件学院2020级软设3班举办主题学习活动.txt has been downloaded <<<
中国科学技术大学软件学院 - INFO	>>> cache/GMH/sse/软件学院2020级软设1班召开9月份党支部学习会议.txt has been downloaded <<<
中国科学技术大学软件学院 - INFO	>>> cache/GMH/sse/软件学院2020级嵌入式2班召开9月份党支部学习会议.txt has been downloaded <<<
中国科学技术大学软件学院 - INFO	>>> cache/GMH/sse/软件学院2020级嵌入式1班召开9月份党支部大会.txt has been downloaded <<<
中国科学技术大学软件学院 - INFO	>>> cache/GMH/sse/软件学院2020级大数据2班党支部召开9月学习会.txt has been downloaded <<<
中国科学技术大学软件学院 - INFO	>>> cache/GMH/sse/软件学院2020级大数据1班召开主题党日活动.txt has been downloaded <<<
中国科学技术大学软件学院 - INFO	>>> cache/GMH/sse/软件学院20级软设1班召开9月份团日活动.txt has been downloaded <<<
中国科学技术大学软件学院 - INFO	>>> cache/GMH/sse/软件学院2020级网信2班党支部召开9月份党支部学习会议.txt has been downloaded <<<
中国科学技术大学软件学院 - INFO	>>> cache/GMH/sse/软件学院2020级软设2班召开九月份党支部学习会议.txt has been downloaded <<<
中国科学技术大学软件学院 - INFO	>>> cache/GMH/sse/软件学院2020级大数据3班召开9月党支部学习会.txt has been downloaded <<<
中国科学技术大学软件学院 - INFO	>>> cache/GMH/sse/软件学院顺利举办防暴恐与防火安全教育.txt has been downloaded <<<
中国科学技术大学软件学院 - INFO	>>> cache/GMH/sse/软件学院举办“如何应对人生的BUG”心理健康讲座.txt has been downloaded <<<
中国科学技术大学软件学院 - INFO	>>> cache/GMH/sse/软件学院教职工集体收看《纪念抗战胜利75周年》.txt has been downloaded <<<
中国科学技术大学软件学院 - INFO	>>> cache/GMH/sse/软件学院19级网信2班8月份的主题党会.txt has been downloaded <<<
中国科学技术大学软件学院 - INFO	>>> cache/GMH/sse/软件学院19级软设2班党支部开展八月份线上主题党日活动.txt has been downloaded <<<
中国科学技术大学软件学院 - INFO	>>> cache/GMH/sse/软件学院19级嵌入式一班党支部开展八月份线上主题党日活动.txt has been downloaded <<<
中国科学技术大学软件学院 - INFO	>>> cache/GMH/sse/软件学院19级大数据与人工智能2班党支部开展8月份学习活动.txt has been downloaded <<<
中国科学技术大学软件学院 - INFO	>>> cache/GMH/sse/软件学院19级大数据1班党支部8月份支部学习会.txt has been downloaded <<<
中国科学技术大学软件学院 - INFO	>>> cache/GMH/sse/软件学院全体老师集体学习习近平总书记考察安徽重要讲话精神和《习近平谈治国理政》第三卷.txt has been downloaded <<<
中国科学技术大学软件学院 - INFO	>>> cache/GMH/sse/软件学院19级网安1班顺利召开8月份党支部线上学习会议.txt has been downloaded <<<
中国科学技术大学软件学院 - INFO	>>> cache/GMH/sse/软件学院2019级软设四班党支部8月份支部学习会.txt has been downloaded <<<
中国科学技术大学软件学院 - INFO	>>> cache/GMH/sse/软件学院19级嵌入式2班党支部开展八月份线上主题党日活动.txt has been downloaded <<<
中国科学技术大学软件学院 - INFO	>>> cache/GMH/sse/软件学院19级软设1班开展“自检自查，整改落实”八月份支部会议.txt has been downloaded <<<
中国科学技术大学软件学院 - INFO	>>> cache/GMH/sse/软件学院19级软设3班党支部问题与整改讨论会.txt has been downloaded <<<
中国科学技术大学软件学院 - INFO	>>> cache/GMH/sse/我院师生参加第十五届中国研究生电子设计竞赛全国总决赛并获奖.txt has been downloaded <<<
中国科学技术大学软件学院 - INFO	>>> cache/GMH/sse/软件学院19级软设4班召开“不忘初心，弘扬优良家风”主题党会.txt has been downloaded <<<
中国科学技术大学软件学院 - INFO	>>> cache/GMH/sse/软件学院19级软设3班党支部开展“家风”建设学习活动.txt has been downloaded <<<
中国科学技术大学软件学院 - INFO	>>> cache/GMH/sse/软件学院19级软设2班党支部召开七月学习会议.txt has been downloaded <<<
中国科学技术大学软件学院 - INFO	>>> cache/GMH/sse/软件学院19级嵌入式1班党支部召开七月学习会议.txt has been downloaded <<<
中国科学技术大学软件学院 - INFO	>>> cache/GMH/sse/软件学院19级网信2班召开7月份主题党会.txt has been downloaded <<<
中国科学技术大学软件学院 - INFO	>>> cache/GMH/sse/软件学院19级大数据2班党支部开展7月份支部学习活动.txt has been downloaded <<<
中国科学技术大学软件学院 - INFO	>>> cache/GMH/sse/软件学院19级网安1班召开七月党支部线上学习会议.txt has been downloaded <<<
中国科学技术大学软件学院 - INFO	>>> cache/GMH/sse/软件学院19级软设1班开展“学四史，弘扬家风”学习活动.txt has been downloaded <<<
中国科学技术大学软件学院 - INFO	>>> cache/GMH/sse/软件学院19级嵌入式2班党支部开展七月主题党日活动.txt has been downloaded <<<
中国科学技术大学软件学院 - INFO	>>> cache/GMH/sse/软件学院19级大数据与人工智能1班开展7月份党支部组织生活会.txt has been downloaded <<<
中国科学技术大学软件学院 - INFO	>>> cache/GMH/sse/软件学院19级大数据1班顺利召开6月份组织生活会.txt has been downloaded <<<
中国科学技术大学软件学院 - INFO	>>> cache/GMH/sse/软件学院19级嵌入式一班召开6月党支部学习会.txt has been downloaded <<<
中国科学技术大学软件学院 - INFO	>>> cache/GMH/sse/软件学院19软设3班顺利召开6月党支部学习会议.txt has been downloaded <<<
中国科学技术大学软件学院 - INFO	>>> cache/GMH/sse/软件学院19级软设2班成功召开六月党支部学习会议.txt has been downloaded <<<
中国科学技术大学软件学院 - INFO	>>> cache/GMH/sse/软件学院19级大数据2班党支部开展6月份党支部学习活动.txt has been downloaded <<<
中国科学技术大学软件学院 - INFO	>>> cache/GMH/sse/软件学院19级嵌入式2班党支部开展六月“迎党的生日、讲战疫故事、悟初心使命”主题学习活动.txt has been downloaded <<<
中国科学技术大学软件学院 - INFO	>>> cache/GMH/sse/软件学院19级软件系统设计四班组织召开六月份支部大会.txt has been downloaded <<<
中国科学技术大学软件学院 - INFO	>>> cache/GMH/sse/软件学院19级网安1班顺利召开6月党支部学习会议.txt has been downloaded <<<
中国科学技术大学软件学院 - INFO	>>> cache/GMH/sse/软件学院19级网信2班召开6月主题党日.txt has been downloaded <<<
中国科学技术大学软件学院 - INFO	>>> cache/GMH/sse/软件学院19级软设1班6月份支部线上学习活动与组织生活会.txt has been downloaded <<<
中国科学技术大学软件学院 - INFO	>>> cache/GMH/sse/19级网安2班召开“共抗疫情、爱国力行”主题班会.txt has been downloaded <<<
中国科学技术大学软件学院 - INFO	>>> cache/GMH/sse/19软设三班举行“共抗疫情，爱国力行”主题班会.txt has been downloaded <<<
中国科学技术大学软件学院 - INFO	>>> cache/GMH/sse/19级软设4班召开“共抗疫情，爱国力行”主题班会.txt has been downloaded <<<
中国科学技术大学软件学院 - INFO	>>> cache/GMH/sse/19级软设2班召开线上抗疫主题班会.txt has been downloaded <<<
中国科学技术大学软件学院 - INFO	>>> cache/GMH/sse/19级软设1班召开“共抗疫情、爱国力行”主题班会.txt has been downloaded <<<
中国科学技术大学软件学院 - INFO	>>> cache/GMH/sse/19级嵌入式1班开展专题教育活动.txt has been downloaded <<<
中国科学技术大学软件学院 - INFO	>>> cache/GMH/sse/19级大数据2班召开“共抗疫情爱国力行”主题班会.txt has been downloaded <<<
中国科学技术大学软件学院 - INFO	>>> cache/GMH/sse/18级网安2班举行抗疫主题班会.txt has been downloaded <<<
中国科学技术大学软件学院 - INFO	>>> cache/GMH/sse/共抗疫情，爱国力行，我们在行动.txt has been downloaded <<<
中国科学技术大学软件学院 - INFO	>>> cache/GMH/sse/抗疫我们在行动.txt has been downloaded <<<
中国科学技术大学软件学院 - INFO	>>> cache/GMH/sse/我们的生活永远充满阳光.txt has been downloaded <<<
中国科学技术大学软件学院 - INFO	>>> cache/GMH/sse/共克疫情，共度时艰，科学防治，理性爱国.txt has been downloaded <<<
中国科学技术大学软件学院 - INFO	>>> cache/GMH/sse/19级网信2班召开5月主题党会.txt has been downloaded <<<
中国科学技术大学软件学院 - INFO	>>> cache/GMH/sse/用科技描绘社会主义幸福未来.txt has been downloaded <<<
中国科学技术大学软件学院 - INFO	>>> cache/GMH/sse/了解新基建趋势，把握时代脉搏.txt has been downloaded <<<
中国科学技术大学软件学院 - INFO	>>> cache/GMH/sse/用科技描绘社会主义幸福未来.txt has been downloaded <<<
中国科学技术大学软件学院 - INFO	>>> cache/GMH/sse/19级软设2班党支部召开“新基建”主题学习会议.txt has been downloaded <<<
中国科学技术大学软件学院 - INFO	>>> cache/GMH/sse/用科技描绘社会主义幸福未来.txt has been downloaded <<<
中国科学技术大学软件学院 - INFO	>>> cache/GMH/sse/党支部开展五月份线上“用科技描绘社会主义幸福未来”主题学习.txt has been downloaded <<<
中国科学技术大学软件学院 - INFO	>>> cache/GMH/sse/19级嵌入式1班党支部召开“新基建”主题学习会议.txt has been downloaded <<<
中国科学技术大学软件学院 - INFO	>>> cache/GMH/sse/新基建，我们准备好了.txt has been downloaded <<<
中国科学技术大学软件学院 - INFO	>>> cache/GMH/sse/把握时代脉搏，紧跟新基建趋势.txt has been downloaded <<<
中国科学技术大学软件学院 - INFO	>>> cache/GMH/sse/软件学院2019软设4班“聚力同心战疫同行”主题班会.txt has been downloaded <<<
中国科学技术大学软件学院 - INFO	>>> cache/GMH/sse/软件学院19级软件系统设计01班举行“共同抗疫，爱国力行”主题心理班会.txt has been downloaded <<<
中国科学技术大学软件学院 - INFO	>>> cache/GMH/sse/抗击疫情，软院学子在路上.txt has been downloaded <<<
中国科学技术大学软件学院 - INFO	>>> cache/GMH/sse/软件学院19级嵌入式1班开展“共抗疫情，爱国力行”主题班会暨心理教育班会.txt has been downloaded <<<
中国科学技术大学软件学院 - INFO	>>> cache/GMH/sse/软件学院举办春季文化艺术大赛.txt has been downloaded <<<
中国科学技术大学软件学院 - INFO	>>> cache/GMH/sse/2019级软设三班“五四精神传承有我”主题网络活动.txt has been downloaded <<<
中国科学技术大学软件学院 - INFO	>>> cache/GMH/sse/19级软设2班召开在线观影学习会.txt has been downloaded <<<
中国科学技术大学软件学院 - INFO	>>> cache/GMH/sse/19级网信2班开展《英雄之城》观影学习会.txt has been downloaded <<<
中国科学技术大学软件学院 - INFO	>>> cache/GMH/sse/19级网安1班组织观看战疫纪录片《英雄之城》.txt has been downloaded <<<
中国科学技术大学软件学院 - INFO	>>> cache/GMH/sse/19级软设1班开展《英雄之城》线上学习活动.txt has been downloaded <<<
中国科学技术大学软件学院 - INFO	>>> cache/GMH/sse/致敬英雄之城.txt has been downloaded <<<
中国科学技术大学软件学院 - INFO	>>> cache/GMH/sse/观英雄事迹，向楷模学习.txt has been downloaded <<<
中国科学技术大学软件学院 - INFO	>>> cache/GMH/sse/19级嵌入式2班开展观看《英雄之城》主题党日活动.txt has been downloaded <<<
中国科学技术大学软件学院 - INFO	>>> cache/GMH/sse/19级大数据2班开展《英雄之城》线上学习交流分享会.txt has been downloaded <<<
中国科学技术大学软件学院 - INFO	>>> cache/GMH/sse/19级大数据1班召开《英雄之城》学习交流分享会.txt has been downloaded <<<
中国科学技术大学软件学院 - INFO	>>> cache/GMH/sse/19级大数据2班召开线上班会.txt has been downloaded <<<
中国科学技术大学软件学院 - INFO	>>> cache/GMH/sse/软件学院召开2020年上半年开题报告院审会议.txt has been downloaded <<<
中国科学技术大学软件学院 - INFO	>>> cache/GMH/sse/软件学院合肥研会举办实习经验交流会.txt has been downloaded <<<
中国科学技术大学软件学院 - INFO	>>> cache/GMH/sse/19软设三班举办“共抗疫情，爱国力行”主题团日活动.txt has been downloaded <<<
中国科学技术大学软件学院 - INFO	>>> cache/GMH/sse/19级网信二班开展疫情防控主题党会.txt has been downloaded <<<
中国科学技术大学软件学院 - INFO	>>> cache/GMH/sse/19级网安一班开展疫情防控思政大课学习.txt has been downloaded <<<
中国科学技术大学软件学院 - INFO	>>> cache/GMH/sse/不忘初心，牢记防疫使命.txt has been downloaded <<<
中国科学技术大学软件学院 - INFO	>>> cache/GMH/sse/19级软设四班召开“向施咏康同志学习”主题党日活动.txt has been downloaded <<<
中国科学技术大学软件学院 - INFO	>>> cache/GMH/sse/19级软设三班党支部组织学习疫情防控思政课.txt has been downloaded <<<
中国科学技术大学软件学院 - INFO	>>> cache/GMH/sse/19级软设二班开展“同上一堂疫情防控思政大课”活动.txt has been downloaded <<<
中国科学技术大学软件学院 - INFO	>>> cache/GMH/sse/19级嵌入式二班党支部组织开展线上主题活动.txt has been downloaded <<<
中国科学技术大学软件学院 - INFO	>>> cache/GMH/sse/19级嵌入式一班召开线上主题学习活动.txt has been downloaded <<<
中国科学技术大学软件学院 - INFO	>>> cache/GMH/sse/全国大学生同上一堂疫情防控思政大课.txt has been downloaded <<<
中国科学技术大学软件学院 - INFO	>>> cache/GMH/sse/19级大数据一班召开疫情防控思政大课学习会.txt has been downloaded <<<
中国科学技术大学软件学院 - INFO	>>> cache/GMH/sse/18级网安1班党支部开展“疫情防控”主题学习.txt has been downloaded <<<
中国科学技术大学软件学院 - INFO	>>> cache/GMH/sse/为抗疫情奉献青春力量.txt has been downloaded <<<
中国科学技术大学软件学院 - INFO	>>> cache/GMH/sse/万众一心战胜疫情.txt has been downloaded <<<
中国科学技术大学软件学院 - INFO	>>> cache/GMH/sse/19级网安1班开展“青春战疫共克时艰”学习活动.txt has been downloaded <<<
中国科学技术大学软件学院 - INFO	>>> cache/GMH/sse/19级软设3班学习习近平总书记疫情防控重要讲话.txt has been downloaded <<<
中国科学技术大学软件学院 - INFO	>>> cache/GMH/sse/19级软设2班召开“青春战疫共克时艰”主题学习会.txt has been downloaded <<<
中国科学技术大学软件学院 - INFO	>>> cache/GMH/sse/19级嵌入式2班开展疫情防控学习活动.txt has been downloaded <<<
中国科学技术大学软件学院 - INFO	>>> cache/GMH/sse/19级嵌入式1班召开“青春战疫共克时艰”主题学习.txt has been downloaded <<<
中国科学技术大学软件学院 - INFO	>>> cache/GMH/sse/众志成城打赢疫情阻击战.txt has been downloaded <<<
中国科学技术大学软件学院 - INFO	>>> cache/GMH/sse/疫情无情人有情.txt has been downloaded <<<
中国科学技术大学软件学院 - INFO	>>> cache/GMH/sse/19级软设1班开展“青春战役共克时艰”主题会.txt has been downloaded <<<
中国科学技术大学软件学院 - WARNING	Page:https://sse.ustc.edu.cn//2020/0217/c19740a416303/page.htm - Article and File are both empty! pass
中国科学技术大学软件学院 - WARNING	Page:https://sse.ustc.edu.cn//2020/0217/c19740a416302/page.htm - Article and File are both empty! pass
中国科学技术大学软件学院 - INFO	>>> cache/GMH/sse/18级软设1班学习党中央疫情防控指示精神.txt has been downloaded <<<
中国科学技术大学软件学院 - INFO	>>> cache/GMH/sse/18级嵌入式2班召开“青春战役共克时艰”学习会.txt has been downloaded <<<
中国科学技术大学软件学院 - INFO	>>> cache/GMH/sse/18级大数据2班开展“青春战疫”主题学习活动.txt has been downloaded <<<
中国科学技术大学软件学院 - WARNING	Page:https://sse.ustc.edu.cn//2020/0217/c19740a416298/page.htm - Article and File are both empty! pass
中国科学技术大学软件学院 - WARNING	Page:https://sse.ustc.edu.cn//2020/0217/c19740a416296/page.htm - Article and File are both empty! pass
中国科学技术大学软件学院 - WARNING	Page:https://sse.ustc.edu.cn//2020/0217/c19740a416295/page.htm - Article and File are both empty! pass
中国科学技术大学软件学院 - WARNING	Page:https://sse.ustc.edu.cn//2020/0217/c19740a416294/page.htm - Article and File are both empty! pass
中国科学技术大学软件学院 - WARNING	Page:https://sse.ustc.edu.cn//2020/0217/c19740a416293/page.htm - Article and File are both empty! pass
中国科学技术大学软件学院 - WARNING	Page:https://sse.ustc.edu.cn//2020/0217/c19740a416292/page.htm - Article and File are both empty! pass
中国科学技术大学软件学院 - INFO	>>> cache/GMH/sse/软件学院召开“不忘初心、牢记使命”主题教育总结会.txt has been downloaded <<<
中国科学技术大学软件学院 - INFO	>>> cache/GMH/sse/软件学院召开班主任危机干预专题培训会.txt has been downloaded <<<
中国科学技术大学软件学院 - INFO	>>> cache/GMH/sse/教工支部召开“不忘初心、牢记使命”专题组织生活会.txt has been downloaded <<<
中国科学技术大学软件学院 - INFO	>>> cache/GMH/sse/19级大数据2班开展庆元旦系列活动.txt has been downloaded <<<
中国科学技术大学软件学院 - WARNING	Page:https://sse.ustc.edu.cn//2019/1230/c19740a416287/page.htm - Article and File are both empty! pass
中国科学技术大学软件学院 - WARNING	Page:https://sse.ustc.edu.cn//2019/1228/c19740a416286/page.htm - Article and File are both empty! pass
中国科学技术大学软件学院 - INFO	>>> cache/GMH/sse/软件学院研究生会举行2019年末联欢.txt has been downloaded <<<
中国科学技术大学软件学院 - INFO	>>> cache/GMH/sse/19级软设四班召开民主评议党员和组织生活会.txt has been downloaded <<<
中国科学技术大学软件学院 - INFO	>>> cache/GMH/sse/让“红红脸、出出汗“成为常态.txt has been downloaded <<<
中国科学技术大学软件学院 - INFO	>>> cache/GMH/sse/19级网信二班党支部召开组织生活会.txt has been downloaded <<<
中国科学技术大学软件学院 - INFO	>>> cache/GMH/sse/19级网安一班召开组织生活会与民主评议会.txt has been downloaded <<<
中国科学技术大学软件学院 - INFO	>>> cache/GMH/sse/19级软设三班召开组织生活会和民主评议会.txt has been downloaded <<<
中国科学技术大学软件学院 - INFO	>>> cache/GMH/sse/19级软设二班党支部召开组织生活会.txt has been downloaded <<<
中国科学技术大学软件学院 - INFO	>>> cache/GMH/sse/19级大数据二班召开12月组织生活会.txt has been downloaded <<<
中国科学技术大学软件学院 - INFO	>>> cache/GMH/sse/19级大数据与人工智能一班召开12月份党会.txt has been downloaded <<<
中国科学技术大学软件学院 - INFO	>>> cache/GMH/sse/19级嵌入式二班召开组织生活会和民主评议党员会.txt has been downloaded <<<
中国科学技术大学软件学院 - INFO	>>> cache/GMH/sse/19级软设一班开展组织生活会和民主评议党员活动.txt has been downloaded <<<
中国科学技术大学软件学院 - INFO	>>> cache/GMH/sse/软件学院（苏州）举办学生经验分享交流会.txt has been downloaded <<<
中国科学技术大学软件学院 - INFO	>>> cache/GMH/sse/19级软设三班四班冬至联合包饺子.txt has been downloaded <<<
中国科学技术大学软件学院 - INFO	>>> cache/GMH/sse/我院获得第一届海量光学遥感卫星数据智能处理算法大赛.txt has been downloaded <<<
中国科学技术大学软件学院 - WARNING	Page:https://sse.ustc.edu.cn//2019/1211/c19740a416270/page.htm - Article and File are both empty! pass
中国科学技术大学软件学院 - WARNING	Page:https://sse.ustc.edu.cn//2019/1210/c19740a416328/page.htm - Article and File are both empty! pass
中国科学技术大学软件学院 - WARNING	Page:https://sse.ustc.edu.cn//2019/1210/c19740a416269/page.htm - Article and File are both empty! pass
中国科学技术大学软件学院 - INFO	>>> cache/GMH/sse/19级网安二班开展预防艾滋病主题班会.txt has been downloaded <<<
中国科学技术大学软件学院 - INFO	>>> cache/GMH/sse/19级软设1班2班联合开展防艾宣传教育.txt has been downloaded <<<
中国科学技术大学软件学院 - WARNING	Page:https://sse.ustc.edu.cn//2019/1210/c19740a416266/page.htm - Article and File are both empty! pass
中国科学技术大学软件学院 - INFO	>>> cache/GMH/sse/19级软设4班开展防艾宣传教育.txt has been downloaded <<<
中国科学技术大学软件学院 - WARNING	Page:https://sse.ustc.edu.cn//2019/1209/c19740a416264/page.htm - Article and File are both empty! pass
中国科学技术大学软件学院 - WARNING	Page:https://sse.ustc.edu.cn//2019/1209/c19740a416263/page.htm - Article and File are both empty! pass
中国科学技术大学软件学院 - WARNING	Page:https://sse.ustc.edu.cn//2019/1209/c19740a416262/page.htm - Article and File are both empty! pass
中国科学技术大学软件学院 - WARNING	Page:https://sse.ustc.edu.cn//2019/1205/c19740a416261/page.htm - Article and File are both empty! pass
中国科学技术大学软件学院 - WARNING	Page:https://sse.ustc.edu.cn//2019/1205/c19740a416260/page.htm - Article and File are both empty! pass
中国科学技术大学软件学院 - INFO	>>> cache/GMH/sse/19级嵌入式2班召开主题班会.txt has been downloaded <<<
中国科学技术大学软件学院 - INFO	>>> cache/GMH/sse/19级大数据1班开展防“套路贷”主题班会.txt has been downloaded <<<
中国科学技术大学软件学院 - WARNING	Page:https://sse.ustc.edu.cn//2019/1205/c19740a416257/page.htm - Article and File are both empty! pass
中国科学技术大学软件学院 - WARNING	Page:https://sse.ustc.edu.cn//2019/1205/c19740a416256/page.htm - Article and File are both empty! pass
中国科学技术大学软件学院 - WARNING	Page:https://sse.ustc.edu.cn//2019/1205/c19740a416255/page.htm - Article and File are both empty! pass
中国科学技术大学软件学院 - INFO	>>> cache/GMH/sse/2019级软件设计一班开展防范校园贷主题班会.txt has been downloaded <<<
中国科学技术大学软件学院 - WARNING	Page:https://sse.ustc.edu.cn//2019/1205/c19740a416253/page.htm - Article and File are both empty! pass
中国科学技术大学软件学院 - INFO	>>> cache/GMH/sse/19级网信2班召开十一月份党支部学习会议.txt has been downloaded <<<
中国科学技术大学软件学院 - INFO	>>> cache/GMH/sse/19级网安1班召开十一月份党支部学习会议.txt has been downloaded <<<
中国科学技术大学软件学院 - INFO	>>> cache/GMH/sse/19级软设4班召开11月学习交流会.txt has been downloaded <<<
中国科学技术大学软件学院 - INFO	>>> cache/GMH/sse/19级软设3班11月党支部学习交流会记录.txt has been downloaded <<<
中国科学技术大学软件学院 - INFO	>>> cache/GMH/sse/19级软设2班召开11月份党支部学习会议.txt has been downloaded <<<
中国科学技术大学软件学院 - INFO	>>> cache/GMH/sse/“不忘初心，方得始终”.txt has been downloaded <<<
中国科学技术大学软件学院 - INFO	>>> cache/GMH/sse/19级嵌入式2班党支部召开11月份支部学习会议.txt has been downloaded <<<
中国科学技术大学软件学院 - INFO	>>> cache/GMH/sse/19级大数据2班召开11月份党支部学习大会.txt has been downloaded <<<
中国科学技术大学软件学院 - INFO	>>> cache/GMH/sse/19级大数据1班开展十一月份学习活动.txt has been downloaded <<<
中国科学技术大学软件学院 - INFO	>>> cache/GMH/sse/软件学院2019级“谁羽争锋”羽毛球赛.txt has been downloaded <<<
中国科学技术大学软件学院 - INFO	>>> cache/GMH/sse/软件学院网安一班开展校园安全教育.txt has been downloaded <<<
中国科学技术大学软件学院 - INFO	>>> cache/GMH/sse/19级合肥软设三班四班开展防范校园套路贷宣传活动.txt has been downloaded <<<
中国科学技术大学软件学院 - INFO	>>> cache/GMH/sse/软件学院“人际关系团体体验沙龙”.txt has been downloaded <<<
中国科学技术大学软件学院 - INFO	>>> cache/GMH/sse/软件学院学习习近平总书记贺信和党的十九届四次全会精神.txt has been downloaded <<<
中国科学技术大学软件学院 - INFO	>>> cache/GMH/sse/软件学院（苏州）召开班主任工作例会.txt has been downloaded <<<
中国科学技术大学软件学院 - INFO	>>> cache/GMH/sse/软件学院（苏州）开展“守初心、担使命”主题教育活动.txt has been downloaded <<<
中国科学技术大学软件学院 - INFO	>>> cache/GMH/sse/2019级软设2班开展主题党日活动.txt has been downloaded <<<
中国科学技术大学软件学院 - INFO	>>> cache/GMH/sse/2019级软设2班召开10月份党支部学习会议.txt has been downloaded <<<
中国科学技术大学软件学院 - INFO	>>> cache/GMH/sse/2019级大数据2班召开十月份党支部学习大会.txt has been downloaded <<<
中国科学技术大学软件学院 - INFO	>>> cache/GMH/sse/2019级软设一班开展党支部主题党日活动.txt has been downloaded <<<
中国科学技术大学软件学院 - INFO	>>> cache/GMH/sse/“不忘初心，砥砺前行”.txt has been downloaded <<<
中国科学技术大学软件学院 - INFO	>>> cache/GMH/sse/“理论联系实际”开展丰富多样的学生党组织活动.txt has been downloaded <<<
中国科学技术大学软件学院 - INFO	>>> cache/GMH/sse/软件学院2019级嵌入式1班参观苏州博物馆.txt has been downloaded <<<
中国科学技术大学软件学院 - INFO	>>> cache/GMH/sse/大数据2班举行“不忘初心、牢记使命”主题团日活动.txt has been downloaded <<<
中国科学技术大学软件学院 - INFO	>>> cache/GMH/sse/软件学院2019级大数据1班走进苏州博物馆.txt has been downloaded <<<
中国科学技术大学软件学院 - INFO	>>> cache/GMH/sse/软件学院举办2019“创慧湖”开发者技术交流沙龙.txt has been downloaded <<<
中国科学技术大学软件学院 - INFO	>>> cache/GMH/sse/软件学院主办“创慧湖”行业应用与技术发展论坛.txt has been downloaded <<<
中国科学技术大学软件学院 - INFO	>>> cache/GMH/sse/校党委巡察组向软件学院反馈巡察情况.txt has been downloaded <<<
中国科学技术大学软件学院 - INFO	>>> cache/GMH/sse/大数据2班举行“不忘初心、牢记使命”主题团日活动.txt has been downloaded <<<
中国科学技术大学软件学院 - INFO	>>> cache/GMH/sse/“不忘初心、牢记使命”主题教育.txt has been downloaded <<<
中国科学技术大学软件学院 - INFO	>>> cache/GMH/sse/2019级网信2班党支部举行十月份志愿活动.txt has been downloaded <<<
中国科学技术大学软件学院 - INFO	>>> cache/GMH/sse/2019级嵌入式2班党支部开展志愿服务活动.txt has been downloaded <<<
中国科学技术大学软件学院 - INFO	>>> cache/GMH/sse/2019级大数据2班党支部举办志愿服务活动.txt has been downloaded <<<
中国科学技术大学软件学院 - INFO	>>> cache/GMH/sse/2019级大数据与人工智能1班召开党支部大会.txt has been downloaded <<<
中国科学技术大学软件学院 - INFO	>>> cache/GMH/sse/2019级软设4班党员参加志愿活动.txt has been downloaded <<<
中国科学技术大学软件学院 - INFO	>>> cache/GMH/sse/2019级嵌入式2班召开10月份支部学习会议.txt has been downloaded <<<
中国科学技术大学软件学院 - INFO	>>> cache/GMH/sse/19级大数据2班举办国庆观影主题党日活动.txt has been downloaded <<<
中国科学技术大学软件学院 - INFO	>>> cache/GMH/sse/“不忘初心、牢记使命”主题教育.txt has been downloaded <<<
中国科学技术大学软件学院 - INFO	>>> cache/GMH/sse/2019科大运动会软院健儿奋勇拼搏.txt has been downloaded <<<
中国科学技术大学软件学院 - INFO	>>> cache/GMH/sse/软件学院开展“坚定信念，砥砺前行”党课学习活动.txt has been downloaded <<<
中国科学技术大学软件学院 - INFO	>>> cache/GMH/sse/软设一班学习贯彻社会主义核心价值观主题团日活动.txt has been downloaded <<<
中国科学技术大学软件学院 - INFO	>>> cache/GMH/sse/19级软件设计2班举办主题团日活动.txt has been downloaded <<<
中国科学技术大学软件学院 - INFO	>>> cache/GMH/sse/教育部-Google产学研协同育人教研会在我院举行.txt has been downloaded <<<
中国科学技术大学软件学院 - INFO	>>> cache/GMH/sse/网安1班、2班举办“传承红色基因”团日活动.txt has been downloaded <<<
中国科学技术大学软件学院 - INFO	>>> cache/GMH/sse/2019级嵌入式1班召开“不忘初心、牢记使命”党支.txt has been downloaded <<<
中国科学技术大学软件学院 - INFO	>>> cache/GMH/sse/2019级软设2班召开9月份党支部学习会议.txt has been downloaded <<<
中国科学技术大学软件学院 - INFO	>>> cache/GMH/sse/2019级网信2班召开9月份党支部学习会议.txt has been downloaded <<<
中国科学技术大学软件学院 - INFO	>>> cache/GMH/sse/2019级网安1班召开党支部学习会议.txt has been downloaded <<<
中国科学技术大学软件学院 - INFO	>>> cache/GMH/sse/2019级软设3班党支部召开学习交流会.txt has been downloaded <<<
中国科学技术大学软件学院 - INFO	>>> cache/GMH/sse/2019级大数据2班召开九月份党支部学习大会.txt has been downloaded <<<
中国科学技术大学软件学院 - INFO	>>> cache/GMH/sse/2019级嵌入式2班党支部召开9月份支部学习会议.txt has been downloaded <<<
中国科学技术大学软件学院 - INFO	>>> cache/GMH/sse/2019级大数据与人工智能1班召开党支部大会.txt has been downloaded <<<
中国科学技术大学软件学院 - INFO	>>> cache/GMH/sse/2019级软设1班召开党支部会议.txt has been downloaded <<<
中国科学技术大学软件学院 - INFO	>>> cache/GMH/sse/软件学院合肥举办“不忘初心、牢记使命”主题团日活动.txt has been downloaded <<<
中国科学技术大学软件学院 - INFO	>>> cache/GMH/sse/软件学院举办党支部工作培训班.txt has been downloaded <<<
中国科学技术大学软件学院 - INFO	>>> cache/GMH/sse/软件学院19级新生参观校史馆.txt has been downloaded <<<
中国科学技术大学软件学院 - INFO	>>> cache/GMH/sse/19级软设4班召开9月份党支部学习会议.txt has been downloaded <<<
中国科学技术大学软件学院 - INFO	>>> cache/GMH/sse/软件学院举办“不忘初心，无悔人生”心理健康讲座.txt has been downloaded <<<
中国科学技术大学软件学院 - INFO	>>> cache/GMH/sse/软件学院举行2019新生入学教育.txt has been downloaded <<<
中国科学技术大学软件学院 - INFO	>>> cache/GMH/sse/软件学院启动“不忘初心、牢记使命”主题教育暨新.txt has been downloaded <<<
中国科学技术大学软件学院 - INFO	>>> cache/GMH/sse/校党委巡察组巡察软件学院工作动员会召开.txt has been downloaded <<<
中国科学技术大学软件学院 - INFO	>>> cache/GMH/sse/软件学院（苏州）举行2019级新生开学典礼.txt has been downloaded <<<
中国科学技术大学软件学院 - INFO	>>> cache/GMH/sse/软件学院举行新生素质拓展活动.txt has been downloaded <<<
中国科学技术大学软件学院 - INFO	>>> cache/GMH/sse/软件学院顺利举办防暴恐安全教育.txt has been downloaded <<<
中国科学技术大学软件学院 - INFO	>>> cache/GMH/sse/中汽中心数据资源中心-软件学院实习开班仪式成功举办.txt has been downloaded <<<
中国科学技术大学软件学院 - INFO	>>> cache/GMH/sse/移动机器人实验室举办模拟学术研讨会暨工程实践答辩会.txt has been downloaded <<<
中国科学技术大学软件学院 - INFO	>>> cache/GMH/sse/软件学院举办返校校友座谈会.txt has been downloaded <<<
中国科学技术大学软件学院 - INFO	>>> cache/GMH/sse/18级软设2班召开6月份党支部学习会议.txt has been downloaded <<<
中国科学技术大学软件学院 - INFO	>>> cache/GMH/sse/18级软设1班召开6月份党支部学习会议.txt has been downloaded <<<
中国科学技术大学软件学院 - INFO	>>> cache/GMH/sse/18级网信2班召开6月份党支部学习会议.txt has been downloaded <<<
中国科学技术大学软件学院 - INFO	>>> cache/GMH/sse/18级软设4班党支部召开6月份支部大会.txt has been downloaded <<<
中国科学技术大学软件学院 - INFO	>>> cache/GMH/sse/18级嵌入式1班党支部召开6月份支部大会.txt has been downloaded <<<
中国科学技术大学软件学院 - INFO	>>> cache/GMH/sse/18级大数据2班党支部召开6月党支部大会.txt has been downloaded <<<
中国科学技术大学软件学院 - INFO	>>> cache/GMH/sse/18级嵌入式2班党支部召开6月份支部大会.txt has been downloaded <<<
中国科学技术大学软件学院 - INFO	>>> cache/GMH/sse/18级大数据与人工智能1班召开6月份党支部大会.txt has been downloaded <<<
中国科学技术大学软件学院 - INFO	>>> cache/GMH/sse/18级网信1班党支部召开6月支部大会.txt has been downloaded <<<
中国科学技术大学软件学院 - INFO	>>> cache/GMH/sse/18级软设3班举行6月份支部学习会.txt has been downloaded <<<
中国科学技术大学软件学院 - INFO	>>> cache/GMH/sse/软件学院举行新发展党员入党宣誓仪式.txt has been downloaded <<<
中国科学技术大学软件学院 - INFO	>>> cache/GMH/sse/软件学院举行防暴恐安全教育.txt has been downloaded <<<
中国科学技术大学软件学院 - INFO	>>> cache/GMH/sse/我院成功举办羽毛球友谊赛.txt has been downloaded <<<
中国科学技术大学软件学院 - INFO	>>> cache/GMH/sse/我院成功举办纪念五四运动一百周年健步走活动.txt has been downloaded <<<
中国科学技术大学软件学院 - INFO	>>> cache/GMH/sse/18级软设2班召开5月份支部大会.txt has been downloaded <<<
中国科学技术大学软件学院 - INFO	>>> cache/GMH/sse/18级嵌入式1班党支部召开5月份支部大会.txt has been downloaded <<<
中国科学技术大学软件学院 - INFO	>>> cache/GMH/sse/18级大数据与人工智能1班召开5月份党支部大会.txt has been downloaded <<<
中国科学技术大学软件学院 - INFO	>>> cache/GMH/sse/18级大数据2班党支部召开5月份党支部大会.txt has been downloaded <<<
中国科学技术大学软件学院 - INFO	>>> cache/GMH/sse/18级网信1班党支部召开5月支部大会.txt has been downloaded <<<
中国科学技术大学软件学院 - INFO	>>> cache/GMH/sse/传承五四精神，为实现中国梦而奋斗.txt has been downloaded <<<
中国科学技术大学软件学院 - INFO	>>> cache/GMH/sse/18级软设1班召开5月份党支部学习会议.txt has been downloaded <<<
中国科学技术大学软件学院 - INFO	>>> cache/GMH/sse/18级网络与信息安全2班召开5月份党支部学习会议.txt has been downloaded <<<
中国科学技术大学软件学院 - INFO	>>> cache/GMH/sse/18级软件系统设计3班召开5月份党支部学习会议.txt has been downloaded <<<
中国科学技术大学软件学院 - INFO	>>> cache/GMH/sse/18级嵌入式2班党支部学习习近平总书记纪念五四运动讲话.txt has been downloaded <<<
中国科学技术大学软件学院 - INFO	>>> cache/GMH/sse/18级大数据与人工智能1班举办主题团日活动.txt has been downloaded <<<
中国科学技术大学软件学院 - INFO	>>> cache/GMH/sse/18嵌入式2班召开学习纪念五四运动讲话主题班会.txt has been downloaded <<<
中国科学技术大学软件学院 - INFO	>>> cache/GMH/sse/18级软设1班召开学习习近平总书记五四讲话主题班会.txt has been downloaded <<<
中国科学技术大学软件学院 - INFO	>>> cache/GMH/sse/苏州教工党支部举行学习“五四”讲话精神交流会.txt has been downloaded <<<
中国科学技术大学软件学院 - INFO	>>> cache/GMH/sse/18网信2班学习习近平总书记纪念五四运动重要讲话.txt has been downloaded <<<
中国科学技术大学软件学院 - INFO	>>> cache/GMH/sse/18级网信1班学习习近平总书记纪念五四运动一百周年讲话.txt has been downloaded <<<
中国科学技术大学软件学院 - INFO	>>> cache/GMH/sse/18级合肥班级召开学习习近平总书记纪念五四讲话主题班会.txt has been downloaded <<<
中国科学技术大学软件学院 - INFO	>>> cache/GMH/sse/软件学院取得校羽毛球团体赛亚军.txt has been downloaded <<<
中国科学技术大学软件学院 - INFO	>>> cache/GMH/sse/学院组织学工队伍学习习近平总书记纪念五四运动讲话.txt has been downloaded <<<
中国科学技术大学软件学院 - INFO	Done
