中国科学技术大学出版社 - INFO	Downloading src files for 中国科学技术大学出版社...
中国科学技术大学出版社 - INFO	Getting the src_urls list of center https://press.ustc.edu.cn/tgxz/list.htm...
中国科学技术大学出版社 - INFO	Getting the src_urls list of center https://press.ustc.edu.cn/xtxxb/list.htm...
中国科学技术大学出版社 - INFO	Getting the src_urls list of center https://press.ustc.edu.cn/bzgf/list.htm...
中国科学技术大学出版社 - INFO	Getting the src_urls list of center https://press.ustc.edu.cn/wjfg/list.htm...
中国科学技术大学出版社 - INFO	Getting the src_urls list of center https://press.ustc.edu.cn/jxzy/list.htm...
中国科学技术大学出版社 - INFO	Getting the src_urls list of center https://press.ustc.edu.cn/snxw/list.htm...
中国科学技术大学出版社 - INFO	>>> cache/GMH/press/附件4：中国科大出版社写作要求.docx has been downloaded <<<
中国科学技术大学出版社 - INFO	>>> cache/GMH/press/中国科学技术大学出版社图书写作指南.txt has been downloaded <<<
中国科学技术大学出版社 - INFO	>>> cache/GMH/press/投稿须知.txt has been downloaded <<<
中国科学技术大学出版社 - INFO	>>> cache/GMH/press/学术专著选题信息表.doc has been downloaded <<<
中国科学技术大学出版社 - INFO	>>> cache/GMH/press/中国科学技术大学出版社学术专著选题信息表.txt has been downloaded <<<
中国科学技术大学出版社 - INFO	>>> cache/GMH/press/教材选题信息表.doc has been downloaded <<<
中国科学技术大学出版社 - INFO	>>> cache/GMH/press/中国科学技术大学出版社教材选题信息表.txt has been downloaded <<<
中国科学技术大学出版社 - INFO	>>> cache/GMH/press/中国科学技术大学精品教材选题申报表.doc has been downloaded <<<
中国科学技术大学出版社 - INFO	>>> cache/GMH/press/中国科学技术大学精品教材选题申报表.txt has been downloaded <<<
中国科学技术大学出版社 - INFO	>>> cache/GMH/press/图书选题信息表.doc has been downloaded <<<
中国科学技术大学出版社 - INFO	>>> cache/GMH/press/中国科学技术大学出版社图书选题信息表.txt has been downloaded <<<
中国科学技术大学出版社 - INFO	>>> cache/GMH/press/GB／T12451-2023图书在版编目数据.txt has been downloaded <<<
中国科学技术大学出版社 - INFO	>>> cache/GMH/press/第一批异形词整理表.doc has been downloaded <<<
中国科学技术大学出版社 - INFO	>>> cache/GMH/press/第一批异形词整理表.txt has been downloaded <<<
中国科学技术大学出版社 - INFO	>>> cache/GMH/press/GB_3101-93_有关量、单位和符号的一般规则.pdf has been downloaded <<<
中国科学技术大学出版社 - INFO	>>> cache/GMH/press/有关量、单位和符号的一般规则.txt has been downloaded <<<
中国科学技术大学出版社 - INFO	>>> cache/GMH/press/极限数值的表示方法和判定方法 GB 1250-89.pdf has been downloaded <<<
中国科学技术大学出版社 - INFO	>>> cache/GMH/press/极限数值的表示方法和判定方法.txt has been downloaded <<<
中国科学技术大学出版社 - INFO	>>> cache/GMH/press/标点符号用法.txt has been downloaded <<<
中国科学技术大学出版社 - INFO	>>> cache/GMH/press/出版物上数学用法的规定.txt has been downloaded <<<
中国科学技术大学出版社 - INFO	>>> cache/GMH/press/出版物汉字使用管理规定.txt has been downloaded <<<
中国科学技术大学出版社 - INFO	>>> cache/GMH/press/音像制品管理条例(2020修订).txt has been downloaded <<<
中国科学技术大学出版社 - INFO	>>> cache/GMH/press/中华人民共和国著作权法(2020修正).docx has been downloaded <<<
中国科学技术大学出版社 - INFO	>>> cache/GMH/press/中华人民共和国著作权法(2020修正).txt has been downloaded <<<
中国科学技术大学出版社 - INFO	>>> cache/GMH/press/出版管理条例(2020修订).docx has been downloaded <<<
中国科学技术大学出版社 - INFO	>>> cache/GMH/press/出版管理条例(2020修订).txt has been downloaded <<<
中国科学技术大学出版社 - INFO	>>> cache/GMH/press/《出版业“十四五”时期发展规划》.pdf has been downloaded <<<
中国科学技术大学出版社 - INFO	>>> cache/GMH/press/《出版业“十四五”时期发展规划》附件.pdf has been downloaded <<<
中国科学技术大学出版社 - INFO	>>> cache/GMH/press/出版业“十四五”时期发展规划.txt has been downloaded <<<
中国科学技术大学出版社 - INFO	>>> cache/GMH/press/图书质量管理规定.txt has been downloaded <<<
中国科学技术大学出版社 - WARNING	Page:https://press.ustc.edu.cn//_upload/article/videos/0f/69/e53b09a9443a97e478bfca185343/8b5fbe11-3856-4846-b975-f2bbe93f44a7.mp4 - Article and File are both empty! pass
中国科学技术大学出版社 - WARNING	Page:https://press.ustc.edu.cn//_upload/article/videos/0f/69/e53b09a9443a97e478bfca185343/d37c9dbe-6dea-484b-af50-03621639dd46.mp4 - Article and File are both empty! pass
中国科学技术大学出版社 - WARNING	Page:https://press.ustc.edu.cn//_upload/article/videos/0f/69/e53b09a9443a97e478bfca185343/f43c294d-4902-4a34-a4c8-faf6f1511820.mp4 - Article and File are both empty! pass
中国科学技术大学出版社 - WARNING	Page:https://press.ustc.edu.cn//_upload/article/videos/0f/69/e53b09a9443a97e478bfca185343/664cd657-4c62-4346-a884-afbde9dced84.mp4 - Article and File are both empty! pass
中国科学技术大学出版社 - WARNING	Page:https://press.ustc.edu.cn//_upload/article/videos/0f/69/e53b09a9443a97e478bfca185343/cb27fe22-4c99-4d46-8f40-7954455bebc1.mp4 - Article and File are both empty! pass
中国科学技术大学出版社 - WARNING	Page:https://press.ustc.edu.cn//_upload/article/videos/0f/69/e53b09a9443a97e478bfca185343/ba9d92f4-d6d8-4c8c-92e4-1b66d66f7fcd.mp4 - Article and File are both empty! pass
中国科学技术大学出版社 - WARNING	Page:https://press.ustc.edu.cn//_upload/article/videos/0f/69/e53b09a9443a97e478bfca185343/35fd5c95-caba-4f84-a69b-f33ede3e43b2.mp4 - Article and File are both empty! pass
中国科学技术大学出版社 - WARNING	Page:https://press.ustc.edu.cn//_upload/article/videos/0f/69/e53b09a9443a97e478bfca185343/58908229-0cf6-4e84-b1fe-6bb5d772dca2.mp4 - Article and File are both empty! pass
中国科学技术大学出版社 - WARNING	Page:https://press.ustc.edu.cn//_upload/article/videos/0f/69/e53b09a9443a97e478bfca185343/7f4ef96e-fd8f-407d-980b-67c44efcec74.mp4 - Article and File are both empty! pass
中国科学技术大学出版社 - WARNING	Page:https://press.ustc.edu.cn//_upload/article/videos/0f/69/e53b09a9443a97e478bfca185343/951828d6-22da-4b08-b354-762059aad643.mp4 - Article and File are both empty! pass
中国科学技术大学出版社 - WARNING	Page:https://press.ustc.edu.cn//_upload/article/videos/0f/69/e53b09a9443a97e478bfca185343/15817164-6c31-4bd7-8900-2f9057144c8f.mp4 - Article and File are both empty! pass
中国科学技术大学出版社 - WARNING	Page:https://press.ustc.edu.cn//_upload/article/videos/0f/69/e53b09a9443a97e478bfca185343/ce5a1890-2c25-4274-8cc6-b2c7ff98dba5.mp4 - Article and File are both empty! pass
中国科学技术大学出版社 - WARNING	Page:https://press.ustc.edu.cn//_upload/article/videos/0f/69/e53b09a9443a97e478bfca185343/f5b0e73e-86c3-4770-91ba-1c1eda211d18.mp4 - Article and File are both empty! pass
中国科学技术大学出版社 - WARNING	Page:https://press.ustc.edu.cn//_upload/article/videos/0f/69/e53b09a9443a97e478bfca185343/0849a70f-065c-4591-a0d4-cded70d05180.mp4 - Article and File are both empty! pass
中国科学技术大学出版社 - WARNING	Page:https://press.ustc.edu.cn//_upload/article/videos/0f/69/e53b09a9443a97e478bfca185343/38544bc2-c90d-4dc3-bcbf-38cd86e523c6.mp4 - Article and File are both empty! pass
中国科学技术大学出版社 - WARNING	Page:https://press.ustc.edu.cn//_upload/article/videos/0f/69/e53b09a9443a97e478bfca185343/977bf521-d141-4036-8be3-887f49860806.mp4 - Article and File are both empty! pass
中国科学技术大学出版社 - WARNING	Page:https://press.ustc.edu.cn//_upload/article/videos/0f/69/e53b09a9443a97e478bfca185343/4a1a269f-97e6-4704-b107-b81de78ad619.mp4 - Article and File are both empty! pass
中国科学技术大学出版社 - WARNING	Page:https://press.ustc.edu.cn//_upload/article/videos/0f/69/e53b09a9443a97e478bfca185343/b52f8592-c8d8-4ae8-85f8-cc7f06eb2f21.mp4 - Article and File are both empty! pass
中国科学技术大学出版社 - INFO	>>> cache/GMH/press/高中化学数字化实验典型案例.txt has been downloaded <<<
中国科学技术大学出版社 - INFO	>>> cache/GMH/press/2022—2024年真題电子版和答案.zip has been downloaded <<<
中国科学技术大学出版社 - INFO	>>> cache/GMH/press/高考物理真题分类汇编：1977—2024.上册.txt has been downloaded <<<
中国科学技术大学出版社 - WARNING	Page:https://press.ustc.edu.cn//_upload/article/videos/26/96/57de21a44d9eb0ee61eba147aab1/98172e6b-4e09-479c-9f33-f9620b9cc4f9.mp4 - Article and File are both empty! pass
中国科学技术大学出版社 - WARNING	Page:https://press.ustc.edu.cn//_upload/article/videos/26/96/57de21a44d9eb0ee61eba147aab1/e2702d7f-cdd1-42c0-bb7b-3845ef52134b.mp4 - Article and File are both empty! pass
中国科学技术大学出版社 - WARNING	Page:https://press.ustc.edu.cn//_upload/article/videos/26/96/57de21a44d9eb0ee61eba147aab1/a56d5c5d-aafb-4290-97ce-9bb366c9ac35.mp4 - Article and File are both empty! pass
中国科学技术大学出版社 - WARNING	Page:https://press.ustc.edu.cn//_upload/article/videos/26/96/57de21a44d9eb0ee61eba147aab1/30b706a9-7a0b-4ca9-a25f-096c72b38d54.mp4 - Article and File are both empty! pass
中国科学技术大学出版社 - WARNING	Page:https://press.ustc.edu.cn//_upload/article/videos/26/96/57de21a44d9eb0ee61eba147aab1/891d480b-5ec1-44b9-8964-10179fd97738.mp4 - Article and File are both empty! pass
中国科学技术大学出版社 - WARNING	Page:https://press.ustc.edu.cn//_upload/article/videos/26/96/57de21a44d9eb0ee61eba147aab1/f5deeffe-ba69-4b33-8f78-7f96e60d314d.mp4 - Article and File are both empty! pass
中国科学技术大学出版社 - WARNING	Page:https://press.ustc.edu.cn//_upload/article/videos/26/96/57de21a44d9eb0ee61eba147aab1/3d4445d0-3d19-4fe8-a5ef-52d8399a7ae3.mp4 - Article and File are both empty! pass
中国科学技术大学出版社 - WARNING	Page:https://press.ustc.edu.cn//_upload/article/videos/26/96/57de21a44d9eb0ee61eba147aab1/604eae57-96c8-43f3-b657-66d49d7265b9.mp4 - Article and File are both empty! pass
中国科学技术大学出版社 - WARNING	Page:https://press.ustc.edu.cn//_upload/article/videos/26/96/57de21a44d9eb0ee61eba147aab1/d7246e91-7931-4d31-856d-3d1305f0835f.mp4 - Article and File are both empty! pass
中国科学技术大学出版社 - WARNING	Page:https://press.ustc.edu.cn//_upload/article/videos/26/96/57de21a44d9eb0ee61eba147aab1/469e89fe-8ee2-4200-b824-2d9fbe567c66.mp4 - Article and File are both empty! pass
中国科学技术大学出版社 - WARNING	Page:https://press.ustc.edu.cn//_upload/article/videos/26/96/57de21a44d9eb0ee61eba147aab1/cde49801-7875-46ad-a7a8-95cb105b091c.mp4 - Article and File are both empty! pass
中国科学技术大学出版社 - WARNING	Page:https://press.ustc.edu.cn//_upload/article/videos/26/96/57de21a44d9eb0ee61eba147aab1/713cf282-e39e-4934-b51f-644b756762a6.mp4 - Article and File are both empty! pass
中国科学技术大学出版社 - WARNING	Page:https://press.ustc.edu.cn//_upload/article/videos/26/96/57de21a44d9eb0ee61eba147aab1/281b22b2-3277-41a8-8e48-b65dc1e319c3.mp4 - Article and File are both empty! pass
中国科学技术大学出版社 - INFO	>>> cache/GMH/press/抽丝剥茧学物理竞赛上册增补.txt has been downloaded <<<
中国科学技术大学出版社 - WARNING	Page:https://press.ustc.edu.cn//_upload/article/videos/d0/1e/5215ca804d5eb5d5575967336786/4c0d9947-0319-44a5-a897-f05d62c4ba3b.mp4 - Article and File are both empty! pass
中国科学技术大学出版社 - WARNING	Page:https://press.ustc.edu.cn//_upload/article/videos/d0/1e/5215ca804d5eb5d5575967336786/4b3227a0-b36a-44be-a5ca-0ee9bed208f7.mp4 - Article and File are both empty! pass
中国科学技术大学出版社 - WARNING	Page:https://press.ustc.edu.cn//_upload/article/videos/d0/1e/5215ca804d5eb5d5575967336786/d4f01896-7d6b-4a31-bf53-2bb3899f043e.mp4 - Article and File are both empty! pass
中国科学技术大学出版社 - WARNING	Page:https://press.ustc.edu.cn//_upload/article/videos/d0/1e/5215ca804d5eb5d5575967336786/7381bdf5-17d5-4a13-b325-9da189141096.mp4 - Article and File are both empty! pass
中国科学技术大学出版社 - WARNING	Page:https://press.ustc.edu.cn//_upload/article/videos/d0/1e/5215ca804d5eb5d5575967336786/a6c363d8-f956-4cb8-818b-73cb0d00309c.mp4 - Article and File are both empty! pass
中国科学技术大学出版社 - WARNING	Page:https://press.ustc.edu.cn//_upload/article/videos/d0/1e/5215ca804d5eb5d5575967336786/9f5172dc-a4ab-48ba-9eec-bfe9a29bc469.mp4 - Article and File are both empty! pass
中国科学技术大学出版社 - WARNING	Page:https://press.ustc.edu.cn//_upload/article/videos/d0/1e/5215ca804d5eb5d5575967336786/94759848-4454-4dd3-95fb-3c66459e0a61.mp4 - Article and File are both empty! pass
中国科学技术大学出版社 - WARNING	Page:https://press.ustc.edu.cn//_upload/article/videos/d0/1e/5215ca804d5eb5d5575967336786/0aa6a5f0-161d-41dd-a4a8-34cfec7d066d.mp4 - Article and File are both empty! pass
中国科学技术大学出版社 - WARNING	Page:https://press.ustc.edu.cn//_upload/article/videos/d0/1e/5215ca804d5eb5d5575967336786/0480a58c-85c3-40b1-96da-eab6658a7e95.mp4 - Article and File are both empty! pass
中国科学技术大学出版社 - WARNING	Page:https://press.ustc.edu.cn//_upload/article/videos/d0/1e/5215ca804d5eb5d5575967336786/f118bbfb-3a8d-4bf5-b5da-89d936542a81.mp4 - Article and File are both empty! pass
中国科学技术大学出版社 - WARNING	Page:https://press.ustc.edu.cn//_upload/article/videos/d0/1e/5215ca804d5eb5d5575967336786/71e2f783-29f5-4a7d-acc1-5f39d584ed40.mp4 - Article and File are both empty! pass
中国科学技术大学出版社 - WARNING	Page:https://press.ustc.edu.cn//_upload/article/videos/d0/1e/5215ca804d5eb5d5575967336786/95dd97ce-2596-4e25-a851-b353e537df41.mp4 - Article and File are both empty! pass
中国科学技术大学出版社 - WARNING	Page:https://press.ustc.edu.cn//_upload/article/videos/d0/1e/5215ca804d5eb5d5575967336786/4b1f9821-bb48-4f7d-8731-02ace06c16b6.mp4 - Article and File are both empty! pass
中国科学技术大学出版社 - WARNING	Page:https://press.ustc.edu.cn//_upload/article/videos/d0/1e/5215ca804d5eb5d5575967336786/84bc6d8b-1804-4bed-9cff-9a57bb2889b7.mp4 - Article and File are both empty! pass
中国科学技术大学出版社 - WARNING	Page:https://press.ustc.edu.cn//_upload/article/videos/d0/1e/5215ca804d5eb5d5575967336786/0131ffd4-6492-4f8d-adbf-49f854e9d63d.mp4 - Article and File are both empty! pass
中国科学技术大学出版社 - WARNING	Page:https://press.ustc.edu.cn//_upload/article/videos/d0/1e/5215ca804d5eb5d5575967336786/4e139deb-cd76-49f0-82c4-161e16565758.mp4 - Article and File are both empty! pass
中国科学技术大学出版社 - WARNING	Page:https://press.ustc.edu.cn//_upload/article/videos/d0/1e/5215ca804d5eb5d5575967336786/8a6ec48c-dd07-4e22-aa6e-31d64ba76a38.mp4 - Article and File are both empty! pass
中国科学技术大学出版社 - WARNING	Page:https://press.ustc.edu.cn//_upload/article/videos/d0/1e/5215ca804d5eb5d5575967336786/09bdf32f-29ac-440a-be00-6974c941212b.mp4 - Article and File are both empty! pass
中国科学技术大学出版社 - WARNING	Page:https://press.ustc.edu.cn//_upload/article/videos/d0/1e/5215ca804d5eb5d5575967336786/4b3134ad-06e2-46a2-8334-d24df3a9e4a2.mp4 - Article and File are both empty! pass
中国科学技术大学出版社 - INFO	>>> cache/GMH/press/抽丝剥茧学物理竞赛（下册）2.txt has been downloaded <<<
中国科学技术大学出版社 - WARNING	Page:https://press.ustc.edu.cn//_upload/article/videos/91/53/bbb305e94611a8b8bc12ec84ae12/5f20c7fb-b547-4fc1-929f-04955fa5a714.mp4 - Article and File are both empty! pass
中国科学技术大学出版社 - WARNING	Page:https://press.ustc.edu.cn//_upload/article/videos/91/53/bbb305e94611a8b8bc12ec84ae12/3a3c68e1-4b95-41ee-a758-d85eef7237c7.mp4 - Article and File are both empty! pass
中国科学技术大学出版社 - WARNING	Page:https://press.ustc.edu.cn//_upload/article/videos/91/53/bbb305e94611a8b8bc12ec84ae12/44d2232b-3f47-4eb5-935b-eb2487ea7826.mp4 - Article and File are both empty! pass
中国科学技术大学出版社 - WARNING	Page:https://press.ustc.edu.cn//_upload/article/videos/91/53/bbb305e94611a8b8bc12ec84ae12/ddd9a29a-7c6b-4bce-bb95-41ccf03b9a09.mp4 - Article and File are both empty! pass
中国科学技术大学出版社 - WARNING	Page:https://press.ustc.edu.cn//_upload/article/videos/91/53/bbb305e94611a8b8bc12ec84ae12/8e314362-816b-44d7-81ff-506990b8b169.mp4 - Article and File are both empty! pass
中国科学技术大学出版社 - WARNING	Page:https://press.ustc.edu.cn//_upload/article/videos/91/53/bbb305e94611a8b8bc12ec84ae12/0cbe61c9-6290-4737-9d36-bda3b97abe79.mp4 - Article and File are both empty! pass
中国科学技术大学出版社 - WARNING	Page:https://press.ustc.edu.cn//_upload/article/videos/91/53/bbb305e94611a8b8bc12ec84ae12/b9883d44-d53c-418f-b432-9efde4384363.mp4 - Article and File are both empty! pass
中国科学技术大学出版社 - WARNING	Page:https://press.ustc.edu.cn//_upload/article/videos/91/53/bbb305e94611a8b8bc12ec84ae12/5dc169a9-11a4-47bf-b86d-01acbfd3b87d.mp4 - Article and File are both empty! pass
中国科学技术大学出版社 - WARNING	Page:https://press.ustc.edu.cn//_upload/article/videos/91/53/bbb305e94611a8b8bc12ec84ae12/68593e76-fc26-4529-b9ba-c1b36292fffe.mp4 - Article and File are both empty! pass
中国科学技术大学出版社 - WARNING	Page:https://press.ustc.edu.cn//_upload/article/videos/91/53/bbb305e94611a8b8bc12ec84ae12/8b13258a-ac6f-4633-bde5-2f575f6bbc2a.mp4 - Article and File are both empty! pass
中国科学技术大学出版社 - WARNING	Page:https://press.ustc.edu.cn//_upload/article/videos/91/53/bbb305e94611a8b8bc12ec84ae12/c227c9b0-4264-4cc3-8ab7-a48939bd0add.mp4 - Article and File are both empty! pass
中国科学技术大学出版社 - WARNING	Page:https://press.ustc.edu.cn//_upload/article/videos/91/53/bbb305e94611a8b8bc12ec84ae12/f59f5b4b-6d23-44ec-a63c-f91315ce2ffe.mp4 - Article and File are both empty! pass
中国科学技术大学出版社 - WARNING	Page:https://press.ustc.edu.cn//_upload/article/videos/91/53/bbb305e94611a8b8bc12ec84ae12/e89c832d-6387-4f97-a398-763761a233cd.mp4 - Article and File are both empty! pass
中国科学技术大学出版社 - WARNING	Page:https://press.ustc.edu.cn//_upload/article/videos/91/53/bbb305e94611a8b8bc12ec84ae12/3792c796-e5e7-414b-a24c-bd0c9fe85df0.mp4 - Article and File are both empty! pass
中国科学技术大学出版社 - WARNING	Page:https://press.ustc.edu.cn//_upload/article/videos/91/53/bbb305e94611a8b8bc12ec84ae12/bf53e83c-680a-45af-bbd2-49117065ace4.mp4 - Article and File are both empty! pass
中国科学技术大学出版社 - WARNING	Page:https://press.ustc.edu.cn//_upload/article/videos/91/53/bbb305e94611a8b8bc12ec84ae12/301c3eb4-6cd7-4771-8145-5755ce0c5437.mp4 - Article and File are both empty! pass
中国科学技术大学出版社 - WARNING	Page:https://press.ustc.edu.cn//_upload/article/videos/91/53/bbb305e94611a8b8bc12ec84ae12/8d769757-33e7-4f3f-bf56-06069683e193.mp4 - Article and File are both empty! pass
中国科学技术大学出版社 - WARNING	Page:https://press.ustc.edu.cn//_upload/article/videos/91/53/bbb305e94611a8b8bc12ec84ae12/4cac7584-4db1-461f-a6a0-95816803b468.mp4 - Article and File are both empty! pass
中国科学技术大学出版社 - WARNING	Page:https://press.ustc.edu.cn//_upload/article/videos/91/53/bbb305e94611a8b8bc12ec84ae12/06080dda-4b48-479c-b20d-dfea75249c2c.mp4 - Article and File are both empty! pass
中国科学技术大学出版社 - WARNING	Page:https://press.ustc.edu.cn//_upload/article/videos/91/53/bbb305e94611a8b8bc12ec84ae12/212a6269-9c95-4055-82cb-b38316f2430c.mp4 - Article and File are both empty! pass
中国科学技术大学出版社 - WARNING	Page:https://press.ustc.edu.cn//_upload/article/videos/91/53/bbb305e94611a8b8bc12ec84ae12/1b96f01b-f6d9-4cef-8e61-7265e3347f7d.mp4 - Article and File are both empty! pass
中国科学技术大学出版社 - WARNING	Page:https://press.ustc.edu.cn//_upload/article/videos/91/53/bbb305e94611a8b8bc12ec84ae12/18d12b6a-916d-420f-9589-dff9a23bc90b.mp4 - Article and File are both empty! pass
中国科学技术大学出版社 - WARNING	Page:https://press.ustc.edu.cn//_upload/article/videos/91/53/bbb305e94611a8b8bc12ec84ae12/fe307fa6-ad36-46b1-a8af-dde37a92d0a7.mp4 - Article and File are both empty! pass
中国科学技术大学出版社 - WARNING	Page:https://press.ustc.edu.cn//_upload/article/videos/91/53/bbb305e94611a8b8bc12ec84ae12/11d6753d-c206-4697-8638-97e4a659903a.mp4 - Article and File are both empty! pass
中国科学技术大学出版社 - WARNING	Page:https://press.ustc.edu.cn//_upload/article/videos/91/53/bbb305e94611a8b8bc12ec84ae12/d1d6ba82-e72d-4aa9-94fc-af492dcb245d.mp4 - Article and File are both empty! pass
中国科学技术大学出版社 - WARNING	Page:https://press.ustc.edu.cn//_upload/article/videos/91/53/bbb305e94611a8b8bc12ec84ae12/35c513d3-78c2-4c50-a863-8842ca165f97.mp4 - Article and File are both empty! pass
中国科学技术大学出版社 - WARNING	Page:https://press.ustc.edu.cn//_upload/article/videos/91/53/bbb305e94611a8b8bc12ec84ae12/894bdfe0-b2bb-4840-97fd-4b2fcd1f054e.mp4 - Article and File are both empty! pass
中国科学技术大学出版社 - WARNING	Page:https://press.ustc.edu.cn//_upload/article/videos/91/53/bbb305e94611a8b8bc12ec84ae12/9576cffc-a037-453a-b237-dea406126d86.mp4 - Article and File are both empty! pass
中国科学技术大学出版社 - WARNING	Page:https://press.ustc.edu.cn//_upload/article/videos/91/53/bbb305e94611a8b8bc12ec84ae12/5fc7c1a1-909f-44d3-8952-c5c7d144a6f3.mp4 - Article and File are both empty! pass
中国科学技术大学出版社 - INFO	>>> cache/GMH/press/抽丝剥茧学物理竞赛（下册）1.txt has been downloaded <<<
中国科学技术大学出版社 - WARNING	Page:https://press.ustc.edu.cn//_upload/article/videos/a4/f6/6760862743f09ddf22cfc8524b1d/1b2d00d4-d91b-458f-8522-b6a2370f341a.mp4 - Article and File are both empty! pass
中国科学技术大学出版社 - WARNING	Page:https://press.ustc.edu.cn//_upload/article/videos/a4/f6/6760862743f09ddf22cfc8524b1d/213b7d12-17d4-4d19-bf3c-a7d18d49f48b.mp4 - Article and File are both empty! pass
中国科学技术大学出版社 - WARNING	Page:https://press.ustc.edu.cn//_upload/article/videos/a4/f6/6760862743f09ddf22cfc8524b1d/9c8ec945-57c1-406e-a1dd-1bfa019f5e33.mp4 - Article and File are both empty! pass
中国科学技术大学出版社 - WARNING	Page:https://press.ustc.edu.cn//_upload/article/videos/a4/f6/6760862743f09ddf22cfc8524b1d/17a567ff-2c93-464b-a9af-56ce8990e02a.mp4 - Article and File are both empty! pass
中国科学技术大学出版社 - WARNING	Page:https://press.ustc.edu.cn//_upload/article/videos/a4/f6/6760862743f09ddf22cfc8524b1d/72460607-652e-438d-a931-6e237ca96efc.mp4 - Article and File are both empty! pass
中国科学技术大学出版社 - WARNING	Page:https://press.ustc.edu.cn//_upload/article/videos/a4/f6/6760862743f09ddf22cfc8524b1d/e33617cf-28c1-405a-9f14-1a4e7f5fe2ef.mp4 - Article and File are both empty! pass
中国科学技术大学出版社 - WARNING	Page:https://press.ustc.edu.cn//_upload/article/videos/a4/f6/6760862743f09ddf22cfc8524b1d/318f0df4-9fbc-4390-b07e-73668a723453.mp4 - Article and File are both empty! pass
中国科学技术大学出版社 - WARNING	Page:https://press.ustc.edu.cn//_upload/article/videos/a4/f6/6760862743f09ddf22cfc8524b1d/ec7b4fb9-1e21-4985-8b94-fc8e7c529557.mp4 - Article and File are both empty! pass
中国科学技术大学出版社 - WARNING	Page:https://press.ustc.edu.cn//_upload/article/videos/a4/f6/6760862743f09ddf22cfc8524b1d/555bdff4-d238-46b5-bcc4-40784f419ea7.mp4 - Article and File are both empty! pass
中国科学技术大学出版社 - WARNING	Page:https://press.ustc.edu.cn//_upload/article/videos/a4/f6/6760862743f09ddf22cfc8524b1d/5a63bbf1-1e2e-43b3-8d67-ea35455ac695.mp4 - Article and File are both empty! pass
中国科学技术大学出版社 - WARNING	Page:https://press.ustc.edu.cn//_upload/article/videos/a4/f6/6760862743f09ddf22cfc8524b1d/6f58e3a3-1fb8-4cfd-af56-ae5b5e6ea2c1.mp4 - Article and File are both empty! pass
中国科学技术大学出版社 - WARNING	Page:https://press.ustc.edu.cn//_upload/article/videos/a4/f6/6760862743f09ddf22cfc8524b1d/45752ca7-1299-482a-985c-fbe8cda74aec.mp4 - Article and File are both empty! pass
中国科学技术大学出版社 - WARNING	Page:https://press.ustc.edu.cn//_upload/article/videos/a4/f6/6760862743f09ddf22cfc8524b1d/181dcaee-174a-4921-86d9-a01b1f99c018.mp4 - Article and File are both empty! pass
中国科学技术大学出版社 - WARNING	Page:https://press.ustc.edu.cn//_upload/article/videos/a4/f6/6760862743f09ddf22cfc8524b1d/62fb6bce-4ca3-49b3-9238-ce3df36e6508.mp4 - Article and File are both empty! pass
中国科学技术大学出版社 - WARNING	Page:https://press.ustc.edu.cn//_upload/article/videos/a4/f6/6760862743f09ddf22cfc8524b1d/3ac0aad2-06e8-48f8-b2fc-c2e18eebbbf1.mp4 - Article and File are both empty! pass
中国科学技术大学出版社 - WARNING	Page:https://press.ustc.edu.cn//_upload/article/videos/a4/f6/6760862743f09ddf22cfc8524b1d/2ea400eb-0ec9-49a5-a4b8-dd8f996be42e.mp4 - Article and File are both empty! pass
中国科学技术大学出版社 - WARNING	Page:https://press.ustc.edu.cn//_upload/article/videos/a4/f6/6760862743f09ddf22cfc8524b1d/2e82ec2f-7344-4f84-8eaa-fd202c2d37c2.mp4 - Article and File are both empty! pass
中国科学技术大学出版社 - INFO	>>> cache/GMH/press/抽丝剥茧学物理竞赛（上册）-2.txt has been downloaded <<<
中国科学技术大学出版社 - WARNING	Page:https://press.ustc.edu.cn//_upload/article/videos/88/b3/01c7822d4fd290e801fe1151395f/5e75ce4b-e9e7-4741-884f-d2fe10f0c425.mp4 - Article and File are both empty! pass
中国科学技术大学出版社 - WARNING	Page:https://press.ustc.edu.cn//_upload/article/videos/88/b3/01c7822d4fd290e801fe1151395f/f1f79d79-8c1d-4f9a-b8a7-cda5e69e1e18.mp4 - Article and File are both empty! pass
中国科学技术大学出版社 - WARNING	Page:https://press.ustc.edu.cn//_upload/article/videos/88/b3/01c7822d4fd290e801fe1151395f/9af4ced0-ab21-4dc2-b4f2-0405a37685cd.mp4 - Article and File are both empty! pass
中国科学技术大学出版社 - WARNING	Page:https://press.ustc.edu.cn//_upload/article/videos/88/b3/01c7822d4fd290e801fe1151395f/8a817e29-7783-42f3-84c4-86530797585d.mp4 - Article and File are both empty! pass
中国科学技术大学出版社 - WARNING	Page:https://press.ustc.edu.cn//_upload/article/videos/88/b3/01c7822d4fd290e801fe1151395f/01bb6929-9dd7-483f-af4b-b77a91f5996b.mp4 - Article and File are both empty! pass
中国科学技术大学出版社 - WARNING	Page:https://press.ustc.edu.cn//_upload/article/videos/88/b3/01c7822d4fd290e801fe1151395f/d1eebfa9-2521-40c3-8814-09aa8a63c2c0.mp4 - Article and File are both empty! pass
中国科学技术大学出版社 - WARNING	Page:https://press.ustc.edu.cn//_upload/article/videos/88/b3/01c7822d4fd290e801fe1151395f/9876a1b9-cb8c-4f54-b219-b5b918fb8d8a.mp4 - Article and File are both empty! pass
中国科学技术大学出版社 - WARNING	Page:https://press.ustc.edu.cn//_upload/article/videos/88/b3/01c7822d4fd290e801fe1151395f/75182cb7-3e5b-4756-97b3-1aaeb2298da8.mp4 - Article and File are both empty! pass
中国科学技术大学出版社 - WARNING	Page:https://press.ustc.edu.cn//_upload/article/videos/88/b3/01c7822d4fd290e801fe1151395f/5de9ce2a-ff56-4535-b477-89801840e0e8.mp4 - Article and File are both empty! pass
中国科学技术大学出版社 - WARNING	Page:https://press.ustc.edu.cn//_upload/article/videos/88/b3/01c7822d4fd290e801fe1151395f/c20775f4-9a66-4eb6-b2b8-24a38ff8bb42.mp4 - Article and File are both empty! pass
中国科学技术大学出版社 - WARNING	Page:https://press.ustc.edu.cn//_upload/article/videos/88/b3/01c7822d4fd290e801fe1151395f/7d2ee89e-f3fc-448e-9626-17148a9daa4c.mp4 - Article and File are both empty! pass
中国科学技术大学出版社 - WARNING	Page:https://press.ustc.edu.cn//_upload/article/videos/88/b3/01c7822d4fd290e801fe1151395f/55f366b7-45a2-49bc-8a9a-26d4e96f77e8.mp4 - Article and File are both empty! pass
中国科学技术大学出版社 - WARNING	Page:https://press.ustc.edu.cn//_upload/article/videos/88/b3/01c7822d4fd290e801fe1151395f/8bf751d4-6097-4748-8746-36153643c942.mp4 - Article and File are both empty! pass
中国科学技术大学出版社 - WARNING	Page:https://press.ustc.edu.cn//_upload/article/videos/88/b3/01c7822d4fd290e801fe1151395f/1326b725-6d52-42d3-bb88-10497ac30940.mp4 - Article and File are both empty! pass
中国科学技术大学出版社 - WARNING	Page:https://press.ustc.edu.cn//_upload/article/videos/88/b3/01c7822d4fd290e801fe1151395f/0b46e9be-05c8-4778-bc35-2a39e5261bde.mp4 - Article and File are both empty! pass
中国科学技术大学出版社 - WARNING	Page:https://press.ustc.edu.cn//_upload/article/videos/88/b3/01c7822d4fd290e801fe1151395f/4f7378ce-1dd3-4663-803f-2fe6b5021727.mp4 - Article and File are both empty! pass
中国科学技术大学出版社 - WARNING	Page:https://press.ustc.edu.cn//_upload/article/videos/88/b3/01c7822d4fd290e801fe1151395f/9ade63b6-2828-41d8-ad23-c7f2761c9e29.mp4 - Article and File are both empty! pass
中国科学技术大学出版社 - WARNING	Page:https://press.ustc.edu.cn//_upload/article/videos/88/b3/01c7822d4fd290e801fe1151395f/9a916af5-8f43-49d8-b8da-62117830f7b6.mp4 - Article and File are both empty! pass
中国科学技术大学出版社 - WARNING	Page:https://press.ustc.edu.cn//_upload/article/videos/88/b3/01c7822d4fd290e801fe1151395f/86af4967-1b67-464a-8027-878aac14c973.mp4 - Article and File are both empty! pass
中国科学技术大学出版社 - WARNING	Page:https://press.ustc.edu.cn//_upload/article/videos/88/b3/01c7822d4fd290e801fe1151395f/95b3aa58-4680-4114-bc77-8be7d67d8549.mp4 - Article and File are both empty! pass
中国科学技术大学出版社 - WARNING	Page:https://press.ustc.edu.cn//_upload/article/videos/88/b3/01c7822d4fd290e801fe1151395f/f830335a-0e85-4366-9e18-1b562ea1e2bf.mp4 - Article and File are both empty! pass
中国科学技术大学出版社 - WARNING	Page:https://press.ustc.edu.cn//_upload/article/videos/88/b3/01c7822d4fd290e801fe1151395f/627d73dd-080d-4dc2-b49a-07ac970407a7.mp4 - Article and File are both empty! pass
中国科学技术大学出版社 - WARNING	Page:https://press.ustc.edu.cn//_upload/article/videos/88/b3/01c7822d4fd290e801fe1151395f/07b8d739-80d9-40cd-9aaa-4ba405e10e8a.mp4 - Article and File are both empty! pass
中国科学技术大学出版社 - WARNING	Page:https://press.ustc.edu.cn//_upload/article/videos/88/b3/01c7822d4fd290e801fe1151395f/2bd217d4-d37b-4960-a7be-c9e863de43f2.mp4 - Article and File are both empty! pass
中国科学技术大学出版社 - WARNING	Page:https://press.ustc.edu.cn//_upload/article/videos/88/b3/01c7822d4fd290e801fe1151395f/44b3189b-b23a-46dc-adc7-422574465dbc.mp4 - Article and File are both empty! pass
中国科学技术大学出版社 - WARNING	Page:https://press.ustc.edu.cn//_upload/article/videos/88/b3/01c7822d4fd290e801fe1151395f/e8f14525-aca4-40a1-9480-62c1038f3225.mp4 - Article and File are both empty! pass
中国科学技术大学出版社 - WARNING	Page:https://press.ustc.edu.cn//_upload/article/videos/88/b3/01c7822d4fd290e801fe1151395f/9e732216-1ea1-47f8-9fb1-f13a35ef7dc8.mp4 - Article and File are both empty! pass
中国科学技术大学出版社 - WARNING	Page:https://press.ustc.edu.cn//_upload/article/videos/88/b3/01c7822d4fd290e801fe1151395f/d5489f04-270e-4904-96b5-0b04c654e51f.mp4 - Article and File are both empty! pass
中国科学技术大学出版社 - WARNING	Page:https://press.ustc.edu.cn//_upload/article/videos/88/b3/01c7822d4fd290e801fe1151395f/7ffd4d40-3240-4508-8d66-ba9875d70b83.mp4 - Article and File are both empty! pass
中国科学技术大学出版社 - WARNING	Page:https://press.ustc.edu.cn//_upload/article/videos/88/b3/01c7822d4fd290e801fe1151395f/b2ddc9f3-5d00-451e-ac5f-254dee52f4cc.mp4 - Article and File are both empty! pass
中国科学技术大学出版社 - WARNING	Page:https://press.ustc.edu.cn//_upload/article/videos/88/b3/01c7822d4fd290e801fe1151395f/e9b48b6e-3f47-4297-996e-e7f9b4107fc1.mp4 - Article and File are both empty! pass
中国科学技术大学出版社 - WARNING	Page:https://press.ustc.edu.cn//_upload/article/videos/88/b3/01c7822d4fd290e801fe1151395f/6a17f277-2df5-4654-96a8-a30c72db63f9.mp4 - Article and File are both empty! pass
中国科学技术大学出版社 - WARNING	Page:https://press.ustc.edu.cn//_upload/article/videos/88/b3/01c7822d4fd290e801fe1151395f/3aa6dff4-b00f-4864-b958-da6985a8d5c1.mp4 - Article and File are both empty! pass
中国科学技术大学出版社 - WARNING	Page:https://press.ustc.edu.cn//_upload/article/videos/88/b3/01c7822d4fd290e801fe1151395f/2922c6aa-fd8b-4021-b287-8aa8ab6774d9.mp4 - Article and File are both empty! pass
中国科学技术大学出版社 - WARNING	Page:https://press.ustc.edu.cn//_upload/article/videos/88/b3/01c7822d4fd290e801fe1151395f/2bf0031b-2098-4edb-a9c3-03df05483478.mp4 - Article and File are both empty! pass
中国科学技术大学出版社 - WARNING	Page:https://press.ustc.edu.cn//_upload/article/videos/88/b3/01c7822d4fd290e801fe1151395f/9953c139-d2c0-461d-90e7-953c15607ed3.mp4 - Article and File are both empty! pass
中国科学技术大学出版社 - WARNING	Page:https://press.ustc.edu.cn//_upload/article/videos/88/b3/01c7822d4fd290e801fe1151395f/8ad2b3ea-fd8b-43ac-8df5-a8d160a94a50.mp4 - Article and File are both empty! pass
中国科学技术大学出版社 - WARNING	Page:https://press.ustc.edu.cn//_upload/article/videos/88/b3/01c7822d4fd290e801fe1151395f/26327918-4ad3-4f9a-a39f-49b17af8eb96.mp4 - Article and File are both empty! pass
中国科学技术大学出版社 - WARNING	Page:https://press.ustc.edu.cn//_upload/article/videos/88/b3/01c7822d4fd290e801fe1151395f/712076b9-2742-4699-b8b8-e47e5f092ee9.mp4 - Article and File are both empty! pass
中国科学技术大学出版社 - WARNING	Page:https://press.ustc.edu.cn//_upload/article/videos/88/b3/01c7822d4fd290e801fe1151395f/130b0efc-1f9a-454f-8d6d-27aa71f21b2b.mp4 - Article and File are both empty! pass
中国科学技术大学出版社 - WARNING	Page:https://press.ustc.edu.cn//_upload/article/videos/88/b3/01c7822d4fd290e801fe1151395f/5ec9c9d2-9975-484b-ae9b-65a821691e7a.mp4 - Article and File are both empty! pass
中国科学技术大学出版社 - WARNING	Page:https://press.ustc.edu.cn//_upload/article/videos/88/b3/01c7822d4fd290e801fe1151395f/fc8f5456-a6f8-4d6e-bf65-547ed0e29688.mp4 - Article and File are both empty! pass
中国科学技术大学出版社 - WARNING	Page:https://press.ustc.edu.cn//_upload/article/videos/88/b3/01c7822d4fd290e801fe1151395f/03aa2c12-11e6-40ec-9241-9f5bf799bf89.mp4 - Article and File are both empty! pass
中国科学技术大学出版社 - WARNING	Page:https://press.ustc.edu.cn//_upload/article/videos/88/b3/01c7822d4fd290e801fe1151395f/0681d56a-cf80-4a5f-a5a9-bda7375d88e1.mp4 - Article and File are both empty! pass
中国科学技术大学出版社 - WARNING	Page:https://press.ustc.edu.cn//_upload/article/videos/88/b3/01c7822d4fd290e801fe1151395f/6fd12ed7-1172-468d-b4e3-7284fcdfe023.mp4 - Article and File are both empty! pass
中国科学技术大学出版社 - WARNING	Page:https://press.ustc.edu.cn//_upload/article/videos/88/b3/01c7822d4fd290e801fe1151395f/19e22bbe-9cc8-4e44-9e5b-021d06fd0b40.mp4 - Article and File are both empty! pass
中国科学技术大学出版社 - WARNING	Page:https://press.ustc.edu.cn//_upload/article/videos/88/b3/01c7822d4fd290e801fe1151395f/8c2c60d4-be34-48ed-8bcf-8bdcf6e9d1bd.mp4 - Article and File are both empty! pass
中国科学技术大学出版社 - INFO	>>> cache/GMH/press/抽丝剥茧学物理竞赛（上册）.txt has been downloaded <<<
中国科学技术大学出版社 - INFO	>>> cache/GMH/press/《数据分析方法与应用》数据集.zip has been downloaded <<<
中国科学技术大学出版社 - INFO	>>> cache/GMH/press/数据分析方法与应用.txt has been downloaded <<<
中国科学技术大学出版社 - WARNING	Page:https://press.ustc.edu.cn//_upload/article/videos/c6/15/088def084f24a29836618cc6dc3b/3e6b902c-8b28-45c9-9043-84685e33df60-B.mp4 - Article and File are both empty! pass
中国科学技术大学出版社 - WARNING	Page:https://press.ustc.edu.cn//_upload/article/videos/c6/15/088def084f24a29836618cc6dc3b/904104e1-f5a4-4cfb-8cc9-adf48f6e9425.mp4 - Article and File are both empty! pass
中国科学技术大学出版社 - WARNING	Page:https://press.ustc.edu.cn//_upload/article/videos/c6/15/088def084f24a29836618cc6dc3b/3667e8e1-cb19-415e-b930-705eb6402b80-B.mp4 - Article and File are both empty! pass
中国科学技术大学出版社 - WARNING	Page:https://press.ustc.edu.cn//_upload/article/videos/c6/15/088def084f24a29836618cc6dc3b/7750f596-bf3c-4ae8-85c0-289641185340.mp4 - Article and File are both empty! pass
中国科学技术大学出版社 - WARNING	Page:https://press.ustc.edu.cn//_upload/article/videos/c6/15/088def084f24a29836618cc6dc3b/a45e34af-3781-45df-bf25-83b3acb31d69.mp4 - Article and File are both empty! pass
中国科学技术大学出版社 - WARNING	Page:https://press.ustc.edu.cn//_upload/article/videos/c6/15/088def084f24a29836618cc6dc3b/255b65b4-6c13-4783-bfa8-505ce8d8457d-B.mp4 - Article and File are both empty! pass
中国科学技术大学出版社 - WARNING	Page:https://press.ustc.edu.cn//_upload/article/videos/c6/15/088def084f24a29836618cc6dc3b/588b95d5-7d84-4a52-9d6a-a55adfddd08e.mp4 - Article and File are both empty! pass
中国科学技术大学出版社 - WARNING	Page:https://press.ustc.edu.cn//_upload/article/videos/c6/15/088def084f24a29836618cc6dc3b/16fdac0a-5408-4396-b28c-c2ead3d34d16-B.mp4 - Article and File are both empty! pass
中国科学技术大学出版社 - WARNING	Page:https://press.ustc.edu.cn//_upload/article/videos/c6/15/088def084f24a29836618cc6dc3b/5d6e1bb1-605d-4e09-935b-babb326bc84d-B.mp4 - Article and File are both empty! pass
中国科学技术大学出版社 - WARNING	Page:https://press.ustc.edu.cn//_upload/article/videos/c6/15/088def084f24a29836618cc6dc3b/3815f08b-af57-4cf8-98fc-06bd0fe03ff1-B.mp4 - Article and File are both empty! pass
中国科学技术大学出版社 - WARNING	Page:https://press.ustc.edu.cn//_upload/article/videos/c6/15/088def084f24a29836618cc6dc3b/a5d14698-4648-493f-90d0-a87c8592e4b9-B.mp4 - Article and File are both empty! pass
中国科学技术大学出版社 - WARNING	Page:https://press.ustc.edu.cn//_upload/article/videos/c6/15/088def084f24a29836618cc6dc3b/3efcd6d9-1617-42df-8e1d-144e5edabee4.mp4 - Article and File are both empty! pass
中国科学技术大学出版社 - WARNING	Page:https://press.ustc.edu.cn//_upload/article/videos/c6/15/088def084f24a29836618cc6dc3b/ffd29d80-960d-48be-a333-9465c762494b-B.mp4 - Article and File are both empty! pass
中国科学技术大学出版社 - WARNING	Page:https://press.ustc.edu.cn//_upload/article/videos/c6/15/088def084f24a29836618cc6dc3b/3517c40e-e5d1-41bc-a97d-c94c0f66b2ea.mp4 - Article and File are both empty! pass
中国科学技术大学出版社 - WARNING	Page:https://press.ustc.edu.cn//_upload/article/videos/c6/15/088def084f24a29836618cc6dc3b/4ae695d3-a497-4d9f-9e14-a660e653862f.mp4 - Article and File are both empty! pass
中国科学技术大学出版社 - WARNING	Page:https://press.ustc.edu.cn//_upload/article/videos/c6/15/088def084f24a29836618cc6dc3b/ec7490de-fe9e-4b00-ab31-2999a1197a7f.mp4 - Article and File are both empty! pass
中国科学技术大学出版社 - WARNING	Page:https://press.ustc.edu.cn//_upload/article/videos/c6/15/088def084f24a29836618cc6dc3b/3db983f1-9470-4052-803b-5e0afec51d3f.mp4 - Article and File are both empty! pass
中国科学技术大学出版社 - WARNING	Page:https://press.ustc.edu.cn//_upload/article/videos/c6/15/088def084f24a29836618cc6dc3b/facb8a85-0728-4845-9e05-68728ea0e895.mp4 - Article and File are both empty! pass
中国科学技术大学出版社 - WARNING	Page:https://press.ustc.edu.cn//_upload/article/videos/c6/15/088def084f24a29836618cc6dc3b/cc693b82-b0a4-4c6f-8668-92aea02d5f2b.mp4 - Article and File are both empty! pass
中国科学技术大学出版社 - INFO	>>> cache/GMH/press/码1.2.8氢气安全使用虚拟仿真实验.pdf has been downloaded <<<
中国科学技术大学出版社 - WARNING	Page:https://press.ustc.edu.cn//_upload/article/videos/c6/15/088def084f24a29836618cc6dc3b/a9e71460-e935-4db6-baf4-6f274f03973b.mp4 - Article and File are both empty! pass
中国科学技术大学出版社 - WARNING	Page:https://press.ustc.edu.cn//_upload/article/videos/c6/15/088def084f24a29836618cc6dc3b/72eef8f3-5647-40ab-a0ac-fc3236a93164-B.mp4 - Article and File are both empty! pass
中国科学技术大学出版社 - INFO	>>> cache/GMH/press/码3.3.1膜蒸馏海水淡化虚拟仿真实验.pdf has been downloaded <<<
中国科学技术大学出版社 - WARNING	Page:https://press.ustc.edu.cn//_upload/article/videos/c6/15/088def084f24a29836618cc6dc3b/bfe020d6-1718-43ba-a96d-67e94c0d5f19-B.mp4 - Article and File are both empty! pass
中国科学技术大学出版社 - WARNING	Page:https://press.ustc.edu.cn//_upload/article/videos/c6/15/088def084f24a29836618cc6dc3b/a50278f1-e677-4130-9bd2-6852e8561f6e-B.mp4 - Article and File are both empty! pass
中国科学技术大学出版社 - INFO	>>> cache/GMH/press/码4.1.1几种膜组件实物图.pdf has been downloaded <<<
中国科学技术大学出版社 - WARNING	Page:https://press.ustc.edu.cn//_upload/article/videos/c6/15/088def084f24a29836618cc6dc3b/61fc5005-8ccf-4665-896b-7ffd3d4ddd9d-B.mp4 - Article and File are both empty! pass
中国科学技术大学出版社 - INFO	>>> cache/GMH/press/码4.2.1卷式扩散渗析虚拟仿真实验.pdf has been downloaded <<<
中国科学技术大学出版社 - WARNING	Page:https://press.ustc.edu.cn//_upload/article/videos/c6/15/088def084f24a29836618cc6dc3b/cfe313fd-d902-4792-be30-0d236cc19eaa-B.mp4 - Article and File are both empty! pass
中国科学技术大学出版社 - INFO	>>> cache/GMH/press/码4.2.3硫酸安全使用虚拟仿真实验.pdf has been downloaded <<<
中国科学技术大学出版社 - WARNING	Page:https://press.ustc.edu.cn//_upload/article/videos/c6/15/088def084f24a29836618cc6dc3b/f0b244e5-a450-4803-9e9e-4b81cef5e3ed-B.mp4 - Article and File are both empty! pass
中国科学技术大学出版社 - WARNING	Page:https://press.ustc.edu.cn//_upload/article/videos/c6/15/088def084f24a29836618cc6dc3b/4ce7c557-0df2-413e-8f39-c84a4ec9647a-B.mp4 - Article and File are both empty! pass
中国科学技术大学出版社 - INFO	>>> cache/GMH/press/化学工程实验.txt has been downloaded <<<
中国科学技术大学出版社 - WARNING	Page:https://press.ustc.edu.cn//_upload/article/files/e2/01/e7a51692401bab2af4116a075666/9b3e0995-7bd6-4cf8-80ba-0c261a574b61.pptx - Article and File are both empty! pass
中国科学技术大学出版社 - INFO	>>> cache/GMH/press/新目标大学英语泛读.2（第3版）.txt has been downloaded <<<
中国科学技术大学出版社 - INFO	>>> cache/GMH/press/第一章  绪论习题及答案.pdf has been downloaded <<<
中国科学技术大学出版社 - INFO	>>> cache/GMH/press/第二章  人性假设理论习题及答案.pdf has been downloaded <<<
中国科学技术大学出版社 - INFO	>>> cache/GMH/press/第三章 激励习题和答案.pdf has been downloaded <<<
中国科学技术大学出版社 - INFO	>>> cache/GMH/press/第四章 社会知觉习题和答案.pdf has been downloaded <<<
中国科学技术大学出版社 - INFO	>>> cache/GMH/press/第五章 态度习题和答案.pdf has been downloaded <<<
中国科学技术大学出版社 - INFO	>>> cache/GMH/press/第六章 个性与管理习题及答案.pdf has been downloaded <<<
中国科学技术大学出版社 - INFO	>>> cache/GMH/press/第七章 群体心理与行为习题及答案.pdf has been downloaded <<<
中国科学技术大学出版社 - INFO	>>> cache/GMH/press/第八章  团队建设习题及答案.pdf has been downloaded <<<
中国科学技术大学出版社 - INFO	>>> cache/GMH/press/第九章 群体人际关系习题及答案.pdf has been downloaded <<<
中国科学技术大学出版社 - INFO	>>> cache/GMH/press/第十章 领导理论习题和答案.pdf has been downloaded <<<
中国科学技术大学出版社 - INFO	>>> cache/GMH/press/第十一章  组织文化习题和答案.pdf has been downloaded <<<
中国科学技术大学出版社 - INFO	>>> cache/GMH/press/第十二章  组织发展与变革习题和答案.pdf has been downloaded <<<
中国科学技术大学出版社 - INFO	>>> cache/GMH/press/组织行为学单选题及答案.txt has been downloaded <<<
中国科学技术大学出版社 - INFO	>>> cache/GMH/press/1章  绪论习题及答案.pdf has been downloaded <<<
中国科学技术大学出版社 - INFO	>>> cache/GMH/press/2章  行为的心理学理论习题及答案.pdf has been downloaded <<<
中国科学技术大学出版社 - INFO	>>> cache/GMH/press/3章  人类行为的发展习题及答案.pdf has been downloaded <<<
中国科学技术大学出版社 - INFO	>>> cache/GMH/press/4章  人类的本能行为习题及答案.pdf has been downloaded <<<
中国科学技术大学出版社 - INFO	>>> cache/GMH/press/5章  健康行为改变的理论模型习题及答案.pdf has been downloaded <<<
中国科学技术大学出版社 - INFO	>>> cache/GMH/press/6章  健康促进与行为改变习题及答案.pdf has been downloaded <<<
中国科学技术大学出版社 - INFO	>>> cache/GMH/press/7章  健康教育与行为改变习题及答案.pdf has been downloaded <<<
中国科学技术大学出版社 - INFO	>>> cache/GMH/press/8章  健康管理与行为改变习题及答案.pdf has been downloaded <<<
中国科学技术大学出版社 - INFO	>>> cache/GMH/press/9章  社区行为与行为改变习题及答案.pdf has been downloaded <<<
中国科学技术大学出版社 - INFO	>>> cache/GMH/press/10章  常见的异常行为习题及答案.pdf has been downloaded <<<
中国科学技术大学出版社 - INFO	>>> cache/GMH/press/11章  慢病的行为干预习题及答案.pdf has been downloaded <<<
中国科学技术大学出版社 - INFO	>>> cache/GMH/press/12章  医疗行为与医患沟通习题及答案.pdf has been downloaded <<<
中国科学技术大学出版社 - INFO	>>> cache/GMH/press/13章  健康相关行为评估试题与答案.pdf has been downloaded <<<
中国科学技术大学出版社 - INFO	>>> cache/GMH/press/14章  行为干预与矫正的方法习题及答案.pdf has been downloaded <<<
中国科学技术大学出版社 - INFO	>>> cache/GMH/press/行为医学与健康复习题及答案.txt has been downloaded <<<
中国科学技术大学出版社 - INFO	>>> cache/GMH/press/习题解答.rar has been downloaded <<<
中国科学技术大学出版社 - INFO	>>> cache/GMH/press/医用物理学（第2版）习题解答.txt has been downloaded <<<
中国科学技术大学出版社 - INFO	>>> cache/GMH/press/《光子学聚合物》参考文献.part01.rar has been downloaded <<<
中国科学技术大学出版社 - INFO	>>> cache/GMH/press/《光子学聚合物》参考文献.part02.rar has been downloaded <<<
中国科学技术大学出版社 - INFO	>>> cache/GMH/press/《光子学聚合物》参考文献.part03.rar has been downloaded <<<
中国科学技术大学出版社 - INFO	>>> cache/GMH/press/《光子学聚合物》参考文献.part04.rar has been downloaded <<<
中国科学技术大学出版社 - INFO	>>> cache/GMH/press/《光子学聚合物》参考文献.part05.rar has been downloaded <<<
中国科学技术大学出版社 - INFO	>>> cache/GMH/press/《光子学聚合物》参考文献.part06.rar has been downloaded <<<
中国科学技术大学出版社 - INFO	>>> cache/GMH/press/《光子学聚合物》参考文献.part07.rar has been downloaded <<<
中国科学技术大学出版社 - INFO	>>> cache/GMH/press/《光子学聚合物》参考文献.part08.rar has been downloaded <<<
中国科学技术大学出版社 - INFO	>>> cache/GMH/press/《光子学聚合物》参考文献.part09.rar has been downloaded <<<
中国科学技术大学出版社 - INFO	>>> cache/GMH/press/《光子学聚合物》参考文献.txt has been downloaded <<<
中国科学技术大学出版社 - INFO	>>> cache/GMH/press/《贝叶斯分析》课件-适用1-3次印刷.rar has been downloaded <<<
中国科学技术大学出版社 - INFO	>>> cache/GMH/press/《贝叶斯分析》课件.txt has been downloaded <<<
中国科学技术大学出版社 - INFO	>>> cache/GMH/press/《软物质X-射线散射基础》参考资料.rar has been downloaded <<<
中国科学技术大学出版社 - INFO	>>> cache/GMH/press/《软物质X-射线散射基础》参考资料.txt has been downloaded <<<
中国科学技术大学出版社 - INFO	>>> cache/GMH/press/音频.rar has been downloaded <<<
中国科学技术大学出版社 - INFO	>>> cache/GMH/press/视频unit123.rar has been downloaded <<<
中国科学技术大学出版社 - INFO	>>> cache/GMH/press/视频unit 4.rar has been downloaded <<<
中国科学技术大学出版社 - INFO	>>> cache/GMH/press/视频unit 5.rar has been downloaded <<<
中国科学技术大学出版社 - INFO	>>> cache/GMH/press/视频unit 6.rar has been downloaded <<<
中国科学技术大学出版社 - INFO	>>> cache/GMH/press/视频unit78.rar has been downloaded <<<
中国科学技术大学出版社 - INFO	>>> cache/GMH/press/《科技英语综合教程》音视频.txt has been downloaded <<<
中国科学技术大学出版社 - INFO	>>> cache/GMH/press/课件等资料——多种能源融合的建筑节能系统的设计与应用.rar has been downloaded <<<
中国科学技术大学出版社 - INFO	>>> cache/GMH/press/《多种能源融合的建筑节能系统的设计与应用》相关资料下载.txt has been downloaded <<<
中国科学技术大学出版社 - INFO	>>> cache/GMH/press/fan.rar has been downloaded <<<
