中科大教务处 - INFO	Downloading src files for 中科大教务处...
中科大教务处 - INFO	Getting the src_urls list of center https://www.teach.ustc.edu.cn/download/all...
中科大教务处 - INFO	Getting the src_urls list of center https://www.teach.ustc.edu.cn/category/notice...
中科大教务处 - INFO	>>> cache/GMH/teach/中国科学技术大学本科毕业论文（设计）格式.docx has been downloaded <<<
中科大教务处 - INFO	>>> cache/GMH/teach/中国科学技术大学本科毕业论文（设计）格式.txt has been downloaded <<<
中科大教务处 - INFO	>>> cache/GMH/teach/中国科学技术大学本科新开课程申请表（含大纲）.doc has been downloaded <<<
中科大教务处 - INFO	>>> cache/GMH/teach/中国科学技术大学本科新开课程申请表（含大纲）.txt has been downloaded <<<
中科大教务处 - INFO	>>> cache/GMH/teach/中国科学技术大学新开实验项目申请表.doc has been downloaded <<<
中科大教务处 - INFO	>>> cache/GMH/teach/中国科学技术大学新开实验项目申请表.txt has been downloaded <<<
中科大教务处 - INFO	>>> cache/GMH/teach/教务处教学运行数据申请表.docx has been downloaded <<<
中科大教务处 - INFO	>>> cache/GMH/teach/教务处教学运行数据申请表.txt has been downloaded <<<
中科大教务处 - INFO	>>> cache/GMH/teach/中国科学技术大学本科毕业论文（设计）扉页（内封）.docx has been downloaded <<<
中科大教务处 - INFO	>>> cache/GMH/teach/中国科学技术大学本科毕业论文（设计）扉页（内封）.txt has been downloaded <<<
中科大教务处 - INFO	>>> cache/GMH/teach/中国科学技术大学本科执行计划及专业课程信息调整申请表.docx has been downloaded <<<
中科大教务处 - INFO	>>> cache/GMH/teach/中国科学技术大学本科执行计划及专业课程信息调整申请表.txt has been downloaded <<<
中科大教务处 - INFO	>>> cache/GMH/teach/中国科学技术大学试卷送印单.doc has been downloaded <<<
中科大教务处 - INFO	>>> cache/GMH/teach/中国科学技术大学试卷送印单.txt has been downloaded <<<
中科大教务处 - INFO	>>> cache/GMH/teach/中国科学技术大学本科生课程缓修审批表.doc has been downloaded <<<
中科大教务处 - INFO	>>> cache/GMH/teach/中国科学技术大学本科生课程缓修审批表.txt has been downloaded <<<
中科大教务处 - INFO	>>> cache/GMH/teach/中国科学技术大学通识课程调整申请表.doc has been downloaded <<<
中科大教务处 - INFO	>>> cache/GMH/teach/中国科学技术大学通识课程调整申请表.txt has been downloaded <<<
中科大教务处 - INFO	>>> cache/GMH/teach/059.中国科学技术大学本科英语授课延续申请表.docx has been downloaded <<<
中科大教务处 - INFO	>>> cache/GMH/teach/059.中国科学技术大学本科英语授课延续申请表.txt has been downloaded <<<
中科大教务处 - INFO	>>> cache/GMH/teach/中国科学技术大学考场记录表.doc has been downloaded <<<
中科大教务处 - INFO	>>> cache/GMH/teach/中国科学技术大学考场记录表.txt has been downloaded <<<
中科大教务处 - INFO	>>> cache/GMH/teach/中国科学技术大学“大学生创新创业训练计划”经费使用管理办法.pdf has been downloaded <<<
中科大教务处 - INFO	>>> cache/GMH/teach/中国科学技术大学“大学生创新创业训练计划”经费使用管理办法.txt has been downloaded <<<
中科大教务处 - INFO	>>> cache/GMH/teach/中国科学技术大学本科生成绩转换申请表（预科班学生）.doc has been downloaded <<<
中科大教务处 - INFO	>>> cache/GMH/teach/中国科学技术大学本科生成绩转换申请表（预科班学生）.txt has been downloaded <<<
中科大教务处 - INFO	>>> cache/GMH/teach/中国科学技术大学综合素质&自由选修课程调整申请表.doc has been downloaded <<<
中科大教务处 - INFO	>>> cache/GMH/teach/中国科学技术大学综合素质&自由选修课程调整申请表.txt has been downloaded <<<
中科大教务处 - INFO	>>> cache/GMH/teach/本科生课程调整申请表.doc has been downloaded <<<
中科大教务处 - INFO	>>> cache/GMH/teach/本科生课程调整申请表.txt has been downloaded <<<
中科大教务处 - INFO	>>> cache/GMH/teach/中国科学技术大学本科生参加学期交流项目申请表.docx has been downloaded <<<
中科大教务处 - INFO	>>> cache/GMH/teach/中国科学技术大学本科生参加学期交流项目申请表.txt has been downloaded <<<
中科大教务处 - INFO	>>> cache/GMH/teach/中国科学技术大学本科生交换学习课程认定申请表.doc has been downloaded <<<
中科大教务处 - INFO	>>> cache/GMH/teach/中国科学技术大学本科生交换学习课程认定申请表.txt has been downloaded <<<
中科大教务处 - INFO	>>> cache/GMH/teach/中国科学技术大学本科生缓考申请单.doc has been downloaded <<<
中科大教务处 - INFO	>>> cache/GMH/teach/中国科学技术大学本科生缓考申请单.txt has been downloaded <<<
中科大教务处 - INFO	>>> cache/GMH/teach/助教培训请假申请表.docx has been downloaded <<<
中科大教务处 - INFO	>>> cache/GMH/teach/助教培训请假申请表.txt has been downloaded <<<
中科大教务处 - INFO	>>> cache/GMH/teach/中国科学技术大学本科生参加寒假交流项目申请表.docx has been downloaded <<<
中科大教务处 - INFO	>>> cache/GMH/teach/中国科学技术大学本科生参加寒假交流项目申请表.txt has been downloaded <<<
中科大教务处 - INFO	>>> cache/GMH/teach/中国科学技术大学考试卷送印通知单.doc has been downloaded <<<
中科大教务处 - INFO	>>> cache/GMH/teach/中国科学技术大学考试卷送印通知单.txt has been downloaded <<<
中科大教务处 - INFO	>>> cache/GMH/teach/中国科学技术大学录播教室使用申请表.docx has been downloaded <<<
中科大教务处 - INFO	>>> cache/GMH/teach/中国科学技术大学录播教室使用申请表.txt has been downloaded <<<
中科大教务处 - INFO	>>> cache/GMH/teach/中国科学技术大学本科生参加暑期学校申请表.doc has been downloaded <<<
中科大教务处 - INFO	>>> cache/GMH/teach/中国科学技术大学本科生参加暑期学校申请表.txt has been downloaded <<<
中科大教务处 - INFO	>>> cache/GMH/teach/中国科学技术大学本科生交流学习计划表.doc has been downloaded <<<
中科大教务处 - INFO	>>> cache/GMH/teach/中国科学技术大学本科生交流学习计划表.txt has been downloaded <<<
中科大教务处 - INFO	>>> cache/GMH/teach/中国科学技术大学本科生赴境外参加毕业设计交流项目申请表.docx has been downloaded <<<
中科大教务处 - INFO	>>> cache/GMH/teach/中国科学技术大学本科生赴境外参加毕业设计交流项目申请表.txt has been downloaded <<<
中科大教务处 - INFO	>>> cache/GMH/teach/本科教学助教岗位申请表（学生填）.doc has been downloaded <<<
中科大教务处 - INFO	>>> cache/GMH/teach/本科教学助教岗位申请表（学生填）.txt has been downloaded <<<
中科大教务处 - INFO	>>> cache/GMH/teach/036.中国科学技术大学优秀教材申报表.doc has been downloaded <<<
中科大教务处 - INFO	>>> cache/GMH/teach/036.中国科学技术大学优秀教材申报表.txt has been downloaded <<<
中科大教务处 - INFO	>>> cache/GMH/teach/中国科学技术大学四年级本科生参加交流项目申请表.docx has been downloaded <<<
中科大教务处 - INFO	>>> cache/GMH/teach/中国科学技术大学四年级本科生参加交流项目申请表.txt has been downloaded <<<
中科大教务处 - INFO	>>> cache/GMH/teach/学生学业过程信息汇总表.xls has been downloaded <<<
中科大教务处 - INFO	>>> cache/GMH/teach/学生学业过程信息汇总表.txt has been downloaded <<<
中科大教务处 - INFO	>>> cache/GMH/teach/交流学校课程替代关系汇总表.pdf has been downloaded <<<
中科大教务处 - INFO	>>> cache/GMH/teach/交流学校课程替代关系汇总表.txt has been downloaded <<<
中科大教务处 - INFO	>>> cache/GMH/teach/050.巡考记录表.doc has been downloaded <<<
中科大教务处 - INFO	>>> cache/GMH/teach/050.巡考记录表.txt has been downloaded <<<
中科大教务处 - INFO	>>> cache/GMH/teach/校本科教学督导工作小结（空白表）.doc has been downloaded <<<
中科大教务处 - INFO	>>> cache/GMH/teach/校本科教学督导工作小结（空白表）.txt has been downloaded <<<
中科大教务处 - INFO	>>> cache/GMH/teach/中国科学技术大学本科教学听课记录表（实验课）.doc has been downloaded <<<
中科大教务处 - INFO	>>> cache/GMH/teach/中国科学技术大学本科教学听课记录表（实验课）.txt has been downloaded <<<
中科大教务处 - INFO	>>> cache/GMH/teach/中国科学技术大学本科教学听课记录表（理论课）.doc has been downloaded <<<
中科大教务处 - INFO	>>> cache/GMH/teach/中国科学技术大学本科教学听课记录表（理论课）.txt has been downloaded <<<
中科大教务处 - INFO	>>> cache/GMH/teach/“国家大学生创新创业训练计划”记录本.doc has been downloaded <<<
中科大教务处 - INFO	>>> cache/GMH/teach/“国家大学生创新创业训练计划”记录本.txt has been downloaded <<<
中科大教务处 - INFO	>>> cache/GMH/teach/082.中国科大大规模在线开放课程（MOOC）项目申报书.doc has been downloaded <<<
中科大教务处 - INFO	>>> cache/GMH/teach/082.中国科大大规模在线开放课程（MOOC）项目申报书.txt has been downloaded <<<
中科大教务处 - INFO	>>> cache/GMH/teach/008.中国科学技术大学实验教材（讲义、指导书）建设立项申请书.doc has been downloaded <<<
中科大教务处 - INFO	>>> cache/GMH/teach/008.中国科学技术大学实验教材（讲义、指导书）建设立项申请书.txt has been downloaded <<<
中科大教务处 - INFO	>>> cache/GMH/teach/081.中国科学技术大学教材建设立项申请表.doc has been downloaded <<<
中科大教务处 - INFO	>>> cache/GMH/teach/081.中国科学技术大学教材建设立项申请表.txt has been downloaded <<<
中科大教务处 - INFO	>>> cache/GMH/teach/057.中国科学技术大学本科生开学考试申请单.docx has been downloaded <<<
中科大教务处 - INFO	>>> cache/GMH/teach/057.中国科学技术大学本科生开学考试申请单.txt has been downloaded <<<
中科大教务处 - INFO	>>> cache/GMH/teach/055.缓修成绩取消申请单.doc has been downloaded <<<
中科大教务处 - INFO	>>> cache/GMH/teach/055.缓修成绩取消申请单.txt has been downloaded <<<
中科大教务处 - INFO	>>> cache/GMH/teach/033.学历翻译件.doc has been downloaded <<<
中科大教务处 - INFO	>>> cache/GMH/teach/033.学历翻译件.txt has been downloaded <<<
中科大教务处 - INFO	>>> cache/GMH/teach/034.奖学金翻译件.doc has been downloaded <<<
中科大教务处 - INFO	>>> cache/GMH/teach/034.奖学金翻译件.txt has been downloaded <<<
中科大教务处 - INFO	>>> cache/GMH/teach/中国科学技术大学本科生课程替代关系确认表-企业联合培养项目.doc has been downloaded <<<
中科大教务处 - INFO	>>> cache/GMH/teach/中国科学技术大学本科生课程替代关系确认表-企业联合培养项目.txt has been downloaded <<<
中科大教务处 - INFO	>>> cache/GMH/teach/中国科学技术大学本科生赴境外参加交流项目承诺书.doc has been downloaded <<<
中科大教务处 - INFO	>>> cache/GMH/teach/中国科学技术大学本科生赴境外参加交流项目承诺书.txt has been downloaded <<<
中科大教务处 - INFO	>>> cache/GMH/teach/中国科学技术大学本科生参加暑期交流项目申请表.docx has been downloaded <<<
中科大教务处 - INFO	>>> cache/GMH/teach/中国科学技术大学本科生参加暑期交流项目申请表.txt has been downloaded <<<
中科大教务处 - INFO	>>> cache/GMH/teach/交流学习接收单位课程审核表.doc has been downloaded <<<
中科大教务处 - INFO	>>> cache/GMH/teach/交流学习接收单位课程审核表.txt has been downloaded <<<
中科大教务处 - INFO	>>> cache/GMH/teach/052.放弃免修大学英语课程的确认书.doc has been downloaded <<<
中科大教务处 - INFO	>>> cache/GMH/teach/052.放弃免修大学英语课程的确认书.txt has been downloaded <<<
中科大教务处 - INFO	>>> cache/GMH/teach/大学生创业训练（实践）计划项目延期结题申请表.doc has been downloaded <<<
中科大教务处 - INFO	>>> cache/GMH/teach/大学生创业训练（实践）计划项目延期结题申请表.txt has been downloaded <<<
中科大教务处 - INFO	>>> cache/GMH/teach/大学生创业训练（实践）计划项目申请表.doc has been downloaded <<<
中科大教务处 - INFO	>>> cache/GMH/teach/大学生创业训练（实践）计划项目申请表.txt has been downloaded <<<
中科大教务处 - INFO	>>> cache/GMH/teach/大学生创业训练（实践）计划项目中期检查表.doc has been downloaded <<<
中科大教务处 - INFO	>>> cache/GMH/teach/大学生创业训练（实践）计划项目中期检查表.txt has been downloaded <<<
中科大教务处 - INFO	>>> cache/GMH/teach/大学生创新训练计划项目中期检查表.doc has been downloaded <<<
中科大教务处 - INFO	>>> cache/GMH/teach/大学生创新训练计划项目中期检查表.txt has been downloaded <<<
中科大教务处 - INFO	>>> cache/GMH/teach/大学生创新训练计划项目申请表.doc has been downloaded <<<
中科大教务处 - INFO	>>> cache/GMH/teach/大学生创新训练计划项目申请表.txt has been downloaded <<<
中科大教务处 - INFO	>>> cache/GMH/teach/大学生创新训练计划项目延期结题申请表.doc has been downloaded <<<
中科大教务处 - INFO	>>> cache/GMH/teach/大学生创新训练计划项目延期结题申请表.txt has been downloaded <<<
中科大教务处 - INFO	>>> cache/GMH/teach/大学生创业训练（实践）计划项目结题申请表.doc has been downloaded <<<
中科大教务处 - INFO	>>> cache/GMH/teach/大学生创业训练（实践）计划项目结题申请表.txt has been downloaded <<<
中科大教务处 - INFO	>>> cache/GMH/teach/大学生创业训练（实践）计划结题报告封面.doc has been downloaded <<<
中科大教务处 - INFO	>>> cache/GMH/teach/大学生创业训练（实践）计划结题报告封面.txt has been downloaded <<<
中科大教务处 - INFO	>>> cache/GMH/teach/大学生创新训练计划项目结题申请表.doc has been downloaded <<<
中科大教务处 - INFO	>>> cache/GMH/teach/大学生创新训练计划项目结题申请表.txt has been downloaded <<<
中科大教务处 - INFO	>>> cache/GMH/teach/大学生创新训练、创业训练（实践）计划结题导师评分表.doc has been downloaded <<<
中科大教务处 - INFO	>>> cache/GMH/teach/大学生创新训练、创业训练（实践）计划结题导师评分表.txt has been downloaded <<<
中科大教务处 - INFO	>>> cache/GMH/teach/大学生创新训练计划结题报告封面.doc has been downloaded <<<
中科大教务处 - INFO	>>> cache/GMH/teach/大学生创新训练计划结题报告封面.txt has been downloaded <<<
中科大教务处 - INFO	>>> cache/GMH/teach/大学生创新训练、创业训练（实践）计划结题答辩组评分表.doc has been downloaded <<<
中科大教务处 - INFO	>>> cache/GMH/teach/大学生创新训练、创业训练（实践）计划结题答辩组评分表.txt has been downloaded <<<
中科大教务处 - INFO	>>> cache/GMH/teach/080.中国科学技术大学精品课程年度自检表(2012).doc has been downloaded <<<
中科大教务处 - INFO	>>> cache/GMH/teach/080.中国科学技术大学精品课程年度自检表(2012).txt has been downloaded <<<
中科大教务处 - INFO	>>> cache/GMH/teach/079.中国科学技术大学质量工程建设项目进展报告.doc has been downloaded <<<
中科大教务处 - INFO	>>> cache/GMH/teach/079.中国科学技术大学质量工程建设项目进展报告.txt has been downloaded <<<
中科大教务处 - INFO	>>> cache/GMH/teach/本科生国际交流经费使用原则和资助办法（试行）.doc has been downloaded <<<
中科大教务处 - INFO	>>> cache/GMH/teach/本科生国际交流经费使用原则和资助办法（试行）.txt has been downloaded <<<
中科大教务处 - INFO	>>> cache/GMH/teach/中国科学技术大学“大学生创新创业训练计划”管理办法.doc has been downloaded <<<
中科大教务处 - INFO	>>> cache/GMH/teach/中国科学技术大学“大学生创新创业训练计划”管理办法.txt has been downloaded <<<
中科大教务处 - INFO	>>> cache/GMH/teach/中国科学技术大学交流生学业成绩单(中英文).doc has been downloaded <<<
中科大教务处 - INFO	>>> cache/GMH/teach/中国科学技术大学交流生学业成绩单(中英文).txt has been downloaded <<<
中科大教务处 - INFO	>>> cache/GMH/teach/078.中国科学技术大学优秀教学成果奖申报书.doc has been downloaded <<<
中科大教务处 - INFO	>>> cache/GMH/teach/078.中国科学技术大学优秀教学成果奖申报书.txt has been downloaded <<<
中科大教务处 - INFO	>>> cache/GMH/teach/中国科学技术大学本科生参加企业联合培养项目申请表.doc has been downloaded <<<
中科大教务处 - INFO	>>> cache/GMH/teach/中国科学技术大学本科生参加企业联合培养项目申请表.txt has been downloaded <<<
中科大教务处 - INFO	>>> cache/GMH/teach/048.考场记录表（期中）.doc has been downloaded <<<
中科大教务处 - INFO	>>> cache/GMH/teach/048.考场记录表（期中）.txt has been downloaded <<<
中科大教务处 - INFO	>>> cache/GMH/teach/关于项目经费中购买图书资料、配件和出差调研费报销的补充规定.doc has been downloaded <<<
中科大教务处 - INFO	>>> cache/GMH/teach/关于项目经费中购买图书资料、配件和出差调研费报销的补充规定.txt has been downloaded <<<
中科大教务处 - INFO	>>> cache/GMH/teach/047.中国科学技术大学精品教材选题申报表.doc has been downloaded <<<
中科大教务处 - INFO	>>> cache/GMH/teach/047.中国科学技术大学精品教材选题申报表.txt has been downloaded <<<
中科大教务处 - INFO	>>> cache/GMH/teach/中国科学技术大学本科生课程替代关系确认表—境内大学交流项目.doc has been downloaded <<<
中科大教务处 - INFO	>>> cache/GMH/teach/中国科学技术大学本科生课程替代关系确认表—境内大学交流项目.txt has been downloaded <<<
中科大教务处 - INFO	>>> cache/GMH/teach/中国科学技术大学“大学生创新创业训练计划”工作方案.doc has been downloaded <<<
中科大教务处 - INFO	>>> cache/GMH/teach/中国科学技术大学“大学生创新创业训练计划”工作方案.txt has been downloaded <<<
中科大教务处 - INFO	>>> cache/GMH/teach/045.2012年春季学期停开课程登记表.doc has been downloaded <<<
中科大教务处 - INFO	>>> cache/GMH/teach/045.2012年春季学期停开课程登记表.txt has been downloaded <<<
中科大教务处 - INFO	>>> cache/GMH/teach/046.2012年春季学期增开课程登记表.doc has been downloaded <<<
中科大教务处 - INFO	>>> cache/GMH/teach/046.2012年春季学期增开课程登记表.txt has been downloaded <<<
中科大教务处 - INFO	>>> cache/GMH/teach/043.在读证明-国外.doc has been downloaded <<<
中科大教务处 - INFO	>>> cache/GMH/teach/043.在读证明-国外.txt has been downloaded <<<
中科大教务处 - INFO	>>> cache/GMH/teach/中国科学技术大学本科生境内交流项目拟选课程一览表.doc has been downloaded <<<
中科大教务处 - INFO	>>> cache/GMH/teach/中国科学技术大学本科生境内交流项目拟选课程一览表.txt has been downloaded <<<
中科大教务处 - INFO	>>> cache/GMH/teach/中国科学技术大学本科生境内交流项目申请表.doc has been downloaded <<<
中科大教务处 - INFO	>>> cache/GMH/teach/中国科学技术大学本科生境内交流项目申请表.txt has been downloaded <<<
中科大教务处 - INFO	>>> cache/GMH/teach/077.中国科学技术大学双语教学示范课程建设工作进展表.doc has been downloaded <<<
中科大教务处 - INFO	>>> cache/GMH/teach/077.中国科学技术大学双语教学示范课程建设工作进展表.txt has been downloaded <<<
中科大教务处 - INFO	>>> cache/GMH/teach/020.中国科学技术大学本科生到境外单位做本科毕业论文申请表.doc has been downloaded <<<
中科大教务处 - INFO	>>> cache/GMH/teach/020.中国科学技术大学本科生到境外单位做本科毕业论文申请表.txt has been downloaded <<<
中科大教务处 - INFO	>>> cache/GMH/teach/研究生助教津贴变动申报表.xls has been downloaded <<<
中科大教务处 - INFO	>>> cache/GMH/teach/研究生助教津贴变动申报表.txt has been downloaded <<<
中科大教务处 - INFO	>>> cache/GMH/teach/大研计划学生申报表（赴境外）.doc has been downloaded <<<
中科大教务处 - INFO	>>> cache/GMH/teach/大研计划学生申报表（赴境外）.txt has been downloaded <<<
中科大教务处 - INFO	>>> cache/GMH/teach/大研计划结题表（赴境外）.doc has been downloaded <<<
中科大教务处 - INFO	>>> cache/GMH/teach/大研计划结题表（赴境外）.txt has been downloaded <<<
中科大教务处 - INFO	>>> 大研计划结题表（赴境外）.doc exists! Pass <<<
中科大教务处 - INFO	>>> cache/GMH/teach/大研计划结题表（赴境外）.txt has been downloaded <<<
中科大教务处 - INFO	>>> 大研计划学生申报表（赴境外）.doc exists! Pass <<<
中科大教务处 - INFO	>>> cache/GMH/teach/大研计划学生申报表（赴境外）.txt has been downloaded <<<
中科大教务处 - INFO	>>> cache/GMH/teach/076.中国科学技术大学本科教学研究项目申请书.doc has been downloaded <<<
中科大教务处 - INFO	>>> cache/GMH/teach/076.中国科学技术大学本科教学研究项目申请书.txt has been downloaded <<<
中科大教务处 - INFO	>>> cache/GMH/teach/044.在读证明-国内.doc has been downloaded <<<
中科大教务处 - INFO	>>> cache/GMH/teach/044.在读证明-国内.txt has been downloaded <<<
中科大教务处 - INFO	>>> cache/GMH/teach/042.教师开设Seminar课程申请表.doc has been downloaded <<<
中科大教务处 - INFO	>>> cache/GMH/teach/042.教师开设Seminar课程申请表.txt has been downloaded <<<
中科大教务处 - INFO	>>> cache/GMH/teach/019.教学专项建设计划任务书.doc has been downloaded <<<
中科大教务处 - INFO	>>> cache/GMH/teach/019.教学专项建设计划任务书.txt has been downloaded <<<
中科大教务处 - INFO	>>> cache/GMH/teach/中国科学技术大学TopBrazil暑期项目交流学生申请表.doc has been downloaded <<<
中科大教务处 - INFO	>>> cache/GMH/teach/中国科学技术大学TopBrazil暑期项目交流学生申请表.txt has been downloaded <<<
中科大教务处 - INFO	>>> cache/GMH/teach/041.中国科学技术大学中期分流申请表.doc has been downloaded <<<
中科大教务处 - INFO	>>> cache/GMH/teach/041.中国科学技术大学中期分流申请表.txt has been downloaded <<<
中科大教务处 - INFO	>>> cache/GMH/teach/018.教学建设专项立项申请书.doc has been downloaded <<<
中科大教务处 - INFO	>>> cache/GMH/teach/018.教学建设专项立项申请书.txt has been downloaded <<<
中科大教务处 - INFO	>>> cache/GMH/teach/中国科学技术大学本科生交换项目拟选课程表.doc has been downloaded <<<
中科大教务处 - INFO	>>> cache/GMH/teach/中国科学技术大学本科生交换项目拟选课程表.txt has been downloaded <<<
中科大教务处 - INFO	>>> cache/GMH/teach/中国科学技术大学与境内大学本科生交流项目申请表.doc has been downloaded <<<
中科大教务处 - INFO	>>> cache/GMH/teach/中国科学技术大学与境内大学本科生交流项目申请表.txt has been downloaded <<<
中科大教务处 - INFO	>>> cache/GMH/teach/039.理学院天文学专业中期分流培养方案.doc has been downloaded <<<
中科大教务处 - INFO	>>> cache/GMH/teach/039.理学院天文学专业中期分流培养方案.txt has been downloaded <<<
中科大教务处 - INFO	>>> cache/GMH/teach/038.09年核工程与核技术专业分流要求与计划.doc has been downloaded <<<
中科大教务处 - INFO	>>> cache/GMH/teach/038.09年核工程与核技术专业分流要求与计划.txt has been downloaded <<<
中科大教务处 - INFO	>>> cache/GMH/teach/037.传播学专业中期分流要求与计划.doc has been downloaded <<<
中科大教务处 - INFO	>>> cache/GMH/teach/037.传播学专业中期分流要求与计划.txt has been downloaded <<<
中科大教务处 - INFO	>>> cache/GMH/teach/036.2008级本科生全校性专业重新选择工作安排.doc has been downloaded <<<
中科大教务处 - INFO	>>> cache/GMH/teach/036.2008级本科生全校性专业重新选择工作安排.txt has been downloaded <<<
中科大教务处 - INFO	>>> cache/GMH/teach/035.教师开设校选修课程申请表.doc has been downloaded <<<
中科大教务处 - INFO	>>> cache/GMH/teach/035.教师开设校选修课程申请表.txt has been downloaded <<<
中科大教务处 - INFO	>>> cache/GMH/teach/研究生助教岗位申报统计表（开课院系填）.xls has been downloaded <<<
中科大教务处 - INFO	>>> cache/GMH/teach/研究生助教岗位申报统计表（开课院系填）.txt has been downloaded <<<
中科大教务处 - INFO	>>> cache/GMH/teach/001.中国科学技术大学全校性专业选择录取结果汇总表.doc has been downloaded <<<
中科大教务处 - INFO	>>> cache/GMH/teach/001.中国科学技术大学全校性专业选择录取结果汇总表.txt has been downloaded <<<
中科大教务处 - INFO	>>> cache/GMH/teach/040.中国科学技术大学全校性专业选择申请表.doc has been downloaded <<<
中科大教务处 - INFO	>>> cache/GMH/teach/040.中国科学技术大学全校性专业选择申请表.txt has been downloaded <<<
中科大教务处 - INFO	>>> cache/GMH/teach/048.中国科技大学高等教育和教学研究计划项目申请书.doc has been downloaded <<<
中科大教务处 - INFO	>>> cache/GMH/teach/048.中国科技大学高等教育和教学研究计划项目申请书.txt has been downloaded <<<
中科大教务处 - INFO	>>> cache/GMH/teach/DBMD硕士学位方向及招生要求.doc has been downloaded <<<
中科大教务处 - INFO	>>> cache/GMH/teach/DBMD硕士学位方向及招生要求.txt has been downloaded <<<
中科大教务处 - INFO	>>> cache/GMH/teach/003.中国科学技术大学学生补报成绩单.doc has been downloaded <<<
中科大教务处 - INFO	>>> cache/GMH/teach/003.中国科学技术大学学生补报成绩单.txt has been downloaded <<<
中科大教务处 - INFO	>>> cache/GMH/teach/015.中国科学技术大学课程讲座教授岗位推荐、自荐表.doc has been downloaded <<<
中科大教务处 - INFO	>>> cache/GMH/teach/015.中国科学技术大学课程讲座教授岗位推荐、自荐表.txt has been downloaded <<<
中科大教务处 - INFO	>>> cache/GMH/teach/004.中国科学技术大学学业成绩单（新）.doc has been downloaded <<<
中科大教务处 - INFO	>>> cache/GMH/teach/004.中国科学技术大学学业成绩单（新）.txt has been downloaded <<<
中科大教务处 - INFO	>>> cache/GMH/teach/005.中国科学技术大学课程讲座教授岗位续聘表.doc has been downloaded <<<
中科大教务处 - INFO	>>> cache/GMH/teach/005.中国科学技术大学课程讲座教授岗位续聘表.txt has been downloaded <<<
中科大教务处 - INFO	>>> cache/GMH/teach/001.中国科学技术大学双语教学课程建设项目验收表.doc has been downloaded <<<
中科大教务处 - INFO	>>> cache/GMH/teach/001.中国科学技术大学双语教学课程建设项目验收表.txt has been downloaded <<<
中科大教务处 - INFO	>>> cache/GMH/teach/大学生赴院所做大学生研究计划差旅费统计表.doc has been downloaded <<<
中科大教务处 - INFO	>>> cache/GMH/teach/大学生赴院所做大学生研究计划差旅费统计表.txt has been downloaded <<<
中科大教务处 - INFO	>>> cache/GMH/teach/006.网络教学平台课程开户申请表.doc has been downloaded <<<
中科大教务处 - INFO	>>> cache/GMH/teach/006.网络教学平台课程开户申请表.txt has been downloaded <<<
中科大教务处 - INFO	>>> cache/GMH/teach/011.2007年度“省级精品课程”申报表.doc has been downloaded <<<
中科大教务处 - INFO	>>> cache/GMH/teach/011.2007年度“省级精品课程”申报表.txt has been downloaded <<<
中科大教务处 - INFO	>>> cache/GMH/teach/002.安徽省高等学校“十一五”省级规划教材申请书.doc has been downloaded <<<
中科大教务处 - INFO	>>> cache/GMH/teach/002.安徽省高等学校“十一五”省级规划教材申请书.txt has been downloaded <<<
中科大教务处 - INFO	>>> cache/GMH/teach/008.教师开设公共选修课程、Seminar课程申报情况汇总表.doc has been downloaded <<<
中科大教务处 - INFO	>>> cache/GMH/teach/008.教师开设公共选修课程、Seminar课程申报情况汇总表.txt has been downloaded <<<
中科大教务处 - INFO	>>> cache/GMH/teach/003.实习计划.doc has been downloaded <<<
中科大教务处 - INFO	>>> cache/GMH/teach/003.实习计划.txt has been downloaded <<<
中科大教务处 - INFO	>>> cache/GMH/teach/004.学生到校外单位做毕业论文情况统计.doc has been downloaded <<<
中科大教务处 - INFO	>>> cache/GMH/teach/004.学生到校外单位做毕业论文情况统计.txt has been downloaded <<<
中科大教务处 - INFO	>>> cache/GMH/teach/本科教学助教设岗课程申请表（开课院系填）.doc has been downloaded <<<
中科大教务处 - INFO	>>> cache/GMH/teach/本科教学助教设岗课程申请表（开课院系填）.txt has been downloaded <<<
中科大教务处 - INFO	>>> cache/GMH/teach/009.本科生赴外单位做毕业论文协议书.doc has been downloaded <<<
中科大教务处 - INFO	>>> cache/GMH/teach/009.本科生赴外单位做毕业论文协议书.txt has been downloaded <<<
中科大教务处 - INFO	>>> cache/GMH/teach/003.中国科学技术大学省级教学研究项目中期检查表.doc has been downloaded <<<
中科大教务处 - INFO	>>> cache/GMH/teach/003.中国科学技术大学省级教学研究项目中期检查表.txt has been downloaded <<<
中科大教务处 - INFO	>>> cache/GMH/teach/赴院所做大学生研究计划协议书.doc has been downloaded <<<
中科大教务处 - INFO	>>> cache/GMH/teach/赴院所做大学生研究计划协议书.txt has been downloaded <<<
中科大教务处 - INFO	>>> cache/GMH/teach/中国科学技术大学第五届校园DV大赛报名表.doc has been downloaded <<<
中科大教务处 - INFO	>>> cache/GMH/teach/中国科学技术大学第五届校园DV大赛报名表.txt has been downloaded <<<
中科大教务处 - INFO	>>> cache/GMH/teach/001.毕业论文封面内容.doc has been downloaded <<<
中科大教务处 - INFO	>>> cache/GMH/teach/001.毕业论文封面内容.txt has been downloaded <<<
中科大教务处 - INFO	>>> cache/GMH/teach/064.安徽省高等学校省级教学研究项目申请书（2007年）.doc has been downloaded <<<
中科大教务处 - INFO	>>> cache/GMH/teach/064.安徽省高等学校省级教学研究项目申请书（2007年）.txt has been downloaded <<<
中科大教务处 - INFO	>>> cache/GMH/teach/013.04级教学培养方案样表.doc has been downloaded <<<
中科大教务处 - INFO	>>> cache/GMH/teach/013.04级教学培养方案样表.txt has been downloaded <<<
中科大教务处 - INFO	>>> cache/GMH/teach/002.本科毕业论文（设计）中期检查工作计划.doc has been downloaded <<<
中科大教务处 - INFO	>>> cache/GMH/teach/002.本科毕业论文（设计）中期检查工作计划.txt has been downloaded <<<
中科大教务处 - INFO	>>> cache/GMH/teach/010.中国科学技术大学精品课程申报表.doc has been downloaded <<<
中科大教务处 - INFO	>>> cache/GMH/teach/010.中国科学技术大学精品课程申报表.txt has been downloaded <<<
中科大教务处 - INFO	>>> cache/GMH/teach/060.中国科学技术大学教学研究立项项目结题简表.doc has been downloaded <<<
中科大教务处 - INFO	>>> cache/GMH/teach/060.中国科学技术大学教学研究立项项目结题简表.txt has been downloaded <<<
中科大教务处 - INFO	>>> cache/GMH/teach/007.实验课教学计划表.xls has been downloaded <<<
中科大教务处 - INFO	>>> cache/GMH/teach/007.实验课教学计划表.txt has been downloaded <<<
中科大教务处 - INFO	>>> cache/GMH/teach/中科大科技活动与竞赛项目申请表.doc has been downloaded <<<
中科大教务处 - INFO	>>> cache/GMH/teach/中科大科技活动与竞赛项目申请表.txt has been downloaded <<<
中科大教务处 - INFO	>>> cache/GMH/teach/010.关于规范考试试卷管理的文件和表格.doc has been downloaded <<<
中科大教务处 - INFO	>>> cache/GMH/teach/010.关于规范考试试卷管理的文件和表格.txt has been downloaded <<<
中科大教务处 - INFO	>>> cache/GMH/teach/005.中国科学技术大学实验教材项目中期检查表.doc has been downloaded <<<
中科大教务处 - INFO	>>> cache/GMH/teach/005.中国科学技术大学实验教材项目中期检查表.txt has been downloaded <<<
中科大教务处 - INFO	>>> cache/GMH/teach/006.公共机房教学上机申请表.doc has been downloaded <<<
中科大教务处 - INFO	>>> cache/GMH/teach/006.公共机房教学上机申请表.txt has been downloaded <<<
中科大教务处 - INFO	>>> cache/GMH/teach/006.中国科学技术大学电子教材及课件质量评估指标体系.doc has been downloaded <<<
中科大教务处 - INFO	>>> cache/GMH/teach/006.中国科学技术大学电子教材及课件质量评估指标体系.txt has been downloaded <<<
中科大教务处 - INFO	>>> cache/GMH/teach/005.中国科学技术大学文字教材质量评估指标体系.doc has been downloaded <<<
中科大教务处 - INFO	>>> cache/GMH/teach/005.中国科学技术大学文字教材质量评估指标体系.txt has been downloaded <<<
中科大教务处 - INFO	>>> cache/GMH/teach/007.省级教学成果奖推荐书（2005年）.doc has been downloaded <<<
中科大教务处 - INFO	>>> cache/GMH/teach/007.省级教学成果奖推荐书（2005年）.txt has been downloaded <<<
中科大教务处 - INFO	>>> cache/GMH/teach/012.04级天文学专业培养方案（参考）.doc has been downloaded <<<
中科大教务处 - INFO	>>> cache/GMH/teach/012.04级天文学专业培养方案（参考）.txt has been downloaded <<<
中科大教务处 - INFO	>>> cache/GMH/teach/014.聘请中科院院所教师上课申请表.doc has been downloaded <<<
中科大教务处 - INFO	>>> cache/GMH/teach/014.聘请中科院院所教师上课申请表.txt has been downloaded <<<
中科大教务处 - INFO	>>> cache/GMH/teach/2004年中国科学技术大学体育运动大会报名文件.rar has been downloaded <<<
中科大教务处 - INFO	>>> cache/GMH/teach/2004年中国科学技术大学体育运动大会报名文件.txt has been downloaded <<<
中科大教务处 - INFO	>>> cache/GMH/teach/2004年中国科学技术大学体育运动大会竞赛规程总则.doc has been downloaded <<<
中科大教务处 - INFO	>>> cache/GMH/teach/2004年中国科学技术大学体育运动大会竞赛规程总则.txt has been downloaded <<<
中科大教务处 - INFO	>>> cache/GMH/teach/2004年中国科学技术大学体育运动大会报名表.rar has been downloaded <<<
中科大教务处 - INFO	>>> cache/GMH/teach/2004年中国科学技术大学体育运动大会报名表.txt has been downloaded <<<
中科大教务处 - INFO	>>> cache/GMH/teach/009.安徽省高等学校省级教学研究项目申请书（2005年）.doc has been downloaded <<<
中科大教务处 - INFO	>>> cache/GMH/teach/009.安徽省高等学校省级教学研究项目申请书（2005年）.txt has been downloaded <<<
中科大教务处 - INFO	>>> cache/GMH/teach/008.2005年度省级教学研究立项申报项目汇总表.doc has been downloaded <<<
中科大教务处 - INFO	>>> cache/GMH/teach/008.2005年度省级教学研究立项申报项目汇总表.txt has been downloaded <<<
中科大教务处 - INFO	>>> cache/GMH/teach/012.中国科学技术大学双语教学课程开课申请表.doc has been downloaded <<<
中科大教务处 - INFO	>>> cache/GMH/teach/012.中国科学技术大学双语教学课程开课申请表.txt has been downloaded <<<
中科大教务处 - INFO	>>> cache/GMH/teach/013.中国科技大学教学成果培育项目申报简表.doc has been downloaded <<<
中科大教务处 - INFO	>>> cache/GMH/teach/013.中国科技大学教学成果培育项目申报简表.txt has been downloaded <<<
中科大教务处 - INFO	>>> cache/GMH/teach/017.本科生课程请假申请表.doc has been downloaded <<<
中科大教务处 - INFO	>>> cache/GMH/teach/017.本科生课程请假申请表.txt has been downloaded <<<
中科大教务处 - INFO	>>> cache/GMH/teach/016.本科生课程安排调整申请表.doc has been downloaded <<<
中科大教务处 - INFO	>>> cache/GMH/teach/016.本科生课程安排调整申请表.txt has been downloaded <<<
中科大教务处 - INFO	>>> cache/GMH/teach/009.学生到校、任课教师缺席情况统计表.doc has been downloaded <<<
中科大教务处 - INFO	>>> cache/GMH/teach/009.学生到校、任课教师缺席情况统计表.txt has been downloaded <<<
中科大教务处 - INFO	>>> cache/GMH/teach/018.中国科学技术大学学业成绩表（辅修）.doc has been downloaded <<<
中科大教务处 - INFO	>>> cache/GMH/teach/018.中国科学技术大学学业成绩表（辅修）.txt has been downloaded <<<
中科大教务处 - INFO	>>> cache/GMH/teach/014.2003年度“国家精品课程”申报表.doc has been downloaded <<<
中科大教务处 - INFO	>>> cache/GMH/teach/014.2003年度“国家精品课程”申报表.txt has been downloaded <<<
中科大教务处 - INFO	>>> cache/GMH/teach/020.03级教学培养方案样表.doc has been downloaded <<<
中科大教务处 - INFO	>>> cache/GMH/teach/020.03级教学培养方案样表.txt has been downloaded <<<
中科大教务处 - INFO	>>> cache/GMH/teach/015.“世行贷款21世纪初高等教育教学改革项目”经费支出决算表.doc has been downloaded <<<
中科大教务处 - INFO	>>> cache/GMH/teach/015.“世行贷款21世纪初高等教育教学改革项目”经费支出决算表.txt has been downloaded <<<
中科大教务处 - INFO	>>> cache/GMH/teach/019.历史成绩修改申请表.doc has been downloaded <<<
中科大教务处 - INFO	>>> cache/GMH/teach/019.历史成绩修改申请表.txt has been downloaded <<<
中科大教务处 - INFO	>>> cache/GMH/teach/016.新世纪高等教育教学改革工程项目结题验收登记表.doc has been downloaded <<<
中科大教务处 - INFO	>>> cache/GMH/teach/016.新世纪高等教育教学改革工程项目结题验收登记表.txt has been downloaded <<<
中科大教务处 - INFO	>>> cache/GMH/teach/017.安徽省高等学校教学指导委员会专家推荐表.doc has been downloaded <<<
中科大教务处 - INFO	>>> cache/GMH/teach/017.安徽省高等学校教学指导委员会专家推荐表.txt has been downloaded <<<
中科大教务处 - INFO	>>> cache/GMH/teach/018.世行教学研究项目成果鉴定书.doc has been downloaded <<<
中科大教务处 - INFO	>>> cache/GMH/teach/018.世行教学研究项目成果鉴定书.txt has been downloaded <<<
中科大教务处 - INFO	>>> cache/GMH/teach/019.省级教学研究项目成果鉴定书.doc has been downloaded <<<
中科大教务处 - INFO	>>> cache/GMH/teach/019.省级教学研究项目成果鉴定书.txt has been downloaded <<<
中科大教务处 - INFO	>>> cache/GMH/teach/020.安徽省高等学校省级教学研究项目结项报告书.doc has been downloaded <<<
中科大教务处 - INFO	>>> cache/GMH/teach/020.安徽省高等学校省级教学研究项目结项报告书.txt has been downloaded <<<
中科大教务处 - INFO	>>> cache/GMH/teach/021.2003年度教学名师奖申请表.doc has been downloaded <<<
中科大教务处 - INFO	>>> cache/GMH/teach/021.2003年度教学名师奖申请表.txt has been downloaded <<<
中科大教务处 - INFO	>>> cache/GMH/teach/022.2003年度教学名师奖推荐人选汇总表.doc has been downloaded <<<
中科大教务处 - INFO	>>> cache/GMH/teach/022.2003年度教学名师奖推荐人选汇总表.txt has been downloaded <<<
中科大教务处 - INFO	>>> cache/GMH/teach/023.校级精品课程网络教学建设项目申请及任务书.doc has been downloaded <<<
中科大教务处 - INFO	>>> cache/GMH/teach/023.校级精品课程网络教学建设项目申请及任务书.txt has been downloaded <<<
中科大教务处 - INFO	>>> cache/GMH/teach/024.全国高等学校教学研究会学科委员会单位委员推荐表.doc has been downloaded <<<
中科大教务处 - INFO	>>> cache/GMH/teach/024.全国高等学校教学研究会学科委员会单位委员推荐表.txt has been downloaded <<<
中科大教务处 - INFO	>>> cache/GMH/teach/059.中国科学技术大学重点课程申报表（2003年）.doc has been downloaded <<<
中科大教务处 - INFO	>>> cache/GMH/teach/059.中国科学技术大学重点课程申报表（2003年）.txt has been downloaded <<<
中科大教务处 - INFO	>>> cache/GMH/teach/025.“国家理科基地创建名牌课程项目”申报书.doc has been downloaded <<<
中科大教务处 - INFO	>>> cache/GMH/teach/025.“国家理科基地创建名牌课程项目”申报书.txt has been downloaded <<<
中科大教务处 - INFO	>>> cache/GMH/teach/026.高等教育出版社2002年度“高等教育百门精品课程教材建设计划”立项申请书.zip has been downloaded <<<
中科大教务处 - INFO	>>> cache/GMH/teach/026.高等教育出版社2002年度“高等教育百门精品课程教材建设计划”立项申请书.txt has been downloaded <<<
中科大教务处 - INFO	>>> cache/GMH/teach/021.外聘、返聘教师上课申请表.doc has been downloaded <<<
中科大教务处 - INFO	>>> cache/GMH/teach/021.外聘、返聘教师上课申请表.txt has been downloaded <<<
中科大教务处 - INFO	>>> cache/GMH/teach/022.四年制本科教学计划样表（02级适用）.zip has been downloaded <<<
中科大教务处 - INFO	>>> cache/GMH/teach/022.四年制本科教学计划样表（02级适用）.txt has been downloaded <<<
中科大教务处 - INFO	>>> cache/GMH/teach/031.全国高等教育科学“十五”规划重点研究课题立项申请书课题组负责人和课题组成员简况.zip has been downloaded <<<
中科大教务处 - INFO	>>> cache/GMH/teach/031.全国高等教育科学“十五”规划重点研究课题立项申请书课题组负责人和课题组成员简况.txt has been downloaded <<<
中科大教务处 - INFO	>>> cache/GMH/teach/043.全国高校教学研究会研究课题申请书、中期检查表、验收表1、验收表2.zip has been downloaded <<<
中科大教务处 - INFO	>>> cache/GMH/teach/043.全国高校教学研究会研究课题申请书、中期检查表、验收表1、验收表2.txt has been downloaded <<<
中科大教务处 - INFO	>>> cache/GMH/teach/074.2003年度省级教学研究立项申报项目汇总表.doc has been downloaded <<<
中科大教务处 - INFO	>>> cache/GMH/teach/074.2003年度省级教学研究立项申报项目汇总表.txt has been downloaded <<<
中科大教务处 - INFO	>>> cache/GMH/teach/075.安徽省高等学校省级教学研究项目申请书(2003年).doc has been downloaded <<<
中科大教务处 - INFO	>>> cache/GMH/teach/075.安徽省高等学校省级教学研究项目申请书(2003年).txt has been downloaded <<<
中科大教务处 - INFO	>>> cache/GMH/teach/012.中国科技大学高水平大学教学实验室建设专家验收评估表.doc has been downloaded <<<
中科大教务处 - INFO	>>> cache/GMH/teach/012.中国科技大学高水平大学教学实验室建设专家验收评估表.txt has been downloaded <<<
中科大教务处 - INFO	>>> cache/GMH/teach/013.中国科学技术大学高水平大学教学实验室建设验收报告.doc has been downloaded <<<
中科大教务处 - INFO	>>> cache/GMH/teach/013.中国科学技术大学高水平大学教学实验室建设验收报告.txt has been downloaded <<<
中科大教务处 - INFO	>>> cache/GMH/teach/万元以上教学实验仪器设备调查表.doc has been downloaded <<<
中科大教务处 - INFO	>>> cache/GMH/teach/万元以上教学实验仪器设备调查表.txt has been downloaded <<<
中科大教务处 - INFO	>>> cache/GMH/teach/027.中国科学技术大学综合素质重点课程申报表.doc has been downloaded <<<
中科大教务处 - INFO	>>> cache/GMH/teach/027.中国科学技术大学综合素质重点课程申报表.txt has been downloaded <<<
中科大教务处 - INFO	>>> cache/GMH/teach/046.中国科学技术大学校级重点课程建设.doc has been downloaded <<<
中科大教务处 - INFO	>>> cache/GMH/teach/046.中国科学技术大学校级重点课程建设.txt has been downloaded <<<
中科大教务处 - INFO	>>> cache/GMH/teach/024.中国科学技术大学学业成绩表（双学位）.doc has been downloaded <<<
中科大教务处 - INFO	>>> cache/GMH/teach/024.中国科学技术大学学业成绩表（双学位）.txt has been downloaded <<<
中科大教务处 - INFO	>>> cache/GMH/teach/049.新世纪网络课程建设工程项目申请书.doc has been downloaded <<<
中科大教务处 - INFO	>>> cache/GMH/teach/049.新世纪网络课程建设工程项目申请书.txt has been downloaded <<<
中科大教务处 - INFO	>>> cache/GMH/teach/029.教育部教材评优专家评议表（理工类）.xls has been downloaded <<<
中科大教务处 - INFO	>>> cache/GMH/teach/029.教育部教材评优专家评议表（理工类）.txt has been downloaded <<<
中科大教务处 - INFO	>>> cache/GMH/teach/030.教育部教材评优专家评议表（文科类）.xls has been downloaded <<<
中科大教务处 - INFO	>>> cache/GMH/teach/030.教育部教材评优专家评议表（文科类）.txt has been downloaded <<<
中科大教务处 - INFO	>>> cache/GMH/teach/教育部高等学校理工科教学指导委员会委员推荐表.doc has been downloaded <<<
中科大教务处 - INFO	>>> cache/GMH/teach/教育部高等学校理工科教学指导委员会委员推荐表.txt has been downloaded <<<
中科大教务处 - INFO	>>> cache/GMH/teach/053.世行贷款21世纪初高等教育教学改革项目认定书.doc has been downloaded <<<
中科大教务处 - INFO	>>> cache/GMH/teach/053.世行贷款21世纪初高等教育教学改革项目认定书.txt has been downloaded <<<
中科大教务处 - INFO	>>> cache/GMH/teach/032.安徽高等学校省级教学研究项目结项报告书.doc has been downloaded <<<
中科大教务处 - INFO	>>> cache/GMH/teach/032.安徽高等学校省级教学研究项目结项报告书.txt has been downloaded <<<
中科大教务处 - INFO	>>> 030.教育部教材评优专家评议表（文科类）.xls exists! Pass <<<
中科大教务处 - INFO	>>> cache/GMH/teach/030.教育部教材评优专家评议表（文科类）.txt has been downloaded <<<
中科大教务处 - INFO	>>> 教育部高等学校理工科教学指导委员会委员推荐表.doc exists! Pass <<<
中科大教务处 - INFO	>>> cache/GMH/teach/教育部高等学校理工科教学指导委员会委员推荐表.txt has been downloaded <<<
中科大教务处 - INFO	>>> 053.世行贷款21世纪初高等教育教学改革项目认定书.doc exists! Pass <<<
中科大教务处 - INFO	>>> cache/GMH/teach/053.世行贷款21世纪初高等教育教学改革项目认定书.txt has been downloaded <<<
中科大教务处 - INFO	>>> cache/GMH/teach/030.关于四年制学生修读双学位和辅修专业的实施办法.doc has been downloaded <<<
中科大教务处 - INFO	>>> cache/GMH/teach/030.关于四年制学生修读双学位和辅修专业的实施办法.txt has been downloaded <<<
中科大教务处 - INFO	>>> cache/GMH/teach/055.国家级教学成果奖鉴定书.doc has been downloaded <<<
中科大教务处 - INFO	>>> cache/GMH/teach/055.国家级教学成果奖鉴定书.txt has been downloaded <<<
中科大教务处 - INFO	>>> cache/GMH/teach/044.校基于校园网远程教学项目申请书.doc has been downloaded <<<
中科大教务处 - INFO	>>> cache/GMH/teach/044.校基于校园网远程教学项目申请书.txt has been downloaded <<<
中科大教务处 - INFO	>>> cache/GMH/teach/056.国家级教学成果奖推荐成果汇总表.doc has been downloaded <<<
中科大教务处 - INFO	>>> cache/GMH/teach/056.国家级教学成果奖推荐成果汇总表.txt has been downloaded <<<
中科大教务处 - INFO	>>> cache/GMH/teach/057.中国科学技术大学教材“十五”期间出版规划一览表.doc has been downloaded <<<
中科大教务处 - INFO	>>> cache/GMH/teach/057.中国科学技术大学教材“十五”期间出版规划一览表.txt has been downloaded <<<
中科大教务处 - INFO	>>> cache/GMH/teach/023.课程教学大纲.doc has been downloaded <<<
中科大教务处 - INFO	>>> cache/GMH/teach/023.课程教学大纲.txt has been downloaded <<<
中科大教务处 - INFO	>>> cache/GMH/teach/028.教育部教材评优专家评议表（电子教材类）.doc has been downloaded <<<
中科大教务处 - INFO	>>> cache/GMH/teach/028.教育部教材评优专家评议表（电子教材类）.txt has been downloaded <<<
中科大教务处 - INFO	>>> cache/GMH/teach/039.新世纪经济学、法学和管理学类项目申请书.doc has been downloaded <<<
中科大教务处 - INFO	>>> cache/GMH/teach/039.新世纪经济学、法学和管理学类项目申请书.txt has been downloaded <<<
中科大教务处 - INFO	>>> cache/GMH/teach/052.2000校级成果申报书填报说明.doc has been downloaded <<<
中科大教务处 - INFO	>>> cache/GMH/teach/052.2000校级成果申报书填报说明.txt has been downloaded <<<
中科大教务处 - WARNING	Page:https://www.teach.ustc.edu.cn/wp-content/uploads/documents/2002/029. 中国科学技术大学经济技术学院学业成绩表.rtf - Article and File are both empty! pass
中科大教务处 - INFO	>>> cache/GMH/teach/029.中国科学技术大学经济技术学院学业成绩表.txt has been downloaded <<<
中科大教务处 - INFO	>>> cache/GMH/teach/073.中国科学技术大学教研服务网络.doc has been downloaded <<<
中科大教务处 - INFO	>>> cache/GMH/teach/073.中国科学技术大学教研服务网络.txt has been downloaded <<<
中科大教务处 - INFO	>>> cache/GMH/teach/054.国家级教学成果奖推荐书.doc has been downloaded <<<
中科大教务处 - INFO	>>> cache/GMH/teach/054.国家级教学成果奖推荐书.txt has been downloaded <<<
中科大教务处 - INFO	>>> cache/GMH/teach/025.中国科学技术大学学业成绩表（本科）.doc has been downloaded <<<
中科大教务处 - INFO	>>> cache/GMH/teach/025.中国科学技术大学学业成绩表（本科）.txt has been downloaded <<<
中科大教务处 - INFO	>>> cache/GMH/teach/069.附件一：普通高等教育“十五”国家级规划教材申报指南.zip has been downloaded <<<
中科大教务处 - INFO	>>> cache/GMH/teach/069.附件一：普通高等教育“十五”国家级规划教材申报指南.txt has been downloaded <<<
中科大教务处 - INFO	>>> cache/GMH/teach/027.九九级五年制学生提前毕业汇总表.doc has been downloaded <<<
中科大教务处 - INFO	>>> cache/GMH/teach/027.九九级五年制学生提前毕业汇总表.txt has been downloaded <<<
中科大教务处 - INFO	>>> cache/GMH/teach/050.教育部关于启动网络课程教学试点项目的通知.doc has been downloaded <<<
中科大教务处 - INFO	>>> cache/GMH/teach/050.教育部关于启动网络课程教学试点项目的通知.txt has been downloaded <<<
中科大教务处 - INFO	>>> cache/GMH/teach/061.中国科学技术大学教学研究立项项目进展报告表.doc has been downloaded <<<
中科大教务处 - INFO	>>> cache/GMH/teach/061.中国科学技术大学教学研究立项项目进展报告表.txt has been downloaded <<<
中科大教务处 - INFO	>>> cache/GMH/teach/CAI课件和试题库购置申请表.doc has been downloaded <<<
中科大教务处 - INFO	>>> cache/GMH/teach/CAI课件和试题库购置申请表.txt has been downloaded <<<
中科大教务处 - INFO	>>> cache/GMH/teach/041.安徽省省级重点课程申报表.doc has been downloaded <<<
中科大教务处 - INFO	>>> cache/GMH/teach/041.安徽省省级重点课程申报表.txt has been downloaded <<<
中科大教务处 - INFO	>>> cache/GMH/teach/070.安徽省级重点课程建设项目任务书.doc has been downloaded <<<
中科大教务处 - INFO	>>> cache/GMH/teach/070.安徽省级重点课程建设项目任务书.txt has been downloaded <<<
中科大教务处 - INFO	>>> cache/GMH/teach/第一届教育部高等学校网络教育指导委员会委员推荐表.doc has been downloaded <<<
中科大教务处 - INFO	>>> cache/GMH/teach/第一届教育部高等学校网络教育指导委员会委员推荐表.txt has been downloaded <<<
中科大教务处 - INFO	>>> cache/GMH/teach/042.安徽省教学研究项目申请书（99年）.doc has been downloaded <<<
中科大教务处 - INFO	>>> cache/GMH/teach/042.安徽省教学研究项目申请书（99年）.txt has been downloaded <<<
中科大教务处 - INFO	>>> cache/GMH/teach/037.关于考卷印刷工作的有关规定.doc has been downloaded <<<
中科大教务处 - INFO	>>> cache/GMH/teach/037.关于考卷印刷工作的有关规定.txt has been downloaded <<<
中科大教务处 - INFO	>>> cache/GMH/teach/026.四年制本科教学计划表关于部分课程调整的通知.doc has been downloaded <<<
中科大教务处 - INFO	>>> cache/GMH/teach/026.四年制本科教学计划表关于部分课程调整的通知.txt has been downloaded <<<
中科大教务处 - INFO	>>> cache/GMH/teach/028.中国科技大学五年制学生提前毕业申请表.doc has been downloaded <<<
中科大教务处 - INFO	>>> cache/GMH/teach/028.中国科技大学五年制学生提前毕业申请表.txt has been downloaded <<<
中科大教务处 - INFO	>>> cache/GMH/teach/031.关于本科教学计划中综合知识模块学分要求和成绩记载的规定.doc has been downloaded <<<
中科大教务处 - INFO	>>> cache/GMH/teach/031.关于本科教学计划中综合知识模块学分要求和成绩记载的规定.txt has been downloaded <<<
中科大教务处 - INFO	>>> cache/GMH/teach/045.世行贷款21世纪初高等教育教学改革项目.doc has been downloaded <<<
中科大教务处 - INFO	>>> cache/GMH/teach/045.世行贷款21世纪初高等教育教学改革项目.txt has been downloaded <<<
中科大教务处 - INFO	>>> cache/GMH/teach/2002年攻读第二学士学位考生报名资格审查表.doc has been downloaded <<<
中科大教务处 - INFO	>>> cache/GMH/teach/2002年攻读第二学士学位考生报名资格审查表.txt has been downloaded <<<
中科大教务处 - INFO	>>> cache/GMH/teach/072.世行贷款21世纪初高等理工科教育教学改革项目年度进展表.doc has been downloaded <<<
中科大教务处 - INFO	>>> cache/GMH/teach/072.世行贷款21世纪初高等理工科教育教学改革项目年度进展表.txt has been downloaded <<<
中科大教务处 - INFO	>>> cache/GMH/teach/040.“211工程”和“九五”教学实验室验收报告（空表）.doc has been downloaded <<<
中科大教务处 - INFO	>>> cache/GMH/teach/040.“211工程”和“九五”教学实验室验收报告（空表）.txt has been downloaded <<<
中科大教务处 - INFO	>>> cache/GMH/teach/063.2001年度省级教学研究立项申报项目汇总表.doc has been downloaded <<<
中科大教务处 - INFO	>>> cache/GMH/teach/063.2001年度省级教学研究立项申报项目汇总表.txt has been downloaded <<<
中科大教务处 - INFO	>>> cache/GMH/teach/002.关于2000级双学位班报名的通知.doc has been downloaded <<<
中科大教务处 - INFO	>>> cache/GMH/teach/002.关于2000级双学位班报名的通知.txt has been downloaded <<<
中科大教务处 - INFO	>>> cache/GMH/teach/033.普通高等学校1999-2000年新版、修订版教材统计表.xls has been downloaded <<<
中科大教务处 - INFO	>>> cache/GMH/teach/033.普通高等学校1999-2000年新版、修订版教材统计表.txt has been downloaded <<<
中科大教务处 - INFO	>>> cache/GMH/teach/065.2001年度高校省级重点建设课程申报情况汇总表.doc has been downloaded <<<
中科大教务处 - INFO	>>> cache/GMH/teach/065.2001年度高校省级重点建设课程申报情况汇总表.txt has been downloaded <<<
中科大教务处 - INFO	>>> cache/GMH/teach/066.安徽省省级重点课程申报表（2001年）.doc has been downloaded <<<
中科大教务处 - INFO	>>> cache/GMH/teach/066.安徽省省级重点课程申报表（2001年）.txt has been downloaded <<<
中科大教务处 - INFO	>>> cache/GMH/teach/067.普通高等教育“十五”国家级规划教材申请书.doc has been downloaded <<<
中科大教务处 - INFO	>>> cache/GMH/teach/067.普通高等教育“十五”国家级规划教材申请书.txt has been downloaded <<<
中科大教务处 - INFO	>>> cache/GMH/teach/058.中国科技大学重点课程建设中期检查表.doc has been downloaded <<<
中科大教务处 - INFO	>>> cache/GMH/teach/058.中国科技大学重点课程建设中期检查表.txt has been downloaded <<<
中科大教务处 - INFO	>>> cache/GMH/teach/068.普通高等教育“十五”国家级规划教材申报汇总表.doc has been downloaded <<<
中科大教务处 - INFO	>>> cache/GMH/teach/068.普通高等教育“十五”国家级规划教材申报汇总表.txt has been downloaded <<<
中科大教务处 - INFO	>>> cache/GMH/teach/071.世行贷款21世纪初高等理工科教育教学改革项目结题成果登记表.doc has been downloaded <<<
中科大教务处 - INFO	>>> cache/GMH/teach/071.世行贷款21世纪初高等理工科教育教学改革项目结题成果登记表.txt has been downloaded <<<
中科大教务处 - INFO	>>> cache/GMH/teach/038.“十五”教材规划调查表.doc has been downloaded <<<
中科大教务处 - INFO	>>> cache/GMH/teach/038.“十五”教材规划调查表.txt has been downloaded <<<
中科大教务处 - INFO	>>> cache/GMH/teach/062.1998年度和1999年度省级教学研究项目结项情况汇总表.doc has been downloaded <<<
中科大教务处 - INFO	>>> cache/GMH/teach/062.1998年度和1999年度省级教学研究项目结项情况汇总表.txt has been downloaded <<<
中科大教务处 - INFO	>>> cache/GMH/teach/软件学院中期分流申请表.doc has been downloaded <<<
中科大教务处 - INFO	>>> cache/GMH/teach/软件学院中期分流申请表.txt has been downloaded <<<
中科大教务处 - INFO	>>> cache/GMH/teach/“小橘灯”系列培训第二期——数字赋能：多媒体技术助力教学科研申报.txt has been downloaded <<<
中科大教务处 - INFO	>>> cache/GMH/teach/关于2024年秋季学期本科生课程网上评教的通知.txt has been downloaded <<<
中科大教务处 - INFO	>>> cache/GMH/teach/“2024年大学生研究计划宣介会”成功举办.txt has been downloaded <<<
中科大教务处 - INFO	>>> cache/GMH/teach/关于2024秋季学期本科生竞赛成绩选择时间调整的通知.txt has been downloaded <<<
中科大教务处 - INFO	>>> cache/GMH/teach/2024年度本科课程主讲教师教学能力提升营成功举办.txt has been downloaded <<<
中科大教务处 - INFO	>>> cache/GMH/teach/关于2024年下半年全国大学英语四、六级笔试工作的通知.txt has been downloaded <<<
中科大教务处 - INFO	>>> cache/GMH/teach/2024年下半年全国大学英语四、六级笔试考生须知.txt has been downloaded <<<
中科大教务处 - WARNING	Page:https://news.ustc.edu.cn/info/1055/89915.htm - Article and File are both empty! pass
中科大教务处 - INFO	>>> cache/GMH/teach/饶子和院士为2024级本科生作“科学与社会”研讨课主题报告.txt has been downloaded <<<
中科大教务处 - INFO	>>> cache/GMH/teach/关于2024-2025学年大学生研究计划申报的通知.txt has been downloaded <<<
中科大教务处 - INFO	>>> cache/GMH/teach/关于2023秋和2024春开题的大学生研究计划结题答辩通知.txt has been downloaded <<<
中科大教务处 - INFO	>>> cache/GMH/teach/关于2024级本科生“科学与社会”研讨课之饶子和院士报告会的通知.txt has been downloaded <<<
中科大教务处 - INFO	>>> cache/GMH/teach/关于2024年秋季学期本科生行政院系及专业调整工作通知.txt has been downloaded <<<
中科大教务处 - INFO	>>> cache/GMH/teach/传承赓续“两弹一星”薪火做新时代“六有”大学生——校党委书记舒歌群为2024级新生上思政课.txt has been downloaded <<<
中科大教务处 - INFO	>>> cache/GMH/teach/关于2025届本科毕业生电子图像采集的通知.txt has been downloaded <<<
中科大教务处 - INFO	>>> cache/GMH/teach/关于2024秋季学期本科生竞赛成果申报及成绩选择的通知.txt has been downloaded <<<
中科大教务处 - WARNING	Page:https://news.ustc.edu.cn/info/1055/89439.htm - Article and File are both empty! pass
中科大教务处 - INFO	>>> cache/GMH/teach/名誉校长白春礼院士为2024级本科生作“科学与社会”研讨课主题报告.txt has been downloaded <<<
中科大教务处 - INFO	>>> cache/GMH/teach/[2024]28号关于开展2024年秋季学期本科教学检查的通知.pdf has been downloaded <<<
中科大教务处 - INFO	>>> cache/GMH/teach/[2024]28号关于开展2024年秋季学期本科教学检查的通知.txt has been downloaded <<<
中科大教务处 - INFO	>>> cache/GMH/teach/关于2024级本科生“科学与社会”研讨课之白春礼院士报告会的通知.txt has been downloaded <<<
中科大教务处 - INFO	>>> cache/GMH/teach/关于2024年暑期境外科研实践项目结题答辩的通知.txt has been downloaded <<<
中科大教务处 - INFO	>>> cache/GMH/teach/[2024]27号关于授予吴汶政等66名同学2024年春季学期“优秀助教”荣誉称号的决定.pdf has been downloaded <<<
中科大教务处 - INFO	>>> cache/GMH/teach/[2024]27号关于授予吴汶政等66名同学2024年春季学期“优秀助教”荣誉称号的决定.txt has been downloaded <<<
中科大教务处 - INFO	>>> cache/GMH/teach/关于开展2024-2025学年学生体质健康测试的通知.txt has been downloaded <<<
中科大教务处 - INFO	>>> cache/GMH/teach/关于2024春开题的“大学生研究计划”项目中期检查的通知.txt has been downloaded <<<
中科大教务处 - INFO	>>> cache/GMH/teach/学校召开2024级本科生“科学与社会”研讨课导师研讨会.txt has been downloaded <<<
中科大教务处 - INFO	>>> cache/GMH/teach/关于2025届本科毕业论文（设计）开题的通知.txt has been downloaded <<<
中科大教务处 - INFO	>>> cache/GMH/teach/关于2024年下半年全国大学英语四、六级考试报名有关工作的通知.txt has been downloaded <<<
中科大教务处 - INFO	>>> cache/GMH/teach/关于2024级科技英才班选拔工作的通知.txt has been downloaded <<<
中科大教务处 - INFO	>>> cache/GMH/teach/中国科学技术大学关于开展“十四五”普通高等教育本科国家级规划教材第一次推荐遴选工作的校内申报通知.txt has been downloaded <<<
中科大教务处 - INFO	>>> cache/GMH/teach/关于2024年秋季学期本科课程助教岗位发布及申请的通知.txt has been downloaded <<<
中科大教务处 - INFO	>>> cache/GMH/teach/2024年秋季学期本科生选课通知.txt has been downloaded <<<
中科大教务处 - INFO	>>> cache/GMH/teach/中国科学院上海分院首届优秀大学生夏令营报名通知.txt has been downloaded <<<
中科大教务处 - INFO	>>> cache/GMH/teach/2024年长三角研究型大学联盟教学实践基地共建共享项目华为昇思MindSpore创新训练营报名通知.txt has been downloaded <<<
中科大教务处 - INFO	>>> cache/GMH/teach/关于思想政治理论课执行方案的通知.txt has been downloaded <<<
中科大教务处 - INFO	>>> cache/GMH/teach/我校4个项目获批教育部高等教育司实验教学和教学实验室建设研究项目立项.txt has been downloaded <<<
中科大教务处 - INFO	>>> cache/GMH/teach/关于举办第二届中国科学技术大学人工智能创新应用大赛的通知.txt has been downloaded <<<
中科大教务处 - INFO	>>> cache/GMH/teach/朱松纯教授为本科生作“科学与社会”研讨课主题报告.txt has been downloaded <<<
中科大教务处 - INFO	>>> cache/GMH/teach/关于举办第六届全国高校混合式教学设计创新大赛校内选拔赛的通知.txt has been downloaded <<<
中科大教务处 - INFO	>>> cache/GMH/teach/关于2024年暑期实践教学有关事项的通知.txt has been downloaded <<<
中科大教务处 - INFO	>>> cache/GMH/teach/关于2023级本科生辅修学士学位报名工作的通知.txt has been downloaded <<<
中科大教务处 - INFO	>>> cache/GMH/teach/教师教学发展中心邀请国家级教学名师段哲民教授做客“师说堂”系列讲座.txt has been downloaded <<<
中科大教务处 - INFO	>>> cache/GMH/teach/传承弘扬“两弹一星”精神为中国式现代化建设作先锋——舒歌群为2024届毕业生上毕业思政课.txt has been downloaded <<<
中科大教务处 - INFO	>>> cache/GMH/teach/关于2023级本科生“科学与社会”研讨课之朱松纯教授报告会的通知.txt has been downloaded <<<
中科大教务处 - INFO	>>> cache/GMH/teach/关于2024年上半年全国大学英语四、六级笔试工作的通知.txt has been downloaded <<<
中科大教务处 - INFO	>>> cache/GMH/teach/2024年上半年全国大学英语四、六级笔试考生须知.txt has been downloaded <<<
中科大教务处 - WARNING	Page:https://news.ustc.edu.cn/info/1055/87696.htm - Article and File are both empty! pass
中科大教务处 - INFO	>>> cache/GMH/teach/关于申请2024年暑期赴院、所“大学生研究计划”有关事项的通知.txt has been downloaded <<<
中科大教务处 - INFO	>>> cache/GMH/teach/关于2023秋开题的“大学生研究计划”项目中期检查通知.txt has been downloaded <<<
中科大教务处 - INFO	>>> cache/GMH/teach/关于2024年暑期大学生研究计划申报的通知.txt has been downloaded <<<
中科大教务处 - INFO	>>> cache/GMH/teach/2024年夏季学期本科生选课通知.txt has been downloaded <<<
中科大教务处 - INFO	>>> cache/GMH/teach/关于2024春季学期本科生竞赛成果申报及成绩选择的通知.txt has been downloaded <<<
中科大教务处 - INFO	>>> cache/GMH/teach/中国科学院孙胜利院士为2023级本科生作“科学与社会”研讨课主题报告.txt has been downloaded <<<
中科大教务处 - INFO	>>> cache/GMH/teach/中国科学技术大学召开专家听课意见反馈会.txt has been downloaded <<<
中科大教务处 - INFO	>>> cache/GMH/teach/关于2024年春季及夏季学期本科生课程网上评教的通知.txt has been downloaded <<<
中科大教务处 - INFO	>>> cache/GMH/teach/西安交通大学2024年第十五届“中国传统文化”C9暑期学校报名通知.txt has been downloaded <<<
中科大教务处 - INFO	>>> cache/GMH/teach/关于2024年春季学期本科生院内大类分专业及行政院系专业调整工作通知.txt has been downloaded <<<
中科大教务处 - INFO	>>> cache/GMH/teach/关于2023级本科生“科学与社会”研讨课之孙胜利院士报告会的通知.txt has been downloaded <<<
中科大教务处 - INFO	>>> cache/GMH/teach/南京大学2024年C9暑期学校报名通知.txt has been downloaded <<<
中科大教务处 - INFO	>>> cache/GMH/teach/哈尔滨工业大学2024年C9国际暑期学校报名通知.txt has been downloaded <<<
中科大教务处 - INFO	>>> cache/GMH/teach/关于2024届本科毕业论文（设计）答辩的通知.txt has been downloaded <<<
中科大教务处 - INFO	>>> cache/GMH/teach/关于2024届本科毕业论文（设计）“查重”检测、结题及答辩申请的通知.txt has been downloaded <<<
中科大教务处 - INFO	>>> cache/GMH/teach/请2024届毕业班同学对本科教学情况进行问卷评价.txt has been downloaded <<<
中科大教务处 - INFO	>>> cache/GMH/teach/关于组织申报2024年度中国科学技术大学本科生“十四五”规划教材项目的通知.txt has been downloaded <<<
中科大教务处 - INFO	>>> cache/GMH/teach/关于2024年大学生创新训练计划项目申报的通知.txt has been downloaded <<<
中科大教务处 - INFO	>>> cache/GMH/teach/关于2024年大学生创新训练计划项目结题及答辩工作安排的通知.txt has been downloaded <<<
中科大教务处 - WARNING	Page:https://news.ustc.edu.cn/info/1055/87106.htm - Article and File are both empty! pass
中科大教务处 - INFO	>>> cache/GMH/teach/2024年青年科学家长三角国际科研项目报名通知.txt has been downloaded <<<
中科大教务处 - INFO	>>> cache/GMH/teach/教师教学发展中心邀请孔燕教授做客2024年春季学期首场“师说堂”.txt has been downloaded <<<
中科大教务处 - INFO	>>> cache/GMH/teach/中国科学院朱永官院士为2023级本科生作“科学与社会”研讨课主题报告.txt has been downloaded <<<
中科大教务处 - INFO	>>> cache/GMH/teach/关于启动2024年全校性专业选择及中期分流工作通知.txt has been downloaded <<<
中科大教务处 - WARNING	Page:https://pms.cmet.ustc.edu.cn/notice/32 - Article and File are both empty! pass
中科大教务处 - INFO	>>> cache/GMH/teach/北京大学2024年暑期学校报名通知.txt has been downloaded <<<
中科大教务处 - INFO	>>> cache/GMH/teach/关于2023级本科生“科学与社会”研讨课之朱永官院士报告会的通知.txt has been downloaded <<<
中科大教务处 - WARNING	Page:https://news.ustc.edu.cn/info/1055/86910.htm - Article and File are both empty! pass
中科大教务处 - INFO	>>> cache/GMH/teach/中国科学技术大学-华为技术有限公司“HarmonyOS菁英班”招募选拔通知.txt has been downloaded <<<
中科大教务处 - INFO	>>> cache/GMH/teach/赵政国院士为2023级本科生作“科学与社会”研讨课主题报告.txt has been downloaded <<<
中科大教务处 - INFO	>>> cache/GMH/teach/关于举办第四届全国高校教师教学创新大赛产教融合赛道校赛的通知.txt has been downloaded <<<
中科大教务处 - INFO	>>> cache/GMH/teach/上海交通大学2024年C9暑期课程报名通知.txt has been downloaded <<<
中科大教务处 - INFO	>>> cache/GMH/teach/关于2023级本科生“科学与社会”研讨课之赵政国院士报告会的通知.txt has been downloaded <<<
中科大教务处 - INFO	>>> cache/GMH/teach/关于2024年上半年全国大学英语四、六级考试报名有关工作的通知.txt has been downloaded <<<
中科大教务处 - INFO	>>> cache/GMH/teach/关于开展2024届本科毕业论文（设计）中期检查的通知.txt has been downloaded <<<
中科大教务处 - INFO	>>> cache/GMH/teach/关于选拔学生组队报名参加2024年第十届全国大学生物理实验竞赛（创新）的通知.txt has been downloaded <<<
中科大教务处 - INFO	>>> cache/GMH/teach/2024年浙江大学可持续发展全球暑期学校C9联盟报名通知.txt has been downloaded <<<
中科大教务处 - INFO	>>> cache/GMH/teach/复旦大学2024年C9暑期国际课程报名通知.txt has been downloaded <<<
中科大教务处 - WARNING	Page:https://pms.cmet.ustc.edu.cn/notice/31 - Article and File are both empty! pass
中科大教务处 - INFO	>>> cache/GMH/teach/关于做好“十四五”本科国家级规划教材校内排摸梳理工作的通知.txt has been downloaded <<<
中科大教务处 - INFO	>>> cache/GMH/teach/第四届全国高校教师教学创新大赛中国科大校赛成功举办.txt has been downloaded <<<
中科大教务处 - INFO	>>> cache/GMH/teach/关于组织开展国家智慧教育平台应用情况调研的通知.txt has been downloaded <<<
中科大教务处 - INFO	>>> cache/GMH/teach/我校举办2023年度安徽省国家级实验教学示范中心可持续发展研讨会.txt has been downloaded <<<
中科大教务处 - INFO	>>> cache/GMH/teach/教师教学发展中心组织举办国家级一流课程申报线上研讨会.txt has been downloaded <<<
中科大教务处 - INFO	>>> cache/GMH/teach/关于2024年春季学期本科课程助教岗位发布及申请的通知.txt has been downloaded <<<
中科大教务处 - INFO	>>> cache/GMH/teach/技术星光助力教学提升“小橘灯”系列培训第一期顺利举办.txt has been downloaded <<<
