数学科学学院 - INFO	Downloading src files for 数学科学学院...
数学科学学院 - INFO	Getting the src_urls list of center https://math.ustc.edu.cn/bksjy/list.htm...
数学科学学院 - INFO	Getting the src_urls list of center https://math.ustc.edu.cn/yjsjy/list.htm...
数学科学学院 - INFO	Getting the src_urls list of center https://math.ustc.edu.cn/xyxw/list.htm...
数学科学学院 - WARNING	Page:https://www.teach.ustc.edu.cn/category/service/svc-student - Article and File are both empty! pass
数学科学学院 - WARNING	Page:https://www.teach.ustc.edu.cn/about/staff - Article and File are both empty! pass
数学科学学院 - WARNING	Page:https://www.teach.ustc.edu.cn/service/svc-student/4427.html - Article and File are both empty! pass
数学科学学院 - INFO	>>> cache/GMH/mathematics/数学学院2022级保研核心课程.txt has been downloaded <<<
数学科学学院 - WARNING	Page:https://math.ustc.edu.cn//2024/0110/c37186a627972/page.htm - Article and File are both empty! pass
数学科学学院 - INFO	>>> cache/GMH/mathematics/华罗庚数学科技英才班管理办法（2020试行版）.txt has been downloaded <<<
数学科学学院 - INFO	>>> cache/GMH/mathematics/2020版信息与计算科学专业修课指南.txt has been downloaded <<<
数学科学学院 - INFO	>>> cache/GMH/mathematics/2020版应用数学专业修课指南.txt has been downloaded <<<
数学科学学院 - INFO	>>> cache/GMH/mathematics/2020版基础数学专业修课指南.txt has been downloaded <<<
数学科学学院 - INFO	>>> cache/GMH/mathematics/2020版概率统计专业修课指南.txt has been downloaded <<<
数学科学学院 - INFO	>>> cache/GMH/mathematics/申请博士学位流程图.pdf has been downloaded <<<
数学科学学院 - INFO	>>> cache/GMH/mathematics/申请博士学位流程图.txt has been downloaded <<<
数学科学学院 - INFO	>>> cache/GMH/mathematics/申请硕士学位流程图.pdf has been downloaded <<<
数学科学学院 - INFO	>>> cache/GMH/mathematics/申请硕士学位流程图.txt has been downloaded <<<
数学科学学院 - INFO	>>> cache/GMH/mathematics/博士学位申请者审核材料清单.txt has been downloaded <<<
数学科学学院 - INFO	>>> cache/GMH/mathematics/硕士学位申请者审核材料清单.txt has been downloaded <<<
数学科学学院 - INFO	>>> cache/GMH/mathematics/​研究生英语课免修规定.txt has been downloaded <<<
数学科学学院 - INFO	>>> cache/GMH/mathematics/就业推荐表.doc has been downloaded <<<
数学科学学院 - INFO	>>> cache/GMH/mathematics/就业推荐表.txt has been downloaded <<<
数学科学学院 - INFO	>>> cache/GMH/mathematics/论文答辩程序.pdf has been downloaded <<<
数学科学学院 - INFO	>>> cache/GMH/mathematics/论文答辩程序.txt has been downloaded <<<
数学科学学院 - INFO	>>> cache/GMH/mathematics/关于发布2022年学位工作日程的通知.pdf has been downloaded <<<
数学科学学院 - INFO	>>> cache/GMH/mathematics/关于发布2022年学位工作日程的通知.txt has been downloaded <<<
数学科学学院 - INFO	>>> cache/GMH/mathematics/中国科学技术大学研究生转专业实施办法20220615.pdf has been downloaded <<<
数学科学学院 - INFO	>>> cache/GMH/mathematics/中国科学技术大学研究生转专业实施办法.txt has been downloaded <<<
数学科学学院 - INFO	>>> cache/GMH/mathematics/中国科学技术大学研究生学位论文网络视频答辩要求与相关流程.txt has been downloaded <<<
数学科学学院 - INFO	>>> cache/GMH/mathematics/数学学科学位授予标准.docx has been downloaded <<<
数学科学学院 - INFO	>>> cache/GMH/mathematics/数学学科研究生学位授予标准.txt has been downloaded <<<
数学科学学院 - INFO	>>> cache/GMH/mathematics/培养计划修订20200609.doc has been downloaded <<<
数学科学学院 - INFO	>>> cache/GMH/mathematics/中国科学技术大学研究生培养方案-数学.txt has been downloaded <<<
数学科学学院 - INFO	>>> cache/GMH/mathematics/国家奖学金评审实施办法.pdf has been downloaded <<<
数学科学学院 - INFO	>>> cache/GMH/mathematics/国家奖学金评审实施办法.txt has been downloaded <<<
数学科学学院 - INFO	>>> cache/GMH/mathematics/研究生学业奖学金实施细则.pdf has been downloaded <<<
数学科学学院 - INFO	>>> cache/GMH/mathematics/研究生学业奖学金实施细则.txt has been downloaded <<<
数学科学学院 - INFO	>>> cache/GMH/mathematics/博士学位申请简明流程.txt has been downloaded <<<
数学科学学院 - INFO	>>> cache/GMH/mathematics/华罗庚数学科技英才班、中法数学英才班赴复旦大学开展交流学习活动.txt has been downloaded <<<
数学科学学院 - INFO	>>> cache/GMH/mathematics/我院三位学子获2024年国家自然科学基金青年学生基础研究项目资助.txt has been downloaded <<<
数学科学学院 - INFO	>>> cache/GMH/mathematics/河海大学数学学院党委书记潘静一行来我院访问交流.txt has been downloaded <<<
数学科学学院 - INFO	>>> cache/GMH/mathematics/冬月聚首话桃李共谋共策育英才——数学科学学院召开班主任辅导员考评交流会.txt has been downloaded <<<
数学科学学院 - INFO	>>> cache/GMH/mathematics/中法数学英才班赴西安交通大学开展交流学习活动.txt has been downloaded <<<
数学科学学院 - INFO	>>> cache/GMH/mathematics/数学科学学院召开2024年度党建与业务深度融合培训班.txt has been downloaded <<<
数学科学学院 - INFO	>>> cache/GMH/mathematics/同济大学数学科学学院师生一行来访交流.txt has been downloaded <<<
数学科学学院 - INFO	>>> cache/GMH/mathematics/中国科大家长论坛2024年会之数学科学学院分论坛成功举行.txt has been downloaded <<<
数学科学学院 - INFO	>>> cache/GMH/mathematics/第二届中国科学技术大学数学科学学院研究生学术论坛成功举办.txt has been downloaded <<<
数学科学学院 - INFO	>>> cache/GMH/mathematics/数学科学学院开展2024年度党委理论学习中心组第四次学习会专题学习研究推进党纪学习教育常态化长效化.txt has been downloaded <<<
数学科学学院 - INFO	>>> cache/GMH/mathematics/第十九期“北斗讲坛”成功举办——武汉大学校长张平文院士来访作报告.txt has been downloaded <<<
数学科学学院 - INFO	>>> cache/GMH/mathematics/上海交通大学数学院强基班师生来我院交流访问.txt has been downloaded <<<
数学科学学院 - INFO	>>> cache/GMH/mathematics/中法数学教育教学研讨会成功举行.txt has been downloaded <<<
数学科学学院 - INFO	>>> cache/GMH/mathematics/第十八期“北斗讲坛”成功举办——复旦大学林治武教授来访作报告.txt has been downloaded <<<
数学科学学院 - INFO	>>> cache/GMH/mathematics/厚植科学土壤夯实创新之基——“数学与应用科普教育基地”为合肥一中师生作科普报告.txt has been downloaded <<<
数学科学学院 - INFO	>>> cache/GMH/mathematics/数学科学学院召开《计算方法》课程研讨会.txt has been downloaded <<<
数学科学学院 - INFO	>>> cache/GMH/mathematics/户外拓展聚合力缅怀先烈励初心——数学科学学院图形与几何计算班户外拓展暨主题党日活动顺利开展.txt has been downloaded <<<
数学科学学院 - INFO	>>> cache/GMH/mathematics/数学科学学院、地球和空间科学学院联合举办2024秋季学期研究生导师座谈会.txt has been downloaded <<<
数学科学学院 - INFO	>>> cache/GMH/mathematics/追寻伟人足迹，赓续红色血脉——数学科学学院本科生党支部赴湖南长沙开展党史学习教育活动.txt has been downloaded <<<
数学科学学院 - INFO	>>> cache/GMH/mathematics/我院特任研究员陈士祥荣获INFORMS计算学会奖.txt has been downloaded <<<
数学科学学院 - INFO	>>> cache/GMH/mathematics/我院两名博士毕业生荣获第十八届钟家庆数学奖.txt has been downloaded <<<
数学科学学院 - INFO	>>> cache/GMH/mathematics/金秋十月燃激情数院健儿创佳绩——中国科大第五十五届学生体育运动大会圆满闭幕.txt has been downloaded <<<
数学科学学院 - INFO	>>> cache/GMH/mathematics/数学科学学院上海校友联谊会成功举办.txt has been downloaded <<<
数学科学学院 - INFO	>>> cache/GMH/mathematics/我院陈发来教授当选中国工业与应用数学会会士.txt has been downloaded <<<
数学科学学院 - INFO	>>> cache/GMH/mathematics/常进校长带队到数学科学学院调研.txt has been downloaded <<<
数学科学学院 - INFO	>>> cache/GMH/mathematics/厚植科学土壤夯实创新之基——“数学与应用科普教育基地”为北京交通大学附属中学师生作科普报告.txt has been downloaded <<<
数学科学学院 - INFO	>>> cache/GMH/mathematics/我院执行院长黄文作学习贯彻党的二十届三中全会精神宣讲报告会.txt has been downloaded <<<
数学科学学院 - INFO	>>> cache/GMH/mathematics/中科大华罗庚数学英才班师生赴北京大学进行学术交流.txt has been downloaded <<<
数学科学学院 - INFO	>>> cache/GMH/mathematics/数学科学学院举办中法数学英才班教学座谈会.txt has been downloaded <<<
数学科学学院 - INFO	>>> cache/GMH/mathematics/第十七期“北斗讲坛”成功举办——北京大学丁剑教授来访作报告.txt has been downloaded <<<
数学科学学院 - INFO	>>> cache/GMH/mathematics/情系桑榆共话发展——数学科学学院举行离退休教职工慰问座谈会.txt has been downloaded <<<
数学科学学院 - INFO	>>> cache/GMH/mathematics/我院刘利刚教授获2024年中国计算机图形学杰出奖.txt has been downloaded <<<
数学科学学院 - INFO	>>> cache/GMH/mathematics/对话研究生新生——数学科学学院开展“师生面对面”活动.txt has been downloaded <<<
数学科学学院 - INFO	>>> cache/GMH/mathematics/南京信息工程大学数学与统计学院来我院交流学习.txt has been downloaded <<<
数学科学学院 - INFO	>>> cache/GMH/mathematics/数学科学学院举办概率统计课程建设研讨会.txt has been downloaded <<<
数学科学学院 - INFO	>>> cache/GMH/mathematics/数学科学学院召开2024级强基班新生座谈会.txt has been downloaded <<<
数学科学学院 - INFO	>>> cache/GMH/mathematics/数学科学学院开展2024级华罗庚班新生交流会.txt has been downloaded <<<
数学科学学院 - INFO	>>> cache/GMH/mathematics/数学科学学院开展2024年度第三次党委理论学习中心组集中学习会深入学习贯彻习近平同志关于教育的重要论述.txt has been downloaded <<<
数学科学学院 - INFO	>>> cache/GMH/mathematics/我院博士生卢俞锟论文获SMI2024国际会议最佳论文奖.txt has been downloaded <<<
数学科学学院 - INFO	>>> cache/GMH/mathematics/数学科学学院举办“经验分享同行共进”行政工作交流会.txt has been downloaded <<<
数学科学学院 - INFO	>>> cache/GMH/mathematics/立德正风引才赋能——数学科学学院召开新学年全院教职工大会.txt has been downloaded <<<
数学科学学院 - INFO	>>> cache/GMH/mathematics/数学科学学院举办“薪火相传红专并进”青年教师座谈会.txt has been downloaded <<<
数学科学学院 - INFO	>>> cache/GMH/mathematics/“研”途启程“数”说未来——数学科学学院顺利完成2024级研究生迎新工作.txt has been downloaded <<<
数学科学学院 - INFO	>>> cache/GMH/mathematics/数学科学学院2024级本科新生举行思政教育活动.txt has been downloaded <<<
数学科学学院 - INFO	>>> cache/GMH/mathematics/数院迎新数海启航.txt has been downloaded <<<
数学科学学院 - INFO	>>> cache/GMH/mathematics/秉持校训再启新程——中国科大数学科学学院新楼落成正式启用.txt has been downloaded <<<
数学科学学院 - INFO	>>> cache/GMH/mathematics/踔厉奋发，担当青春——记第十四届大学生数学夏令营.txt has been downloaded <<<
数学科学学院 - INFO	>>> cache/GMH/mathematics/傅孝明副教授获SMAYoungInvestigatorAward.txt has been downloaded <<<
数学科学学院 - INFO	>>> cache/GMH/mathematics/西安电子科技大学数学与统计学院来我院交流访问.txt has been downloaded <<<
数学科学学院 - INFO	>>> cache/GMH/mathematics/新疆师范大学数学科学学院来我院交流访问.txt has been downloaded <<<
数学科学学院 - INFO	>>> cache/GMH/mathematics/数学科学学院2024年校友值年返校座谈会顺利举办.txt has been downloaded <<<
数学科学学院 - INFO	>>> cache/GMH/mathematics/第十五期“北斗讲坛”成功举办——中国商飞曹喜锋研究员受邀作主题分享.txt has been downloaded <<<
数学科学学院 - INFO	>>> cache/GMH/mathematics/数学科学学院开展党纪学习教育暨第二次党委理论学习中心组集中学习会.txt has been downloaded <<<
数学科学学院 - INFO	>>> cache/GMH/mathematics/陈发来教授获国际几何设计领域最高奖—JohnA.GregoryMemorialAward！.txt has been downloaded <<<
数学科学学院 - INFO	>>> cache/GMH/mathematics/繁星“数”梦，锦绣前程——记数学科学学院2024届研究生毕业冷餐会.txt has been downloaded <<<
数学科学学院 - INFO	>>> cache/GMH/mathematics/安庆师范大学数理学院“邓稼先班”来我院交流学习.txt has been downloaded <<<
数学科学学院 - INFO	>>> cache/GMH/mathematics/数学学院召开本科教育教学评估进展汇报会.txt has been downloaded <<<
数学科学学院 - INFO	>>> cache/GMH/mathematics/教育部数学“101计划”几何类课程建设研讨会在肥召开.txt has been downloaded <<<
数学科学学院 - INFO	>>> cache/GMH/mathematics/重温红色记忆凝聚青春力量——数学科学学院图形与几何计算班户外拓展活动顺利举行.txt has been downloaded <<<
数学科学学院 - INFO	>>> cache/GMH/mathematics/数学科学学院成功举办第十四期北斗讲坛.txt has been downloaded <<<
数学科学学院 - INFO	>>> cache/GMH/mathematics/张举勇团队获2024年CSIAM应用数学落地成果认证.txt has been downloaded <<<
数学科学学院 - INFO	>>> cache/GMH/mathematics/数学科学学院第一届“伯努利杯”趣味羽毛球赛顺利举办.txt has been downloaded <<<
数学科学学院 - INFO	>>> cache/GMH/mathematics/激发创新活力，共享数学盛宴——数学科学学院“科技活动周”顺利举行.txt has been downloaded <<<
数学科学学院 - INFO	>>> cache/GMH/mathematics/数学科学学院成功举办第十三期北斗讲坛——心中有“数”实验室解码串烧.txt has been downloaded <<<
数学科学学院 - INFO	>>> cache/GMH/mathematics/数学科学学院举办2024年华罗庚英才班学术交流会.txt has been downloaded <<<
数学科学学院 - INFO	>>> cache/GMH/mathematics/数学科学学院举办党纪学习教育领导班子读书班第二次集中学习.txt has been downloaded <<<
数学科学学院 - INFO	>>> cache/GMH/mathematics/中科大华罗庚英才班赴复旦大学进行学术交流.txt has been downloaded <<<
数学科学学院 - INFO	>>> cache/GMH/mathematics/聚首忆芳华——73级数学系校友座谈会顺利举行.txt has been downloaded <<<
数学科学学院 - INFO	>>> cache/GMH/mathematics/数学科学学院图形与几何计算班第二期班级活动顺利举行.txt has been downloaded <<<
数学科学学院 - INFO	>>> cache/GMH/mathematics/安徽应用数学中心取得建筑设计智能化领域的重要研究进展.txt has been downloaded <<<
数学科学学院 - INFO	>>> cache/GMH/mathematics/北京理工大学拔尖基地、强基计划学子来我院交流学习.txt has been downloaded <<<
数学科学学院 - INFO	>>> cache/GMH/mathematics/数学科学学院召开党纪学习教育动员部署会暨读书班开班式.txt has been downloaded <<<
数学科学学院 - INFO	>>> cache/GMH/mathematics/中国科大学子在第十五届全国大学生数学竞赛中再创佳绩.txt has been downloaded <<<
数学科学学院 - INFO	>>> cache/GMH/mathematics/第四届我校“九章杯”大学生数学竞赛成功举行.txt has been downloaded <<<
数学科学学院 - INFO	>>> cache/GMH/mathematics/祝贺！中国科大9301校友王啸获任普渡大学统计系系主任.txt has been downloaded <<<
数学科学学院 - INFO	>>> cache/GMH/mathematics/追随红船足迹，感受建党伟业——数学科学学院前往嘉兴开展党史教育活动.txt has been downloaded <<<
数学科学学院 - INFO	>>> cache/GMH/mathematics/致敬芳华薪火相传——数学科学学院举办2024年度荣休仪式.txt has been downloaded <<<
数学科学学院 - INFO	>>> cache/GMH/mathematics/数学科学学院“北斗讲坛”第十二期成功举办.txt has been downloaded <<<
数学科学学院 - INFO	>>> cache/GMH/mathematics/数学科学学院推进2024年博士论文预审.txt has been downloaded <<<
数学科学学院 - INFO	>>> cache/GMH/mathematics/数学科学学院组织师生走进“珂晶达”公司参观学习.txt has been downloaded <<<
数学科学学院 - INFO	>>> cache/GMH/mathematics/求职之路——数学科学学院“研学论道”沙龙第九期活动顺利举行.txt has been downloaded <<<
数学科学学院 - INFO	>>> cache/GMH/mathematics/数学科学学院学生工作交流活动顺利举行.txt has been downloaded <<<
数学科学学院 - INFO	>>> cache/GMH/mathematics/大连理工大学数学科学学院来我院交流访问.txt has been downloaded <<<
数学科学学院 - INFO	>>> cache/GMH/mathematics/数学科学学院“北斗讲坛”第十一期成功举办.txt has been downloaded <<<
数学科学学院 - INFO	>>> cache/GMH/mathematics/数学科学学院党委召开2023年度党支部工作考核暨2024年度第一次支部书记工作例会.txt has been downloaded <<<
数学科学学院 - INFO	>>> cache/GMH/mathematics/数学科学学院党委理论学习中心组召开2024年度第一次集中学习会.txt has been downloaded <<<
数学科学学院 - INFO	>>> cache/GMH/mathematics/第五届国际数学日（中国科大）主题活动成功举办.txt has been downloaded <<<
数学科学学院 - INFO	>>> cache/GMH/mathematics/中国科学技术大学在生成对抗网络的模式崩溃机理研究取得重要突破.txt has been downloaded <<<
数学科学学院 - INFO	>>> cache/GMH/mathematics/数学科学学院特任研究员陈士祥的论文被《SIAMReview》评选为“SIGEST论文”.txt has been downloaded <<<
数学科学学院 - INFO	>>> cache/GMH/mathematics/东南大学数学学院来我院交流访问.txt has been downloaded <<<
数学科学学院 - INFO	>>> cache/GMH/mathematics/南京艺术学院文化产业学院一行来我院座谈交流.txt has been downloaded <<<
数学科学学院 - INFO	>>> cache/GMH/mathematics/数学科学学院召开全体党员大会选举产生出席校第十三次党代会代表.txt has been downloaded <<<
数学科学学院 - INFO	>>> cache/GMH/mathematics/中国科大第八届“墨子论坛—数学科学分论坛”顺利举办.txt has been downloaded <<<
数学科学学院 - INFO	>>> cache/GMH/mathematics/中国科学技术大学数学与应用科普基地成功获批中国数学会科普教育基地.txt has been downloaded <<<
数学科学学院 - INFO	>>> cache/GMH/mathematics/热烈祝贺张明敏博士获第十七届钟家庆数学奖！.txt has been downloaded <<<
数学科学学院 - INFO	>>> cache/GMH/mathematics/2023年度“华罗庚奖学金”颁奖典礼暨第十期北斗讲坛顺利举行.txt has been downloaded <<<
数学科学学院 - INFO	>>> cache/GMH/mathematics/数学科学学院2023年工作交流暨师德师风集中学习研讨会顺利召开.txt has been downloaded <<<
数学科学学院 - INFO	>>> cache/GMH/mathematics/第一届中国科学技术大学数学科学学院研究生学术论坛顺利举办.txt has been downloaded <<<
数学科学学院 - INFO	>>> cache/GMH/mathematics/中国科学技术大学、大连理工大学、微软亚洲研究院合作论文获得SIGGRAPHAsia首届Test-of-TimeAward（时间检验奖）.txt has been downloaded <<<
数学科学学院 - INFO	>>> cache/GMH/mathematics/南京师范大学数学科学学院一行来我院交流座谈.txt has been downloaded <<<
数学科学学院 - INFO	>>> cache/GMH/mathematics/数学科学学院党委召开年度第四次党委理论学习中心组集中学习会.txt has been downloaded <<<
数学科学学院 - INFO	>>> cache/GMH/mathematics/走访企业参观学习，着眼未来砥砺前行-数学院师生党支部走进“先临三维”公司参观学习.txt has been downloaded <<<
数学科学学院 - INFO	>>> cache/GMH/mathematics/中国科大家长论坛2023年会之数学科学学院分论坛成功举行.txt has been downloaded <<<
数学科学学院 - INFO	>>> cache/GMH/mathematics/数学科学学院组织班主任辅导员经验交流活动.txt has been downloaded <<<
数学科学学院 - INFO	>>> cache/GMH/mathematics/倾听学生心声助力学生成长-数学科学学院召开“师生面对面”活动.txt has been downloaded <<<
数学科学学院 - INFO	>>> cache/GMH/mathematics/厚植科学土壤夯实创新之基-“数学与应用科普教育基地”为黄山学院本科生作科普报告.txt has been downloaded <<<
数学科学学院 - INFO	>>> cache/GMH/mathematics/厚植科学土壤夯实创新之基-“数学与应用科普教育基地”为北京市仁北中学研学交流活动作科普报告.txt has been downloaded <<<
数学科学学院 - INFO	>>> cache/GMH/mathematics/数学科学学院“研学论道”沙龙第一期活动顺利举行.txt has been downloaded <<<
数学科学学院 - INFO	>>> cache/GMH/mathematics/华东师范大学数学科学学院来我院交流访问.txt has been downloaded <<<
数学科学学院 - INFO	>>> cache/GMH/mathematics/数学科学学院赴上海高校开展党支部共建交流活动.txt has been downloaded <<<
数学科学学院 - INFO	>>> cache/GMH/mathematics/厚植科学土壤夯实创新之基-“数学与应用科普教育基地”赴云南民族大学作科普报告.txt has been downloaded <<<
数学科学学院 - INFO	>>> cache/GMH/mathematics/复旦大学数学科学学院来我院交流访问.txt has been downloaded <<<
数学科学学院 - INFO	>>> cache/GMH/mathematics/第二届“居巢经开杯”数学科学学院辅导员班主任奖教金评审活动落下帷幕.txt has been downloaded <<<
数学科学学院 - INFO	>>> cache/GMH/mathematics/我院成功举办应用数学学科发展研讨会.txt has been downloaded <<<
数学科学学院 - INFO	>>> cache/GMH/mathematics/数学科学学院“北斗讲坛”第九期成功举办.txt has been downloaded <<<
数学科学学院 - INFO	>>> cache/GMH/mathematics/中山大学数学学院（珠海）来我院交流访问.txt has been downloaded <<<
数学科学学院 - INFO	>>> cache/GMH/mathematics/数学科学学院“北斗讲坛”第八期成功举办.txt has been downloaded <<<
数学科学学院 - INFO	>>> cache/GMH/mathematics/“我为师生办实事”—师生面对面，温暖零距离.txt has been downloaded <<<
数学科学学院 - INFO	>>> cache/GMH/mathematics/数学科学学院顺利迎来2023级本科新生.txt has been downloaded <<<
数学科学学院 - WARNING	Page:https://mp.weixin.qq.com/s/OqZWurCNodXOP_GYvvP_HQ - Article and File are both empty! pass
数学科学学院 - INFO	>>> cache/GMH/mathematics/数学学院上海校友座谈会顺利举办.txt has been downloaded <<<
数学科学学院 - INFO	>>> cache/GMH/mathematics/挺膺担当奋斗青春--第十三届大学生数学夏令营侧记.txt has been downloaded <<<
数学科学学院 - INFO	>>> cache/GMH/mathematics/数学科学学院召开主题教育调研成果交流会.txt has been downloaded <<<
数学科学学院 - INFO	>>> cache/GMH/mathematics/南方科技大学数学英才班来访我院开展交流.txt has been downloaded <<<
数学科学学院 - INFO	>>> cache/GMH/mathematics/我院召开研究生招生和培养研讨会.txt has been downloaded <<<
数学科学学院 - INFO	>>> cache/GMH/mathematics/数学院召开《线性代数教学研讨会》.txt has been downloaded <<<
数学科学学院 - INFO	>>> cache/GMH/mathematics/2023年科大合工大数论会议圆满召开.txt has been downloaded <<<
数学科学学院 - INFO	>>> cache/GMH/mathematics/厦门大学数学科学学院来我院调研交流.txt has been downloaded <<<
数学科学学院 - INFO	>>> cache/GMH/mathematics/知“数”达“理”，展望未来-记数学科学学院2023届研究生毕业冷餐会.txt has been downloaded <<<
数学科学学院 - WARNING	Page:http://news.ustc.edu.cn/info/1047/83704.htm - Article and File are both empty! pass
数学科学学院 - WARNING	Page:http://news.ustc.edu.cn/info/1055/83596.htm - Article and File are both empty! pass
数学科学学院 - INFO	>>> cache/GMH/mathematics/数学科学学院“北斗讲坛”第七期成功举办.txt has been downloaded <<<
数学科学学院 - INFO	>>> cache/GMH/mathematics/数学院特任副研究员王谢平被授予Clifford奖.txt has been downloaded <<<
数学科学学院 - WARNING	Page:http://news.ustc.edu.cn/info/1055/83502.htm - Article and File are both empty! pass
数学科学学院 - WARNING	Page:https://math.ustc.edu.cn//2023/0612/c18649a605630/page.htm - Article and File are both empty! pass
数学科学学院 - INFO	>>> cache/GMH/mathematics/中科大华罗庚英才班赴清华大学进行学术交流.txt has been downloaded <<<
数学科学学院 - INFO	>>> cache/GMH/mathematics/中国科大学子在第十四届全国大学生数学竞赛中再获佳绩.txt has been downloaded <<<
数学科学学院 - INFO	>>> cache/GMH/mathematics/傅尧副校长到数学科学学院开展主题教育调研.txt has been downloaded <<<
数学科学学院 - INFO	>>> cache/GMH/mathematics/我院举办华罗庚英才班学术交流会.txt has been downloaded <<<
数学科学学院 - INFO	>>> cache/GMH/mathematics/四川大学数学学院党政一行来我院调研交流.txt has been downloaded <<<
数学科学学院 - INFO	>>> cache/GMH/mathematics/数学科学学院党委召开主题教育读书班暨第二次党委理论学习中心组集中学习会.txt has been downloaded <<<
数学科学学院 - INFO	>>> cache/GMH/mathematics/数学科学学院“北斗讲坛”第六期成功举办.txt has been downloaded <<<
数学科学学院 - INFO	>>> cache/GMH/mathematics/中科大华罗庚英才班赴上海交大与华东师大进行学术交流.txt has been downloaded <<<
数学科学学院 - INFO	>>> cache/GMH/mathematics/西安交通大学数学与统计学院来我院调研交流.txt has been downloaded <<<
数学科学学院 - INFO	>>> cache/GMH/mathematics/北京理工大学数学与统计学院来我院交流.txt has been downloaded <<<
数学科学学院 - INFO	>>> cache/GMH/mathematics/学习贯彻习近平新时代中国特色社会主义思想主题教育---数学科学学院读书班开班.txt has been downloaded <<<
数学科学学院 - INFO	>>> cache/GMH/mathematics/数学学院主题教育系列活动——计算与应用数学系和概率统计系人才队伍建设研讨会.txt has been downloaded <<<
数学科学学院 - INFO	>>> cache/GMH/mathematics/退休不褪色——一场荣休会暖心举行.txt has been downloaded <<<
数学科学学院 - WARNING	Page:http://news.ustc.edu.cn/info/1049/82643.htm - Article and File are both empty! pass
数学科学学院 - INFO	>>> cache/GMH/mathematics/上海柏楚电子来我院交流.txt has been downloaded <<<
数学科学学院 - INFO	>>> cache/GMH/mathematics/数学学院第四期青年教师成长沙龙成功举办.txt has been downloaded <<<
数学科学学院 - INFO	>>> cache/GMH/mathematics/南京航空航天大学数学学院来我院交流.txt has been downloaded <<<
数学科学学院 - INFO	>>> cache/GMH/mathematics/哈尔滨工程大学数学科学学院来我院交流.txt has been downloaded <<<
数学科学学院 - INFO	>>> cache/GMH/mathematics/济南大学数学科学学院来我院交流.txt has been downloaded <<<
数学科学学院 - INFO	>>> cache/GMH/mathematics/数学科学学院“北斗讲坛”第四期顺利举办.txt has been downloaded <<<
数学科学学院 - INFO	>>> cache/GMH/mathematics/中国科大学子在第十三届全国大学生数学竞赛荣获佳绩.txt has been downloaded <<<
数学科学学院 - INFO	>>> cache/GMH/mathematics/春游小团山-院工会组织妇女节亲子活动.txt has been downloaded <<<
数学科学学院 - INFO	>>> cache/GMH/mathematics/数学院召开本年度第一次党委理论中心组集中学习会暨支部书记例会.txt has been downloaded <<<
数学科学学院 - INFO	>>> cache/GMH/mathematics/上海交通大学数学科学学院来我院交流指导.txt has been downloaded <<<
数学科学学院 - INFO	>>> cache/GMH/mathematics/党建引领指航向，守正创新谋发展-数学院召开党建暨学科发展研讨会.txt has been downloaded <<<
数学科学学院 - INFO	>>> cache/GMH/mathematics/热烈祝贺朱超娜博士获第十六届钟家庆数学奖！.txt has been downloaded <<<
数学科学学院 - INFO	>>> cache/GMH/mathematics/九韶团队入选“科创中国”先导技术榜-产业基础领域榜单.txt has been downloaded <<<
数学科学学院 - INFO	>>> cache/GMH/mathematics/弘扬“传帮带”精神，培育青年教师成长沃土----微积分课程组2022教学研讨会侧记.txt has been downloaded <<<
数学科学学院 - INFO	>>> cache/GMH/mathematics/数学院召开2022年度党支部书记述职评议考核会.txt has been downloaded <<<
数学科学学院 - WARNING	Page:http://news.ustc.edu.cn/info/1055/81515.htm - Article and File are both empty! pass
数学科学学院 - INFO	>>> cache/GMH/mathematics/2022黄山数学论坛成功召开.txt has been downloaded <<<
数学科学学院 - WARNING	Page:http://news.ustc.edu.cn/info/1049/81308.htm - Article and File are both empty! pass
数学科学学院 - INFO	>>> cache/GMH/mathematics/数学科学学院“北斗讲坛”第三期成功举办.txt has been downloaded <<<
数学科学学院 - INFO	>>> cache/GMH/mathematics/热烈祝贺叶向东院士当选发展中国家科学院院士.txt has been downloaded <<<
数学科学学院 - INFO	>>> cache/GMH/mathematics/数学科学学院第三期青年教师成长沙龙顺利举办.txt has been downloaded <<<
数学科学学院 - INFO	>>> cache/GMH/mathematics/院党委理论学习中心组开展党的二十大精神专题学习.txt has been downloaded <<<
数学科学学院 - INFO	>>> cache/GMH/mathematics/​学鉴提升，聚力前行​--基础数学教师党支部与管理科学系教师党支部开展全国党建工作样板支部建设经验交流活动.txt has been downloaded <<<
数学科学学院 - WARNING	Page:http://news.ustc.edu.cn/info/1049/80813.htm - Article and File are both empty! pass
数学科学学院 - INFO	>>> cache/GMH/mathematics/吴枫副校长指导数学科学学院应用数学教师党支部主题党日活动.txt has been downloaded <<<
数学科学学院 - INFO	>>> cache/GMH/mathematics/数学院召开党委理论学习中心组集中学习扩大会.txt has been downloaded <<<
数学科学学院 - INFO	>>> cache/GMH/mathematics/我为师生办实事--联合党日活动.txt has been downloaded <<<
数学科学学院 - INFO	>>> cache/GMH/mathematics/2022届华罗庚数学科技英才班交出完美毕业答卷.txt has been downloaded <<<
数学科学学院 - WARNING	Page:http://news.ustc.edu.cn/info/1055/80118.htm - Article and File are both empty! pass
数学科学学院 - INFO	>>> cache/GMH/mathematics/安徽应用数学中心入选首批“科创中国”产学研协作类创新基地.txt has been downloaded <<<
数学科学学院 - INFO	>>> cache/GMH/mathematics/我校学生在首届ICCM创意本科论文奖评选中喜获佳绩.txt has been downloaded <<<
数学科学学院 - INFO	>>> cache/GMH/mathematics/搬寝不费力党员来助力.txt has been downloaded <<<
数学科学学院 - INFO	>>> cache/GMH/mathematics/数学科学学院成功举办第十二届大学生数学夏令营.txt has been downloaded <<<
数学科学学院 - WARNING	Page:https://mp.weixin.qq.com/s/KK0_Usfa2BlR5u3nNtirtQ - Article and File are both empty! pass
数学科学学院 - INFO	>>> cache/GMH/mathematics/“七一”慰问老同志传递关怀忆初心.txt has been downloaded <<<
数学科学学院 - WARNING	Page:http://news.ustc.edu.cn/info/1055/79681.htm - Article and File are both empty! pass
数学科学学院 - INFO	>>> cache/GMH/mathematics/数学学院与西南科技大学数学老师座谈.txt has been downloaded <<<
数学科学学院 - INFO	>>> cache/GMH/mathematics/毕业冷餐会，不一样的毕业季.txt has been downloaded <<<
数学科学学院 - INFO	>>> cache/GMH/mathematics/数学院召开教学专项工作会议.txt has been downloaded <<<
数学科学学院 - INFO	>>> cache/GMH/mathematics/光荣退休，这场仪式很暖心！.txt has been downloaded <<<
数学科学学院 - INFO	>>> cache/GMH/mathematics/数学科学学院举办第二期青年教师成长沙龙.txt has been downloaded <<<
数学科学学院 - INFO	>>> cache/GMH/mathematics/体会数学趣味、感受创新魅力-2022科技活动周活动.txt has been downloaded <<<
数学科学学院 - INFO	>>> cache/GMH/mathematics/数学科学学院召开党委理论学习中心组集中学习会.txt has been downloaded <<<
数学科学学院 - INFO	>>> cache/GMH/mathematics/我院举办华罗庚数学科技英才班师生座谈会.txt has been downloaded <<<
数学科学学院 - INFO	>>> cache/GMH/mathematics/第二届“九章杯”数学竞赛圆满举办.txt has been downloaded <<<
数学科学学院 - INFO	>>> cache/GMH/mathematics/第一届“瀚海杯”趣味运动会顺利举办.txt has been downloaded <<<
数学科学学院 - INFO	>>> cache/GMH/mathematics/数学院召开党委理论学习中心组集中学习会深入学习习近平总书记重要讲话精神.txt has been downloaded <<<
数学科学学院 - INFO	>>> cache/GMH/mathematics/包信和校长带队调研数学科学学院.txt has been downloaded <<<
数学科学学院 - INFO	>>> cache/GMH/mathematics/“播种希望，收获幸福”-记数学院植树节活动.txt has been downloaded <<<
数学科学学院 - INFO	>>> cache/GMH/mathematics/我校学生在第十三届全国大学生数学竞赛初赛中再获佳绩.txt has been downloaded <<<
数学科学学院 - INFO	>>> cache/GMH/mathematics/数学科学学院分工会举办学习百年党史和科学家精神“知识竞赛”活动.txt has been downloaded <<<
数学科学学院 - WARNING	Page:https://wvpn.ustc.edu.cn/http/77726476706e69737468656265737421fef2568f69257b447d468ca88d1b203b/info/1055/78298.htm - Article and File are both empty! pass
数学科学学院 - INFO	>>> cache/GMH/mathematics/写春联，迎新春，笔墨浓情传祝福.txt has been downloaded <<<
数学科学学院 - INFO	>>> cache/GMH/mathematics/数学学院组织召开支部书记述职考核会.txt has been downloaded <<<
数学科学学院 - INFO	>>> cache/GMH/mathematics/校党委常委、副校长吴枫作党的十九届六中全会精神宣讲报告.txt has been downloaded <<<
数学科学学院 - INFO	>>> cache/GMH/mathematics/院党委理论学习中心组专题学习党章.txt has been downloaded <<<
数学科学学院 - INFO	>>> cache/GMH/mathematics/“不忘初心、携手共进”学院开展统战组织联谊活动.txt has been downloaded <<<
数学科学学院 - INFO	>>> cache/GMH/mathematics/数学科学学院青年教师成长沙龙成功举办.txt has been downloaded <<<
数学科学学院 - INFO	>>> cache/GMH/mathematics/十一月二十八日双马之聚.txt has been downloaded <<<
数学科学学院 - INFO	>>> cache/GMH/mathematics/数学科学学院召开党委理论学习中心组集中学习会深入学习十九届六中全会精神.txt has been downloaded <<<
数学科学学院 - INFO	>>> cache/GMH/mathematics/数学科学学院组织召开2021年课程思政工作研讨会.txt has been downloaded <<<
数学科学学院 - INFO	>>> cache/GMH/mathematics/我院史济怀教授荣获首届“全国教材建设先进个人”称号.txt has been downloaded <<<
数学科学学院 - INFO	>>> cache/GMH/mathematics/（我为师生办实事）师生支部联合党日活动.txt has been downloaded <<<
数学科学学院 - INFO	>>> cache/GMH/mathematics/2021黄山数学论坛圆满召开.txt has been downloaded <<<
数学科学学院 - INFO	>>> cache/GMH/mathematics/数学科学学院召开巡视整改督导会议.txt has been downloaded <<<
数学科学学院 - INFO	>>> cache/GMH/mathematics/追寻党的足迹——学习红色岳西革命史.txt has been downloaded <<<
数学科学学院 - INFO	>>> cache/GMH/mathematics/数学科学学院成功举办2021年度“基础学科拔尖学生培养计划2.0”数学工作研讨会.txt has been downloaded <<<
数学科学学院 - INFO	>>> cache/GMH/mathematics/数学科学学院黄文教授获得第十八届陈省身数学奖.txt has been downloaded <<<
数学科学学院 - WARNING	Page:https://www.teach.ustc.edu.cn/notice/notice-teaching/13743.html - Article and File are both empty! pass
数学科学学院 - INFO	>>> cache/GMH/mathematics/研究生院、校学位办公室来数学院开展调研座谈.txt has been downloaded <<<
数学科学学院 - INFO	>>> cache/GMH/mathematics/校党委副书记、纪委书记毕金初作学习贯彻习近平总书记“七一”重要讲话精神宣讲报告.txt has been downloaded <<<
数学科学学院 - INFO	>>> cache/GMH/mathematics/安徽应用数学中心季度研讨会在中国科大成功召开.txt has been downloaded <<<
数学科学学院 - INFO	>>> cache/GMH/mathematics/中国科学技术大学数学科学学院成立十周年庆祝大会圆满召开.txt has been downloaded <<<
数学科学学院 - INFO	>>> cache/GMH/mathematics/数学学院师生党支部联合开展“迎国庆，忆初心，悟家国情怀”主题党日活动.txt has been downloaded <<<
数学科学学院 - INFO	>>> cache/GMH/mathematics/数学院行政管理教工党支部举办剪纸迎国庆活动.txt has been downloaded <<<
数学科学学院 - INFO	>>> cache/GMH/mathematics/我为师生办实事系列活动—数学科学学院2021级研究生新生入学教育.txt has been downloaded <<<
数学科学学院 - INFO	>>> cache/GMH/mathematics/区块链与隐私计算学术讲座圆满结束.txt has been downloaded <<<
数学科学学院 - INFO	>>> cache/GMH/mathematics/中国科大在非线性偏微分方程领域取得重要进展.txt has been downloaded <<<
数学科学学院 - WARNING	Page:http://news.ustc.edu.cn/info/1055/76380.htm - Article and File are both empty! pass
数学科学学院 - INFO	>>> cache/GMH/mathematics/激扬青春，逐梦前行--第十一届大学生数学夏令营侧记.txt has been downloaded <<<
数学科学学院 - INFO	>>> cache/GMH/mathematics/研究生计算与应用数学第二党支部举办学党史悟思想亮学风党史笔记展评总结会.txt has been downloaded <<<
数学科学学院 - INFO	>>> cache/GMH/mathematics/院党委理论学习中心组集中学习习近平总书记在庆祝中国共产党成立100周年大会和“七一勋章”颁授仪式上的重要讲话精神.txt has been downloaded <<<
数学科学学院 - INFO	>>> cache/GMH/mathematics/中国科大学子在第十二届丘成桐大学生数学竞赛中荣获佳绩.txt has been downloaded <<<
数学科学学院 - INFO	>>> cache/GMH/mathematics/蛙声再鸣——记第64期《蛙鸣》复刊.txt has been downloaded <<<
数学科学学院 - INFO	>>> cache/GMH/mathematics/数学科学学院组织收看庆祝中国共产党成立100周年大会.txt has been downloaded <<<
数学科学学院 - INFO	>>> cache/GMH/mathematics/青春当奋斗，逐梦新征程--数学科学学院举行2021届研究生毕业典礼.txt has been downloaded <<<
数学科学学院 - INFO	>>> cache/GMH/mathematics/2021“九章杯”大学生数学竞赛颁奖仪式顺利举行.txt has been downloaded <<<
数学科学学院 - INFO	>>> cache/GMH/mathematics/院党委召开党委理论学习中心组集中学习会深入学习习近平总书记在两院院士大会、中国科协十大上重要讲话精神.txt has been downloaded <<<
数学科学学院 - INFO	>>> cache/GMH/mathematics/“庆建党、迎七一”老同志慰问座谈会.txt has been downloaded <<<
数学科学学院 - INFO	>>> cache/GMH/mathematics/校党委副书记傅尧为我院学生支部讲授主题党课.txt has been downloaded <<<
数学科学学院 - INFO	>>> cache/GMH/mathematics/数院分工会积极组织参加“永远跟党走、奋进新征程”第三届中国科学技术大学教职工气排球比赛.txt has been downloaded <<<
数学科学学院 - INFO	>>> cache/GMH/mathematics/我校学子在第十二届全国大学生数学竞赛决赛中再创佳绩.txt has been downloaded <<<
数学科学学院 - INFO	>>> cache/GMH/mathematics/院党委理论学习中心组集中学习习近平总书记考察清华大学重要讲话精神.txt has been downloaded <<<
数学科学学院 - INFO	>>> cache/GMH/mathematics/学史力行，我为群众办实事--数学院顺利举办“我的大学”生涯导航之出国保研考研就业动员大会.txt has been downloaded <<<
数学科学学院 - INFO	>>> cache/GMH/mathematics/“学史增信”---数学科学学院开展党团支部党史知识竞答活动.txt has been downloaded <<<
数学科学学院 - INFO	>>> cache/GMH/mathematics/数学科学学院顺利举办北斗讲坛系列讲座第二期.txt has been downloaded <<<
数学科学学院 - INFO	>>> cache/GMH/mathematics/我校学子在第十一届全国大学生数学竞赛决赛中再创佳绩.txt has been downloaded <<<
数学科学学院 - INFO	>>> cache/GMH/mathematics/同上“四史”思政大课第一堂课.txt has been downloaded <<<
数学科学学院 - INFO	>>> cache/GMH/mathematics/数学学院召开党史学习教育动员大会.txt has been downloaded <<<
数学科学学院 - INFO	>>> cache/GMH/mathematics/踏伟人足迹游醉美茶乡-数学院组织参观舒茶公社.txt has been downloaded <<<
数学科学学院 - INFO	>>> cache/GMH/mathematics/学院召开党委理论学习中心组集中学习会.txt has been downloaded <<<
数学科学学院 - INFO	>>> cache/GMH/mathematics/数字赋能产业创新,共谋中国工业软件技术突围之路安徽应用数学中心学术研讨会暨工业与科学计算软件研发会议顺利召开.txt has been downloaded <<<
数学科学学院 - INFO	>>> cache/GMH/mathematics/数学科学学院举办“学党史、强信念、跟党走”特别主题团日活动——清明节缅怀华罗庚先生.txt has been downloaded <<<
数学科学学院 - INFO	>>> cache/GMH/mathematics/人间三月芳菲始踏春赏花正当时.txt has been downloaded <<<
数学科学学院 - INFO	>>> cache/GMH/mathematics/中科大数学科学学院华罗庚英才班赴南科大进行学术交流.txt has been downloaded <<<
数学科学学院 - INFO	>>> cache/GMH/mathematics/数学科学学院马杰教授获国际组合学及其应用协会Hall奖.txt has been downloaded <<<
数学科学学院 - INFO	>>> cache/GMH/mathematics/院党委理论学习中心组专题学习十九届中央纪委五次全会精神.txt has been downloaded <<<
数学科学学院 - WARNING	Page:http://news.ustc.edu.cn/info/1055/74292.htm - Article and File are both empty! pass
数学科学学院 - INFO	>>> cache/GMH/mathematics/数学科学学院院级领导班子召开2020年度民主生活会.txt has been downloaded <<<
数学科学学院 - WARNING	Page:http://news.ustc.edu.cn/info/1055/74021.htm - Article and File are both empty! pass
数学科学学院 - INFO	>>> cache/GMH/mathematics/数学科学学院召开2020年度党支部考评交流会.txt has been downloaded <<<
数学科学学院 - INFO	>>> cache/GMH/mathematics/法国巴黎大学BernhardKeller教授访问我校.txt has been downloaded <<<
数学科学学院 - WARNING	Page:http://news.ustc.edu.cn/info/1055/73875.htm - Article and File are both empty! pass
数学科学学院 - WARNING	Page:https://www.teach.ustc.edu.cn/party/party-meeting/12667.html - Article and File are both empty! pass
数学科学学院 - INFO	>>> cache/GMH/mathematics/党委理论学习中心组学习研讨中国科学院院长、党组书记侯建国关于党的十九届五中全会精神宣讲报告.txt has been downloaded <<<
数学科学学院 - INFO	>>> cache/GMH/mathematics/校党委常委傅尧同志给我院学生支部解读十九届五中全会.txt has been downloaded <<<
数学科学学院 - INFO	>>> cache/GMH/mathematics/北斗讲坛开讲了——职业规划启程.txt has been downloaded <<<
数学科学学院 - WARNING	Page:https://math.ustc.edu.cn//2020/1218/c18649a465581/page.htm - Article and File are both empty! pass
数学科学学院 - WARNING	Page:https://math.ustc.edu.cn//2020/1218/c18649a465579/page.htm - Article and File are both empty! pass
数学科学学院 - INFO	>>> cache/GMH/mathematics/数学科学学院党委换届选举党员大会胜利召开.txt has been downloaded <<<
数学科学学院 - INFO	>>> cache/GMH/mathematics/中国科大与三维家共建"先进制造联合实验室",推动家居产业数字化升级.txt has been downloaded <<<
数学科学学院 - INFO	>>> cache/GMH/mathematics/院党委理论学习中心组集中学习十九届五中全会精神.txt has been downloaded <<<
数学科学学院 - INFO	>>> cache/GMH/mathematics/秋游佛子岭-院工会组织一日游.txt has been downloaded <<<
数学科学学院 - INFO	>>> cache/GMH/mathematics/电影中藏着的“十三五”成绩单--数学科学学院教工党支部组织集体观影活动.txt has been downloaded <<<
数学科学学院 - INFO	>>> cache/GMH/mathematics/我院召开2020年警示教育大会并举行党风廉政建设责任书签订仪式.txt has been downloaded <<<
数学科学学院 - INFO	>>> cache/GMH/mathematics/第十二届Clifford代数及其物理应用国际会议在我校召开.txt has been downloaded <<<
数学科学学院 - INFO	>>> cache/GMH/mathematics/院党委理论学习中心组集中学习《习近平谈治国理政》第三卷.txt has been downloaded <<<
数学科学学院 - INFO	>>> cache/GMH/mathematics/法国驻上海总领事馆教育领事FabienCHAREIX先生一行来访我校.txt has been downloaded <<<
数学科学学院 - INFO	>>> cache/GMH/mathematics/数学院组织“不忘初心弘扬优良家风”主题党日活动.txt has been downloaded <<<
数学科学学院 - INFO	>>> cache/GMH/mathematics/相聚“云端”畅游“数形”-第十届大学生数学夏令营侧记.txt has been downloaded <<<
数学科学学院 - INFO	>>> cache/GMH/mathematics/数学院组织专题党史和课程思政培训研讨会.txt has been downloaded <<<
数学科学学院 - WARNING	Page:https://math.ustc.edu.cn//2020/0727/c18649a439739/page.htm - Article and File are both empty! pass
数学科学学院 - INFO	>>> cache/GMH/mathematics/中国人民大学金灿荣教授应邀为我院党员介绍新时期的中美关系.txt has been downloaded <<<
数学科学学院 - INFO	>>> cache/GMH/mathematics/数学院开展双创工作分论坛交流会.txt has been downloaded <<<
数学科学学院 - INFO	>>> cache/GMH/mathematics/安徽应用数学中心专家评审论证会顺利召开.txt has been downloaded <<<
数学科学学院 - INFO	>>> cache/GMH/mathematics/校党委第一巡察组巡察数学科学学院工作动员会召开.txt has been downloaded <<<
数学科学学院 - INFO	>>> cache/GMH/mathematics/数学科学学院召开党委理论中心组学习会深入学习贯彻习近平总书记关于新冠肺炎疫情防控工作的重要指示批示和系列讲话精神.txt has been downloaded <<<
数学科学学院 - INFO	>>> cache/GMH/mathematics/院党委理论学习中心组学习《中国共产党党和国家机关基层组织工作条例》.txt has been downloaded <<<
数学科学学院 - INFO	>>> cache/GMH/mathematics/数学科学学院成功举办数学科普活动.txt has been downloaded <<<
数学科学学院 - WARNING	Page:http://news.ustc.edu.cn/2020/0102/c15884a410670/page.htm - Article and File are both empty! pass
数学科学学院 - WARNING	Page:http://news.ustc.edu.cn/2020/0103/c15884a410721/page.htm - Article and File are both empty! pass
数学科学学院 - INFO	>>> cache/GMH/mathematics/校党委常委褚家如宣讲十九届四中全会精神.txt has been downloaded <<<
数学科学学院 - INFO	>>> cache/GMH/mathematics/2019年度“华罗庚奖学金”颁奖典礼举行.txt has been downloaded <<<
数学科学学院 - INFO	>>> cache/GMH/mathematics/莫毅明院士做客“华罗庚讲堂”.txt has been downloaded <<<
数学科学学院 - INFO	>>> cache/GMH/mathematics/数学院召开中层领导班子“不忘初心、牢记使命”专题民主生活会.txt has been downloaded <<<
数学科学学院 - INFO	>>> cache/GMH/mathematics/叶向东：求索数学之美.txt has been downloaded <<<
数学科学学院 - INFO	>>> cache/GMH/mathematics/热烈祝贺！我院叶向东教授当选中国科学院院士.txt has been downloaded <<<
数学科学学院 - INFO	>>> cache/GMH/mathematics/邱国寰博士荣获第十四届钟家庆数学奖.txt has been downloaded <<<
数学科学学院 - INFO	>>> cache/GMH/mathematics/冯克勤教授荣获第十四届华罗庚数学奖.txt has been downloaded <<<
数学科学学院 - INFO	>>> cache/GMH/mathematics/中国科大举办中法数学英才班开班仪式.txt has been downloaded <<<
数学科学学院 - INFO	>>> cache/GMH/mathematics/院党委理论中心组召开专题学习会.txt has been downloaded <<<
数学科学学院 - INFO	>>> cache/GMH/mathematics/学院召开“不忘初心、牢记使命”主题教育对照党章党规找差距专题会.txt has been downloaded <<<
数学科学学院 - INFO	>>> cache/GMH/mathematics/数学院开展“不忘初心、牢记使命”主题教育教学工作调研.txt has been downloaded <<<
数学科学学院 - INFO	>>> cache/GMH/mathematics/数学院举办“不忘初心、牢记使命”主题教育专题党课.txt has been downloaded <<<
数学科学学院 - INFO	>>> cache/GMH/mathematics/管鹏飞院士做客“华罗庚讲堂”.txt has been downloaded <<<
数学科学学院 - INFO	>>> cache/GMH/mathematics/数学院党委组织志愿教师赴定远福利院送温暖.txt has been downloaded <<<
数学科学学院 - INFO	>>> cache/GMH/mathematics/院党委理论学习中心组召开“坚定理想信念，传承红色基因”集中学习会.txt has been downloaded <<<
数学科学学院 - INFO	>>> cache/GMH/mathematics/学院开展“不忘初心、牢记使命”主题教育学生工作调研会.txt has been downloaded <<<
数学科学学院 - INFO	>>> cache/GMH/mathematics/院党委召开党委理论学习中心组学习会议.txt has been downloaded <<<
数学科学学院 - INFO	>>> cache/GMH/mathematics/学院开展“不忘初心、牢记使命”主题教育研究生工作调研.txt has been downloaded <<<
数学科学学院 - INFO	>>> cache/GMH/mathematics/数学院举行“不忘初心、牢记使命”主题教育启动仪式.txt has been downloaded <<<
数学科学学院 - WARNING	Page:https://math.ustc.edu.cn//2019/0909/c18649a394038/page.htm - Article and File are both empty! pass
数学科学学院 - WARNING	Page:https://math.ustc.edu.cn//2019/0722/c18649a394035/page.htm - Article and File are both empty! pass
数学科学学院 - INFO	>>> cache/GMH/mathematics/第六届学术交流会数学分会场会议圆满举行.txt has been downloaded <<<
数学科学学院 - INFO	>>> cache/GMH/mathematics/研究生基础二支部微型党课展示，校领导傅尧同志参加了会议.txt has been downloaded <<<
数学科学学院 - INFO	>>> cache/GMH/mathematics/李家春院士做客“华罗庚讲堂”.txt has been downloaded <<<
数学科学学院 - INFO	>>> cache/GMH/mathematics/鄂维南院士做客“华罗庚讲堂”.txt has been downloaded <<<
数学科学学院 - INFO	>>> cache/GMH/mathematics/玩转黑科技，创新赢未来--2019科技活动周之数学科学科普点活动.txt has been downloaded <<<
数学科学学院 - INFO	>>> cache/GMH/mathematics/院党委理论学习中心组召开集中学习会.txt has been downloaded <<<
数学科学学院 - INFO	>>> cache/GMH/mathematics/中国科大第三届“墨子论坛”数学分论坛圆满召开.txt has been downloaded <<<
数学科学学院 - INFO	>>> cache/GMH/mathematics/数学科学学院举办2019年几何分析春季会议.txt has been downloaded <<<
数学科学学院 - WARNING	Page:https://math.ustc.edu.cn//2019/0401/c18649a394019/page.htm - Article and File are both empty! pass
数学科学学院 - WARNING	Page:https://math.ustc.edu.cn//2019/0401/c18649a394018/page.htm - Article and File are both empty! pass
数学科学学院 - WARNING	Page:https://math.ustc.edu.cn//2019/0329/c18649a394017/page.htm - Article and File are both empty! pass
数学科学学院 - INFO	>>> cache/GMH/mathematics/数学科学学院召开2019年春季学期学生工作座谈会.txt has been downloaded <<<
数学科学学院 - INFO	>>> cache/GMH/mathematics/数学科学学院教工党支部组织参观许家朋烈士陵园.txt has been downloaded <<<
数学科学学院 - INFO	>>> cache/GMH/mathematics/数学科学学院召开2018年度领导班子民主生活会.txt has been downloaded <<<
数学科学学院 - INFO	>>> cache/GMH/mathematics/2018年度“华罗庚奖学金”颁奖典礼在我院举行.txt has been downloaded <<<
数学科学学院 - INFO	>>> cache/GMH/mathematics/菲尔兹奖获得者、法兰西科学院院士LaurentLafforgue教授访问我校并做客“大师论坛”.txt has been downloaded <<<
数学科学学院 - INFO	>>> cache/GMH/mathematics/中国科大“中法数学英才班”启动.txt has been downloaded <<<
数学科学学院 - INFO	>>> cache/GMH/mathematics/数学科学学院召开2018年度党支部考评交流会.txt has been downloaded <<<
数学科学学院 - INFO	>>> cache/GMH/mathematics/叶向东、黄文和邵松获2018年度国家自然科学奖二等奖.txt has been downloaded <<<
数学科学学院 - WARNING	Page:https://math.ustc.edu.cn//2018/1230/c18649a393997/page.htm - Article and File are both empty! pass
数学科学学院 - INFO	>>> cache/GMH/mathematics/数学科学学院分工会召开会议深入学习贯彻习近平总书记在同全国总工会新一届领导班子成员集体谈话时的重要讲话精神.txt has been downloaded <<<
数学科学学院 - INFO	>>> cache/GMH/mathematics/数学科学学院党委理论学习中心组学习习近平总书记在庆祝改革开放40周年大会上的讲话精神.txt has been downloaded <<<
数学科学学院 - INFO	>>> cache/GMH/mathematics/杨同海教授做客“杰出校友数学论坛”.txt has been downloaded <<<
数学科学学院 - INFO	>>> cache/GMH/mathematics/数学科学学院顺利召开出席中共中国科学技术大学第十二次代表大会党代表选举大会.txt has been downloaded <<<
数学科学学院 - WARNING	Page:https://math.ustc.edu.cn//2018/1221/c18649a393974/page.htm - Article and File are both empty! pass
数学科学学院 - INFO	>>> cache/GMH/mathematics/王小云院士做客“华罗庚讲堂”.txt has been downloaded <<<
数学科学学院 - INFO	>>> cache/GMH/mathematics/袁亚湘院士做客“华罗庚讲堂”.txt has been downloaded <<<
数学科学学院 - INFO	>>> cache/GMH/mathematics/鄂维南院士荣获2019年PeterHenrici奖.txt has been downloaded <<<
数学科学学院 - INFO	>>> cache/GMH/mathematics/数学科学学院代表队在合唱展演中获优秀组织奖.txt has been downloaded <<<
数学科学学院 - INFO	>>> cache/GMH/mathematics/中国科大家长论坛2018年会之数学科学学院分论坛成功举行.txt has been downloaded <<<
数学科学学院 - INFO	>>> cache/GMH/mathematics/梁乃聪教授做客“杰出学者论坛”.txt has been downloaded <<<
数学科学学院 - INFO	>>> cache/GMH/mathematics/弘扬爱国奋斗精神建功立业新时代――数学科学学院教工党支部赴泾县新四军纪念馆开展主题党日活动.txt has been downloaded <<<
数学科学学院 - INFO	>>> cache/GMH/mathematics/感悟校史红色底蕴弘扬爱国奋斗精神――数学科学学院教工及学生党支部参观校史馆.txt has been downloaded <<<
数学科学学院 - INFO	>>> cache/GMH/mathematics/凝心聚力理实交融――记数学科学学院60周年校友大会.txt has been downloaded <<<
数学科学学院 - INFO	>>> cache/GMH/mathematics/中国科学技术大学数学科学学院校友理事会成立.txt has been downloaded <<<
数学科学学院 - WARNING	Page:https://math.ustc.edu.cn//2018/0914/c18649a393962/page.htm - Article and File are both empty! pass
数学科学学院 - INFO	>>> cache/GMH/mathematics/第四届中日几何会议圆满召开.txt has been downloaded <<<
数学科学学院 - INFO	>>> cache/GMH/mathematics/数学科学学院2018级研究生开展入学教育.txt has been downloaded <<<
数学科学学院 - INFO	>>> cache/GMH/mathematics/数学科学学院2018级本科新生报到工作顺利完成.txt has been downloaded <<<
数学科学学院 - INFO	>>> cache/GMH/mathematics/“数”统寰宇,“学”究天人―第八届大学生数学夏令营侧记.txt has been downloaded <<<
数学科学学院 - WARNING	Page:https://math.ustc.edu.cn//2018/0716/c18649a393947/page.htm - Article and File are both empty! pass
数学科学学院 - WARNING	Page:https://math.ustc.edu.cn//2018/0621/c18649a393946/page.htm - Article and File are both empty! pass
数学科学学院 - INFO	>>> cache/GMH/mathematics/著名数学家张寿武教授访问我校并做客“合肥大师论坛”和“华罗庚讲堂”.txt has been downloaded <<<
数学科学学院 - WARNING	Page:https://math.ustc.edu.cn//2018/0605/c18649a393939/page.htm - Article and File are both empty! pass
数学科学学院 - INFO	>>> cache/GMH/mathematics/“春风化雨、润物无声”--校党委书记舒歌群调研数学科学学院.txt has been downloaded <<<
数学科学学院 - WARNING	Page:https://math.ustc.edu.cn//2018/0528/c18649a393930/page.htm - Article and File are both empty! pass
数学科学学院 - INFO	>>> cache/GMH/mathematics/数学科学学院组织参观渡江战役纪念馆.txt has been downloaded <<<
数学科学学院 - WARNING	Page:https://math.ustc.edu.cn//2018/0514/c18649a393924/page.htm - Article and File are both empty! pass
数学科学学院 - INFO	>>> cache/GMH/mathematics/数学科学学院举办“量子信息中的数学问题”研讨会.txt has been downloaded <<<
数学科学学院 - INFO	>>> cache/GMH/mathematics/中科院吴文俊数学重点实验室召开2018年度学术委员会暨学术年会.txt has been downloaded <<<
数学科学学院 - WARNING	Page:https://math.ustc.edu.cn//2018/0425/c18649a393920/page.htm - Article and File are both empty! pass
数学科学学院 - WARNING	Page:https://math.ustc.edu.cn//2018/0423/c18649a393918/page.htm - Article and File are both empty! pass
数学科学学院 - WARNING	Page:https://math.ustc.edu.cn//2018/0423/c18649a393916/page.htm - Article and File are both empty! pass
数学科学学院 - WARNING	Page:https://math.ustc.edu.cn//2018/0416/c18649a393912/page.htm - Article and File are both empty! pass
数学科学学院 - WARNING	Page:https://math.ustc.edu.cn//2018/0416/c18649a393910/page.htm - Article and File are both empty! pass
数学科学学院 - INFO	>>> cache/GMH/mathematics/数学学院分党委部分教工党支部开展主题教育活动.txt has been downloaded <<<
数学科学学院 - INFO	>>> cache/GMH/mathematics/厦门大学数学科学学院调研组来我院调研.txt has been downloaded <<<
数学科学学院 - INFO	>>> cache/GMH/mathematics/院党委理论学习中心组学习党的十九届三中全会精神.txt has been downloaded <<<
数学科学学院 - INFO	>>> cache/GMH/mathematics/我校学子在第九届全国大学生数学竞赛决赛再创佳绩.txt has been downloaded <<<
数学科学学院 - INFO	>>> cache/GMH/mathematics/数理方程课程组组织课程报告会.txt has been downloaded <<<
数学科学学院 - INFO	>>> cache/GMH/mathematics/数学学院组织《厉害了，我的国》观影活动.txt has been downloaded <<<
数学科学学院 - INFO	>>> cache/GMH/mathematics/数学科学学院召开领导班子民主生活会.txt has been downloaded <<<
数学科学学院 - WARNING	Page:https://math.ustc.edu.cn//2018/0111/c18649a393894/page.htm - Article and File are both empty! pass
数学科学学院 - WARNING	Page:https://math.ustc.edu.cn//2018/0111/c18649a393893/page.htm - Article and File are both empty! pass
数学科学学院 - WARNING	Page:https://math.ustc.edu.cn//2018/0103/c18649a393892/page.htm - Article and File are both empty! pass
数学科学学院 - INFO	>>> cache/GMH/mathematics/数学科学学院举办“不忘初心牢记使命”学习十九大精神系列知识竞赛.txt has been downloaded <<<
数学科学学院 - INFO	>>> cache/GMH/mathematics/黄素芳总会计师为数学科学学院和财务处宣讲十九大精神.txt has been downloaded <<<
数学科学学院 - INFO	>>> cache/GMH/mathematics/校领导亲切接见学院“长江学者奖励计划”讲座教授麻小南.txt has been downloaded <<<
数学科学学院 - INFO	>>> cache/GMH/mathematics/2017年度“华罗庚奖学金”颁奖典礼在我院举行.txt has been downloaded <<<
数学科学学院 - WARNING	Page:https://math.ustc.edu.cn//2017/1201/c18649a393887/page.htm - Article and File are both empty! pass
数学科学学院 - INFO	>>> cache/GMH/mathematics/中国科大家长论坛2017年会之数学科学学院分论坛成功举行.txt has been downloaded <<<
数学科学学院 - INFO	>>> cache/GMH/mathematics/“庆祝中国科学技术大学成立六十周年―杰出校友数学论坛”之徐佩教授报告会.txt has been downloaded <<<
数学科学学院 - INFO	>>> cache/GMH/mathematics/数学科学学院勇夺校职工乒乓球赛男子团体第三名.txt has been downloaded <<<
数学科学学院 - INFO	>>> cache/GMH/mathematics/麻小南教授获得索菲▪热尔曼大奖.txt has been downloaded <<<
数学科学学院 - INFO	>>> cache/GMH/mathematics/数学科学学院召开2016-2017学年第二学期班主任工作考评会.txt has been downloaded <<<
数学科学学院 - INFO	>>> cache/GMH/mathematics/数学科学学院召开教学报告会.txt has been downloaded <<<
数学科学学院 - INFO	>>> cache/GMH/mathematics/数学科学学院党委开展全体党支部委员培训交流.txt has been downloaded <<<
数学科学学院 - INFO	>>> cache/GMH/mathematics/数学科学学院组织学习十九大精神与《党章》.txt has been downloaded <<<
数学科学学院 - INFO	>>> cache/GMH/mathematics/数学科学学院研究生基础及计算应用党支部顺利完成拆分.txt has been downloaded <<<
数学科学学院 - INFO	>>> cache/GMH/mathematics/数学科学学院各教工党支部完成换届选举工作.txt has been downloaded <<<
数学科学学院 - INFO	>>> cache/GMH/mathematics/逐梦青春，挥洒汗水，数院风采――记2017年体育运动会.txt has been downloaded <<<
数学科学学院 - INFO	>>> cache/GMH/mathematics/2017级数学科学学院本科生“新生交流会”成功举办.txt has been downloaded <<<
数学科学学院 - INFO	>>> cache/GMH/mathematics/“喜迎十九大，不忘初心跟党走”――数学科学学院教工支部主题党日活动.txt has been downloaded <<<
数学科学学院 - INFO	>>> cache/GMH/mathematics/数学科学学院师生集中观看中国共产党第十九次全国代表大会开幕会.txt has been downloaded <<<
数学科学学院 - INFO	>>> cache/GMH/mathematics/数学科学学院理论中心组学习近平总书记在全国科技创新大会的讲话精神.txt has been downloaded <<<
数学科学学院 - INFO	>>> cache/GMH/mathematics/数学科学学院组织集中学习近平总书记7.26重要讲话精神.txt has been downloaded <<<
数学科学学院 - INFO	>>> cache/GMH/mathematics/新生主题报告之――践行社会主义核心价值观，争做“六有”大学生.txt has been downloaded <<<
数学科学学院 - INFO	>>> cache/GMH/mathematics/数学科学学院2017级本科迎新工作顺利完成.txt has been downloaded <<<
数学科学学院 - INFO	>>> cache/GMH/mathematics/我校图形与几何计算实验室在顶级期刊上发表系列研究论文.txt has been downloaded <<<
数学科学学院 - INFO	>>> cache/GMH/mathematics/我院成功举办第六届计算机图形学前沿暑期课程.txt has been downloaded <<<
数学科学学院 - WARNING	Page:https://math.ustc.edu.cn//2017/0821/c18649a393866/page.htm - Article and File are both empty! pass
数学科学学院 - INFO	>>> cache/GMH/mathematics/数学科学学院召开中央巡视整改专题民主生活会.txt has been downloaded <<<
数学科学学院 - INFO	>>> cache/GMH/mathematics/数学科学学院成功举办“2017编码密码中的数学基础暑期班”.txt has been downloaded <<<
数学科学学院 - INFO	>>> cache/GMH/mathematics/学习廖俊波、黄大年同志先进事迹,立足岗位对党忠诚.txt has been downloaded <<<
数学科学学院 - INFO	>>> cache/GMH/mathematics/数学科学学院进行党委理论学习中心组第二次集中学习.txt has been downloaded <<<
数学科学学院 - INFO	>>> cache/GMH/mathematics/百名学子相聚科大，求知若渴筑梦青春――第七届大学生数学夏令营侧记.txt has been downloaded <<<
数学科学学院 - INFO	>>> cache/GMH/mathematics/学校巡视整改第七督导组赴数学科学学院开展督导工作.txt has been downloaded <<<
数学科学学院 - INFO	>>> cache/GMH/mathematics/中科院吴文俊数学重点实验室召开2017年度学术委员会暨学术年会.txt has been downloaded <<<
数学科学学院 - WARNING	Page:https://math.ustc.edu.cn//2017/0508/c18649a393857/page.htm - Article and File are both empty! pass
数学科学学院 - INFO	>>> cache/GMH/mathematics/沉痛悼念吴文俊院士.txt has been downloaded <<<
数学科学学院 - INFO	>>> cache/GMH/mathematics/数学科学学院举办推优入党介绍会.txt has been downloaded <<<
数学科学学院 - INFO	>>> cache/GMH/mathematics/数学科学学院各党支部积极开展集中学习.txt has been downloaded <<<
数学科学学院 - INFO	>>> cache/GMH/mathematics/数学院分党委组织教工支部主题党日活动.txt has been downloaded <<<
数学科学学院 - INFO	>>> cache/GMH/mathematics/数学科学学院分党委召开党委理论学习中心组学习会议.txt has been downloaded <<<
数学科学学院 - INFO	>>> cache/GMH/mathematics/数学科学学院分工会组织“庆祝国际劳动妇女节”活动.txt has been downloaded <<<
数学科学学院 - INFO	>>> cache/GMH/mathematics/杨元庆校友向中国科大捐赠1000万元教育基金.txt has been downloaded <<<
数学科学学院 - INFO	>>> cache/GMH/mathematics/“华龙班”与“华罗庚”相聚――《华罗庚治学思想精粹》新书报告会.txt has been downloaded <<<
数学科学学院 - INFO	>>> cache/GMH/mathematics/蒋一副书记参加数学科学学院领导班子民主生活会.txt has been downloaded <<<
数学科学学院 - INFO	>>> cache/GMH/mathematics/数学科学学院党委召开党支部考评交流会.txt has been downloaded <<<
数学科学学院 - INFO	>>> cache/GMH/mathematics/数学科学学院各党支部学习近平总书记“七一”讲话和长征讲话精神.txt has been downloaded <<<
数学科学学院 - INFO	>>> cache/GMH/mathematics/蒋一副书记为三个学院作“两学一做”专题党课报告.txt has been downloaded <<<
数学科学学院 - INFO	>>> cache/GMH/mathematics/数学科学学院举办2016年度班主任考核交流会.txt has been downloaded <<<
数学科学学院 - INFO	>>> cache/GMH/mathematics/数学科学学院党委集体学习十八届六中全会精神.txt has been downloaded <<<
数学科学学院 - INFO	>>> cache/GMH/mathematics/2016年度“华罗庚奖学金”颁奖典礼在我院举行.txt has been downloaded <<<
数学科学学院 - INFO	>>> cache/GMH/mathematics/数院张先得研究员获国际组合学及其应用协会Kirkman奖.txt has been downloaded <<<
数学科学学院 - INFO	>>> cache/GMH/mathematics/3D打印研究再获重大进展：实现机器人空间3D打印路径规划.txt has been downloaded <<<
数学科学学院 - WARNING	Page:https://math.ustc.edu.cn//_redirect?siteId=456&columnId=18649&articleId=393837 - Article and File are both empty! pass
数学科学学院 - INFO	>>> cache/GMH/mathematics/数学学院党委组织“不忘初心，继续前进”专题党课报告.txt has been downloaded <<<
数学科学学院 - INFO	>>> cache/GMH/mathematics/中科院数学与系统科学研究院王跃飞院长“漫谈数学的作用”.txt has been downloaded <<<
数学科学学院 - INFO	>>> cache/GMH/mathematics/我院学子在2016年学校体育运动大会上取得佳绩.txt has been downloaded <<<
数学科学学院 - INFO	>>> cache/GMH/mathematics/我校杨周旺教授团队荣获中国运筹学会科学技术奖运筹应用奖.txt has been downloaded <<<
数学科学学院 - INFO	>>> cache/GMH/mathematics/学院领导与2016级本科新生见面.txt has been downloaded <<<
数学科学学院 - INFO	>>> cache/GMH/mathematics/2016年“溯爱天际”迎新晚会成功举行.txt has been downloaded <<<
数学科学学院 - INFO	>>> cache/GMH/mathematics/数学科学学院举行2016级研究生新生入学教育.txt has been downloaded <<<
数学科学学院 - INFO	>>> cache/GMH/mathematics/青春飞扬，让梦闪光――记2016级本科新同学加入数院大家庭.txt has been downloaded <<<
数学科学学院 - INFO	>>> cache/GMH/mathematics/2016年数学科学学院“樱花科技计划”交流活动圆满结束.txt has been downloaded <<<
数学科学学院 - INFO	>>> cache/GMH/mathematics/我院成功举办第五届计算机图形学前沿暑期课程.txt has been downloaded <<<
数学科学学院 - INFO	>>> cache/GMH/mathematics/2016优秀大学生数学夏令营A营圆满结束.txt has been downloaded <<<
数学科学学院 - INFO	>>> cache/GMH/mathematics/第九届几何设计与计算学术会议在安徽合肥顺利召开.txt has been downloaded <<<
数学科学学院 - INFO	>>> cache/GMH/mathematics/高校学子拼搏进取，数院冷餐其乐融融.txt has been downloaded <<<
数学科学学院 - INFO	>>> cache/GMH/mathematics/数院、生院2016级新生班主任辅导员临时党支部举办“师徒制”交流会.txt has been downloaded <<<
数学科学学院 - INFO	>>> cache/GMH/mathematics/数学夏令营正式开营，“头脑风暴”席卷而来.txt has been downloaded <<<
数学科学学院 - INFO	>>> cache/GMH/mathematics/第六届优秀大学生数学夏令营拉开帷幕.txt has been downloaded <<<
数学科学学院 - INFO	>>> cache/GMH/mathematics/数学科学学院学生党支部会议暨新任党支部骨干培训会顺利举行.txt has been downloaded <<<
数学科学学院 - INFO	>>> cache/GMH/mathematics/数学科学学院研究生党支部重组大会.txt has been downloaded <<<
数学科学学院 - INFO	>>> cache/GMH/mathematics/2016年数学科学学院教工党支部主题党日活动顺利举行.txt has been downloaded <<<
数学科学学院 - INFO	>>> cache/GMH/mathematics/科技反哺社会，数学助力教育.txt has been downloaded <<<
数学科学学院 - INFO	>>> cache/GMH/mathematics/数学科学学院“我的大学”生涯规划系列活动之培养方案介绍会.txt has been downloaded <<<
数学科学学院 - INFO	>>> cache/GMH/mathematics/数学科学学院教工第三党支部开展“两学一做”学习讨论会.txt has been downloaded <<<
数学科学学院 - INFO	>>> cache/GMH/mathematics/数学科学学院教工第二党支部开展“两学一做”专题党课.txt has been downloaded <<<
数学科学学院 - INFO	>>> cache/GMH/mathematics/数学科学学院举行学生工作阶段汇报.txt has been downloaded <<<
数学科学学院 - INFO	>>> cache/GMH/mathematics/数学科学学院举行严加安院士主题报告会.txt has been downloaded <<<
数学科学学院 - INFO	>>> cache/GMH/mathematics/数学科学学院举行“认真学习党章,做合格党员”专题学习报告.txt has been downloaded <<<
数学科学学院 - INFO	>>> cache/GMH/mathematics/数学科学学院分党委安排部署年度党建工作与“两学一做”学习教育活动.txt has been downloaded <<<
数学科学学院 - INFO	>>> cache/GMH/mathematics/数学科学学院教工第一党支部举行“两学一做”集中学习.txt has been downloaded <<<
数学科学学院 - INFO	>>> cache/GMH/mathematics/数学科学学院召开2016年春季学期本科生教学座谈会.txt has been downloaded <<<
数学科学学院 - INFO	>>> cache/GMH/mathematics/3D打印研究再获重大进展：实现快速和廉价制造大物体的技术.txt has been downloaded <<<
数学科学学院 - INFO	>>> cache/GMH/mathematics/中国科大发明流形曲面的一致稀疏表达的新方法.txt has been downloaded <<<
数学科学学院 - INFO	>>> cache/GMH/mathematics/2016中国科大春季几何分析会议顺利召开.txt has been downloaded <<<
数学科学学院 - INFO	>>> cache/GMH/mathematics/2016年中科大动力系统研讨会顺利召开.txt has been downloaded <<<
数学科学学院 - WARNING	Page:https://math.ustc.edu.cn//2016/0322/c18649a393802/page.htm - Article and File are both empty! pass
数学科学学院 - INFO	>>> cache/GMH/mathematics/数学科学学院新一轮人才引进会议成功召开.txt has been downloaded <<<
数学科学学院 - INFO	>>> cache/GMH/mathematics/学院筹建本科学生工作委员会并召开第一次会议.txt has been downloaded <<<
数学科学学院 - INFO	>>> cache/GMH/mathematics/数学科学学院召开民主生活会――本科生专场.txt has been downloaded <<<
数学科学学院 - INFO	>>> cache/GMH/mathematics/学院召开民主生活会.txt has been downloaded <<<
数学科学学院 - INFO	>>> cache/GMH/mathematics/2015年华罗庚班研讨会顺利召开.txt has been downloaded <<<
数学科学学院 - INFO	>>> cache/GMH/mathematics/数学科学学院2015级同学学习十八届五中全会精神.txt has been downloaded <<<
数学科学学院 - INFO	>>> cache/GMH/mathematics/2015年数学科学学院教工党支部主题党日活动顺利举行.txt has been downloaded <<<
数学科学学院 - INFO	>>> cache/GMH/mathematics/我校学子在第六届丘成桐大学生数学竞赛中再创佳绩.txt has been downloaded <<<
数学科学学院 - INFO	>>> cache/GMH/mathematics/我院成功举办第四届计算机图形学前沿暑期课程.txt has been downloaded <<<
数学科学学院 - INFO	>>> cache/GMH/mathematics/“3D打印中的计算机图形学研究”研讨会在中国科学技术大学成功召开.txt has been downloaded <<<
数学科学学院 - INFO	>>> cache/GMH/mathematics/我校学子在第六届全国大学生数学竞赛中取得佳绩.txt has been downloaded <<<
数学科学学院 - INFO	>>> cache/GMH/mathematics/我院图形与几何计算实验室在顶级期刊上发表系列研究论文.txt has been downloaded <<<
数学科学学院 - INFO	>>> cache/GMH/mathematics/我校学子获得丘成桐大学生数学竞赛金奖.txt has been downloaded <<<
数学科学学院 - INFO	>>> cache/GMH/mathematics/华罗庚英才班郑鹏和赵一臻同学被法国巴黎高师录取.txt has been downloaded <<<
数学科学学院 - INFO	>>> cache/GMH/mathematics/全国多复变学术年会在我校成功举办.txt has been downloaded <<<
数学科学学院 - INFO	>>> cache/GMH/mathematics/我院成功举办第三届计算机图形学前沿暑期课程.txt has been downloaded <<<
数学科学学院 - INFO	>>> cache/GMH/mathematics/我院成功举办ICTP微分几何暑期学校.txt has been downloaded <<<
数学科学学院 - INFO	>>> cache/GMH/mathematics/学院召开院务会议布置近期工作.txt has been downloaded <<<
数学科学学院 - INFO	>>> cache/GMH/mathematics/我院图形与几何计算实验室在顶级计算机类期刊上发表研究论文.txt has been downloaded <<<
数学科学学院 - INFO	>>> cache/GMH/mathematics/我校成功承办第五届全国大学生数学竞赛.txt has been downloaded <<<
数学科学学院 - INFO	>>> cache/GMH/mathematics/我院张伟、季良月荣获2013年度中国科学院优秀博士学位论文奖.txt has been downloaded <<<
数学科学学院 - INFO	>>> cache/GMH/mathematics/我院成功举办上海金融与交叉学科建设研讨会.txt has been downloaded <<<
数学科学学院 - INFO	>>> cache/GMH/mathematics/CMS召开第一届编委会第三次会议.txt has been downloaded <<<
数学科学学院 - INFO	>>> cache/GMH/mathematics/我院叶向东教授荣获第十四届陈省身数学奖.txt has been downloaded <<<
数学科学学院 - INFO	>>> cache/GMH/mathematics/图形与几何计算实验室在三维打印领域取得重要研究进展.txt has been downloaded <<<
数学科学学院 - INFO	>>> cache/GMH/mathematics/我院4位校友获第27届国际数学家大会报告邀请.txt has been downloaded <<<
数学科学学院 - INFO	>>> cache/GMH/mathematics/美国科学与艺术学院院士林芳华教授一行访问我院.txt has been downloaded <<<
数学科学学院 - INFO	>>> cache/GMH/mathematics/国家数学与交叉科学中心合肥分中心第一届学术委员会召开第二次会议.txt has been downloaded <<<
数学科学学院 - INFO	>>> cache/GMH/mathematics/我院代表团赴美参加SIAM开展人才招聘.txt has been downloaded <<<
数学科学学院 - INFO	>>> cache/GMH/mathematics/我院两位同学被法国巴黎高等师范学校录取.txt has been downloaded <<<
数学科学学院 - INFO	>>> cache/GMH/mathematics/我院成功举办首届国家基础科学人才基地大学生研究计划交流会.txt has been downloaded <<<
数学科学学院 - INFO	>>> cache/GMH/mathematics/我院成功举办第二届计算机图形学前沿暑期课程.txt has been downloaded <<<
数学科学学院 - INFO	>>> cache/GMH/mathematics/客座教授HenningKrause访问我院.txt has been downloaded <<<
数学科学学院 - INFO	>>> cache/GMH/mathematics/CMS召开第一届编委会第二次会议.txt has been downloaded <<<
数学科学学院 - INFO	>>> cache/GMH/mathematics/美国科学院院士张圣容教授和杨建平教授访问数学科学学院.txt has been downloaded <<<
数学科学学院 - INFO	>>> cache/GMH/mathematics/吴文俊重点实验室召开第一届学术委员会第三次会议.txt has been downloaded <<<
数学科学学院 - INFO	>>> cache/GMH/mathematics/我院乒乓球队在学校第十届乒乓球比赛中取得佳绩.txt has been downloaded <<<
数学科学学院 - INFO	>>> cache/GMH/mathematics/我院召开校青年创新基金进展汇报交流会.txt has been downloaded <<<
数学科学学院 - INFO	>>> cache/GMH/mathematics/我校学子在第四届全国大学生数学竞赛决赛中获得佳绩.txt has been downloaded <<<
数学科学学院 - WARNING	Page:https://math.ustc.edu.cn//2013/0409/c18649a393761/page.htm - Article and File are both empty! pass
数学科学学院 - INFO	>>> cache/GMH/mathematics/学院工会开展丰富多彩的体育健身活动.txt has been downloaded <<<
数学科学学院 - INFO	>>> cache/GMH/mathematics/数学科学学院召开青年教师科研产出动员会.txt has been downloaded <<<
数学科学学院 - INFO	>>> cache/GMH/mathematics/2012椭圆偏微分方程及几何应用会议成功举办.txt has been downloaded <<<
数学科学学院 - INFO	>>> cache/GMH/mathematics/我院学生合唱队荣获2012年纪念“一二•九”歌咏大会一等奖.txt has been downloaded <<<
数学科学学院 - INFO	>>> cache/GMH/mathematics/青年教师学术交流会暨全院教师大会成功举行.txt has been downloaded <<<
数学科学学院 - INFO	>>> cache/GMH/mathematics/四位校友入选美国数学学会会士.txt has been downloaded <<<
数学科学学院 - INFO	>>> cache/GMH/mathematics/数学科学学院举办退休教师座谈会.txt has been downloaded <<<
数学科学学院 - INFO	>>> cache/GMH/mathematics/中国工业与应用数学学会第十二届年会成功举行.txt has been downloaded <<<
数学科学学院 - INFO	>>> cache/GMH/mathematics/2012年复几何与辛几何会议成功举办.txt has been downloaded <<<
数学科学学院 - INFO	>>> cache/GMH/mathematics/中美院士共同访问数学科学学院.txt has been downloaded <<<
数学科学学院 - INFO	>>> cache/GMH/mathematics/我院研究生宫成荣获2011-2012年度“百人会英才奖”.txt has been downloaded <<<
数学科学学院 - INFO	>>> cache/GMH/mathematics/CommunicationsinMathematicsandStatistics编委会第一次会议成功召开.txt has been downloaded <<<
数学科学学院 - INFO	>>> cache/GMH/mathematics/数学科学学院与施普林格出版社正式签约.txt has been downloaded <<<
数学科学学院 - INFO	>>> cache/GMH/mathematics/吴文俊重点实验室第一届学术委员会第二次会议成功召开.txt has been downloaded <<<
数学科学学院 - INFO	>>> cache/GMH/mathematics/宁拙毋巧，宁朴毋华――葛墨林院士与同学交流学习与研究.txt has been downloaded <<<
数学科学学院 - INFO	>>> cache/GMH/mathematics/李安民院士和陈柏辉教授应邀来我院讲座.txt has been downloaded <<<
数学科学学院 - INFO	>>> cache/GMH/mathematics/数学科学学院与俄罗斯斯特克洛夫数学研究所签署合作协议.txt has been downloaded <<<
